2023-12-05 02:18:20 (ERROR): Unable to open Pathmatrix file for reading (filename: 'de_dust2.pmx').
2023-12-05 02:18:23 (ERROR): Unable to open Visibility file for reading (filename: 'de_dust2.vis').
2023-12-05 02:18:23 (ERROR): Unable to open Practice file for reading (filename: 'de_dust2.prc').
2023-12-05 02:20:47 (ERROR): Unable to open Pathmatrix file for reading (filename: 'cs_assault.pmx').
2023-12-05 02:20:49 (ERROR): Unable to open Visibility file for reading (filename: 'cs_assault.vis').
2023-12-05 02:20:49 (ERROR): Unable to open Practice file for reading (filename: 'cs_assault.prc').
2023-12-05 02:26:50 (ERROR): Unable to open Practice file for reading (filename: 'cs_assault.prc').
2023-12-05 02:31:26 (ERROR): Unable to open Practice file for reading (filename: 'de_dust2.prc').
2023-12-05 02:38:15 (ERROR): Unable to open Practice file for reading (filename: 'de_dust2.prc').
2023-12-05 05:59:39 (INFO): Bots chatter communication disabled.
2023-12-05 05:59:39 (ERROR): Unable to open Practice file for reading (filename: 'de_dust2.prc').
2023-12-05 06:13:13 (INFO): Bots chatter communication disabled.
2023-12-05 06:17:38 (INFO): Bots chatter communication disabled.
2023-12-05 06:20:32 (INFO): Bots chatter communication disabled.
2023-12-05 06:39:52 (INFO): Bots chatter communication disabled.
2023-12-05 06:41:17 (INFO): Bots chatter communication disabled.
2023-12-05 06:46:07 (INFO): Bots chatter communication disabled.
2023-12-05 06:49:29 (INFO): Bots chatter communication disabled.
2023-12-05 06:50:15 (INFO): Bots chatter communication disabled.
2023-12-05 06:56:21 (INFO): Bots chatter communication disabled.
2023-12-05 07:05:28 (INFO): Bots chatter communication disabled.
2023-12-05 07:07:32 (INFO): Bots chatter communication disabled.
2023-12-05 07:29:51 (INFO): Bots chatter communication disabled.
2023-12-06 02:10:56 (INFO): Bots chatter communication disabled.
2023-12-06 02:15:00 (INFO): Bots chatter communication disabled.
