L 01/19/2013 - 23:53:45: Log file started (file "logs\L0119000.log") (game "cstrike") (version "48/1.1.2.6/4554")
L 01/19/2013 - 23:53:45: Server cvar "mp_autokick" = "0"
L 01/19/2013 - 23:53:45: Server cvar "mp_autoteambalance" = "0"
L 01/19/2013 - 23:53:45: Server cvar "mp_flashlight" = "1"
L 01/19/2013 - 23:53:45: Server cvar "mp_freezetime" = "0"
L 01/19/2013 - 23:53:45: Server cvar "mp_limitteams" = "0"
L 01/19/2013 - 23:53:45: Server cvar "mp_timelimit" = "20"
L 01/19/2013 - 23:53:45: Server cvar "sv_aim" = "0"
L 01/19/2013 - 23:53:45: Server cvar "sv_maxspeed" = "320"
L 01/19/2013 - 23:53:45: Server cvar "sv_maxrate" = "25000"
L 01/19/2013 - 23:53:45: Server cvar "sv_alltalk" = "1"
L 01/19/2013 - 23:53:53: World triggered "Round_Start"
L 01/19/2013 - 23:54:17: [DPROTO]: Client 0 - Set AuthIdType 1 [dp_SteamEmu]; pClient = 05B914A0
L 01/19/2013 - 23:54:17: "LiKeee<1><STEAM_0:0:1904474522><>" connected, address "46.181.130.173:27005"
L 01/19/2013 - 23:54:22: [DPROTO]: Client 0 - Set AuthIdType 1 [dp_SteamEmu]; pClient = 05B914A0
L 01/19/2013 - 23:54:22: "LiKeee<2><STEAM_0:0:1904474522><>" connected, address "46.181.130.173:27005"
L 01/19/2013 - 23:54:25: "LiKeee<2><STEAM_0:0:1904474522><>" entered the game
L 01/19/2013 - 23:54:28: "LiKeee<2><STEAM_0:0:1904474522><>" joined team "TERRORIST"
L 01/19/2013 - 23:54:28: "LiKeee<2><STEAM_0:0:1904474522><TERRORIST>" triggered "Spawned_With_The_Bomb"
L 01/19/2013 - 23:54:28: "LiKeee<2><STEAM_0:0:1904474522><TERRORIST>" triggered "Dropped_The_Bomb"
L 01/19/2013 - 23:54:40: "LiKeee<2><STEAM_0:0:1904474522><TERRORIST>" say "/bindhelp"
L 01/19/2013 - 23:55:03: "LiKeee<2><STEAM_0:0:1904474522><TERRORIST>" say "/lm"
L 01/19/2013 - 23:55:53: "LiKeee<2><STEAM_0:0:1904474522><TERRORIST>" committed suicide with "world"
L 01/19/2013 - 23:55:53: World triggered "Round_Draw" (CT "0") (T "0")
L 01/19/2013 - 23:55:53: World triggered "Round_End"
L 01/19/2013 - 23:55:53: "LiKeee<2><STEAM_0:0:1904474522><TERRORIST>" joined team "SPECTATOR"
L 01/19/2013 - 23:55:58: World triggered "Round_Start"
L 01/19/2013 - 23:56:40: "LiKeee<2><STEAM_0:0:1904474522><SPECTATOR>" disconnected
L 01/19/2013 - 23:56:40: World triggered "Round_Draw" (CT "0") (T "0")
L 01/19/2013 - 23:56:40: World triggered "Round_End"
L 01/19/2013 - 23:56:40: [DPROTO]: Client 0 - Set AuthIdType 1 [dp_SteamEmu]; pClient = 05B914A0
L 01/19/2013 - 23:56:40: "LiKeee<3><STEAM_0:0:1904474522><>" connected, address "46.181.130.173:27005"
L 01/19/2013 - 23:56:42: "LiKeee<3><STEAM_0:0:1904474522><>" entered the game
L 01/19/2013 - 23:56:43: "LiKeee<3><STEAM_0:0:1904474522><>" joined team "CT"
L 01/19/2013 - 23:56:45: World triggered "Round_Start"
L 01/19/2013 - 23:57:18: "LiKeee<3><STEAM_0:0:1904474522><CT>" say "/shop"
L 01/19/2013 - 23:58:08: "LiKeee<3><STEAM_0:0:1904474522><CT>" committed suicide with "world"
L 01/19/2013 - 23:58:08: World triggered "Round_Draw" (CT "0") (T "0")
L 01/19/2013 - 23:58:08: World triggered "Round_End"
L 01/19/2013 - 23:58:08: "LiKeee<3><STEAM_0:0:1904474522><CT>" joined team "SPECTATOR"
L 01/19/2013 - 23:58:13: World triggered "Round_Start"
L 01/20/2013 - 00:13:44: Team "CT" scored "0" with "0" players
L 01/20/2013 - 00:13:44: Team "TERRORIST" scored "0" with "0" players
L 01/20/2013 - 00:13:44: Server cvar "mp_chattime" = "12"
L 01/20/2013 - 00:13:54: Server cvar "mp_chattime" = "10"
L 01/20/2013 - 00:13:54: [META] ini: Begin re-reading plugins list: d:/Сервер/csdm+guns+lm/csdm+guns+lm/cstrike/addons/metamod/plugins.ini
L 01/20/2013 - 00:13:54: [META] ini: Read plugin config for: AMX Mod X
L 01/20/2013 - 00:13:54: [META] ini: Read plugin config for: dproto
L 01/20/2013 - 00:13:54: [META] ini: Read plugin config for: mmtimer
L 01/20/2013 - 00:13:54: [META] ini: Finished reading plugins list: d:/Сервер/csdm+guns+lm/csdm+guns+lm/cstrike/addons/metamod/plugins.ini; Found 3 plugins
L 01/20/2013 - 00:13:54: [META] dll: Updating plugins...
L 01/20/2013 - 00:13:54: [META] dll: Finished updating 10 plugins; kept 3, loaded 0, unloaded 0, reloaded 0, delayed 0
L 01/20/2013 - 00:13:54: Log file closed
