L 01/26/2013 - 23:53:40: Log file started (file "logs\L0126029.log") (game "cstrike") (version "48/1.1.2.6/4554")
L 01/26/2013 - 23:53:40: Loading map "de_cbble"
L 01/26/2013 - 23:53:40: Server cvars start
L 01/26/2013 - 23:53:40: Server cvar "_tutor_bomb_viewable_check_interval" = "0.5"
L 01/26/2013 - 23:53:40: Server cvar "_tutor_debug_level" = "0"
L 01/26/2013 - 23:53:40: Server cvar "_tutor_examine_time" = "0.5"
L 01/26/2013 - 23:53:40: Server cvar "_tutor_hint_interval_time" = "10.0"
L 01/26/2013 - 23:53:40: Server cvar "_tutor_look_angle" = "10"
L 01/26/2013 - 23:53:40: Server cvar "_tutor_look_distance" = "200"
L 01/26/2013 - 23:53:40: Server cvar "_tutor_message_character_display_time_coefficient" = "0.07"
L 01/26/2013 - 23:53:40: Server cvar "_tutor_message_minimum_display_time" = "1"
L 01/26/2013 - 23:53:40: Server cvar "_tutor_message_repeats" = "5"
L 01/26/2013 - 23:53:40: Server cvar "_tutor_view_distance" = "1000"
L 01/26/2013 - 23:53:40: Server cvar "allow_spectators" = "1.0"
L 01/26/2013 - 23:53:40: Server cvar "amx_client_languages" = "0"
L 01/26/2013 - 23:53:40: Server cvar "amx_language" = "ru"
L 01/26/2013 - 23:53:40: Server cvar "amx_nextmap" = "de_dust"
L 01/26/2013 - 23:53:40: Server cvar "amx_timeleft" = "09:48"
L 01/26/2013 - 23:53:40: Server cvar "amxmodx_version" = "1.8.2-dev"
L 01/26/2013 - 23:53:40: Server cvar "coop" = "0"
L 01/26/2013 - 23:53:40: Server cvar "csdm_active" = "1"
L 01/26/2013 - 23:53:40: Server cvar "csdm_version" = "2.1.2"
L 01/26/2013 - 23:53:40: Server cvar "deathmatch" = "1"
L 01/26/2013 - 23:53:40: Server cvar "decalfrequency" = "30"
L 01/26/2013 - 23:53:40: Server cvar "dp_version" = "0.9.122"
L 01/26/2013 - 23:53:40: Server cvar "edgefriction" = "2"
L 01/26/2013 - 23:53:40: Server cvar "hostage_debug" = "0"
L 01/26/2013 - 23:53:40: Server cvar "hostage_stop" = "0"
L 01/26/2013 - 23:53:40: Server cvar "humans_join_team" = "any"
L 01/26/2013 - 23:53:40: Server cvar "max_queries_sec" = "3.0"
L 01/26/2013 - 23:53:40: Server cvar "max_queries_sec_global" = "30"
L 01/26/2013 - 23:53:40: Server cvar "max_queries_window" = "60"
L 01/26/2013 - 23:53:40: Server cvar "metamod_version" = "1.19p32"
L 01/26/2013 - 23:53:40: Server cvar "mp_allowmonsters" = "0"
L 01/26/2013 - 23:53:40: Server cvar "mp_autokick" = "0"
L 01/26/2013 - 23:53:40: Server cvar "mp_autoteambalance" = "0"
L 01/26/2013 - 23:53:40: Server cvar "mp_buytime" = "1.5"
L 01/26/2013 - 23:53:40: Server cvar "mp_c4timer" = "45"
L 01/26/2013 - 23:53:40: Server cvar "mp_chattime" = "10"
L 01/26/2013 - 23:53:40: Server cvar "mp_consistency" = "1"
L 01/26/2013 - 23:53:40: Server cvar "mp_fadetoblack" = "0"
L 01/26/2013 - 23:53:40: Server cvar "mp_flashlight" = "1"
L 01/26/2013 - 23:53:40: Server cvar "mp_footsteps" = "1"
L 01/26/2013 - 23:53:40: Server cvar "mp_forcecamera" = "0"
L 01/26/2013 - 23:53:40: Server cvar "mp_forcechasecam" = "0"
L 01/26/2013 - 23:53:40: Server cvar "mp_fragsleft" = "0"
L 01/26/2013 - 23:53:40: Server cvar "mp_freeforall" = "0"
L 01/26/2013 - 23:53:40: Server cvar "mp_freezetime" = "0"
L 01/26/2013 - 23:53:40: Server cvar "mp_friendlyfire" = "0"
L 01/26/2013 - 23:53:40: Server cvar "mp_ghostfrequency" = "0.1"
L 01/26/2013 - 23:53:40: Server cvar "mp_hostagepenalty" = "13"
L 01/26/2013 - 23:53:40: Server cvar "mp_kickpercent" = "0.66"
L 01/26/2013 - 23:53:40: Server cvar "mp_limitteams" = "0"
L 01/26/2013 - 23:53:40: Server cvar "mp_logdetail" = "0"
L 01/26/2013 - 23:53:40: Server cvar "mp_logfile" = "1"
L 01/26/2013 - 23:53:40: Server cvar "mp_logmessages" = "1"
L 01/26/2013 - 23:53:40: Server cvar "mp_mapvoteratio" = "0.66"
L 01/26/2013 - 23:53:40: Server cvar "mp_maxrounds" = "0"
L 01/26/2013 - 23:53:40: Server cvar "mp_mirrordamage" = "0"
L 01/26/2013 - 23:53:40: Server cvar "mp_playerid" = "0"
L 01/26/2013 - 23:53:40: Server cvar "mp_roundtime" = "5"
L 01/26/2013 - 23:53:40: Server cvar "mp_startmoney" = "800"
L 01/26/2013 - 23:53:40: Server cvar "mp_timeleft" = "0"
L 01/26/2013 - 23:53:40: Server cvar "mp_timelimit" = "20"
L 01/26/2013 - 23:53:40: Server cvar "mp_tkpunish" = "0"
L 01/26/2013 - 23:53:40: Server cvar "mp_windifference" = "1"
L 01/26/2013 - 23:53:40: Server cvar "mp_winlimit" = "0"
L 01/26/2013 - 23:53:40: Server cvar "pausable" = "0"
L 01/26/2013 - 23:53:40: Server cvar "statsx_shell_ver" = "2.0.0 (BETA)"
L 01/26/2013 - 23:53:40: Server cvar "sv_accelerate" = "5"
L 01/26/2013 - 23:53:40: Server cvar "sv_aim" = "0"
L 01/26/2013 - 23:53:40: Server cvar "sv_airaccelerate" = "10"
L 01/26/2013 - 23:53:40: Server cvar "sv_airmove" = "1"
L 01/26/2013 - 23:53:40: Server cvar "sv_allowupload" = "1"
L 01/26/2013 - 23:53:40: Server cvar "sv_alltalk" = "1"
L 01/26/2013 - 23:53:40: Server cvar "sv_bounce" = "1"
L 01/26/2013 - 23:53:40: Server cvar "sv_cheats" = "0"
L 01/26/2013 - 23:53:40: Server cvar "sv_clienttrace" = "1"
L 01/26/2013 - 23:53:40: Server cvar "sv_clipmode" = "0"
L 01/26/2013 - 23:53:40: Server cvar "sv_contact" = ""
L 01/26/2013 - 23:53:40: Server cvar "sv_friction" = "4"
L 01/26/2013 - 23:53:40: Server cvar "sv_gravity" = "800"
L 01/26/2013 - 23:53:40: Server cvar "sv_logblocks" = "0"
L 01/26/2013 - 23:53:40: Server cvar "sv_maxrate" = "25000"
L 01/26/2013 - 23:53:40: Server cvar "sv_maxspeed" = "900"
L 01/26/2013 - 23:53:40: Server cvar "sv_minrate" = "0"
L 01/26/2013 - 23:53:40: Server cvar "sv_password" = ""
L 01/26/2013 - 23:53:40: Server cvar "sv_proxies" = "1"
L 01/26/2013 - 23:53:40: Server cvar "sv_region" = "-1"
L 01/26/2013 - 23:53:40: Server cvar "sv_restart" = "0"
L 01/26/2013 - 23:53:40: Server cvar "sv_restartround" = "0"
L 01/26/2013 - 23:53:40: Server cvar "sv_stepsize" = "18"
L 01/26/2013 - 23:53:40: Server cvar "sv_stopspeed" = "75"
L 01/26/2013 - 23:53:40: Server cvar "sv_uploadmax" = "0.5"
L 01/26/2013 - 23:53:40: Server cvar "sv_voiceenable" = "1"
L 01/26/2013 - 23:53:40: Server cvar "sv_wateraccelerate" = "10"
L 01/26/2013 - 23:53:40: Server cvar "sv_waterfriction" = "1"
L 01/26/2013 - 23:53:40: Server cvar "wallblocker_author" = ""
L 01/26/2013 - 23:53:40: Server cvar "wallblocker_enable" = "1"
L 01/26/2013 - 23:53:40: Server cvar "wallblocker_version" = "4.5"
L 01/26/2013 - 23:53:40: Server cvars end
L 01/26/2013 - 23:53:40: Server cvar "amx_nextmap" = "cs_assault"
L 01/26/2013 - 23:53:40: Started map "de_cbble" (CRC "-1930361776")
L 01/26/2013 - 23:53:41: World triggered "Round_Start"
L 01/26/2013 - 23:53:41: ".<34><BOT><>" entered the game
L 01/26/2013 - 23:53:41: ".<34><BOT><>" joined team "TERRORIST"
L 01/26/2013 - 23:53:41: ":<35><BOT><>" entered the game
L 01/26/2013 - 23:53:41: ":<35><BOT><>" joined team "CT"
L 01/26/2013 - 23:53:43: "LiKeee<31><STEAM_0:0:1904474522><>" entered the game
L 01/26/2013 - 23:53:44: "LiKeee<31><STEAM_0:0:1904474522><>" joined team "TERRORIST"
L 01/26/2013 - 23:53:45: ".<34><BOT><TERRORIST>" triggered "Spawned_With_The_Bomb"
L 01/26/2013 - 23:53:46: "Player<33><STEAM_0:0:913028420><>" entered the game
L 01/26/2013 - 23:53:49: "Player<33><STEAM_0:0:913028420><>" joined team "CT"
L 01/26/2013 - 23:53:49: World triggered "Game_Commencing"
L 01/26/2013 - 23:53:49: World triggered "Game_Commencing" (CT "0") (T "0")
L 01/26/2013 - 23:53:49: World triggered "Round_End"
L 01/26/2013 - 23:53:52: World triggered "Round_Start"
L 01/26/2013 - 23:54:04: Server cvar "sv_restartround" = "1"
L 01/26/2013 - 23:54:05: World triggered "Restart_Round_(1_second)"
L 01/26/2013 - 23:54:05: Team "CT" scored "0" with "2" players
L 01/26/2013 - 23:54:05: Team "TERRORIST" scored "0" with "2" players
L 01/26/2013 - 23:54:05: Server cvar "sv_restartround" = "0"
L 01/26/2013 - 23:54:06: World triggered "Round_Start"
L 01/26/2013 - 23:55:31: "Player<33><STEAM_0:0:913028420><CT>" killed "LiKeee<31><STEAM_0:0:1904474522><TERRORIST>" with "m4a1"
L 01/26/2013 - 23:56:48: "Player<33><STEAM_0:0:913028420><CT>" killed "LiKeee<31><STEAM_0:0:1904474522><TERRORIST>" with "m4a1"
L 01/26/2013 - 23:57:19: "Player<33><STEAM_0:0:913028420><CT>" committed suicide with "worldspawn" (world)
L 01/26/2013 - 23:58:32: "Player<33><STEAM_0:0:913028420><CT>" killed "LiKeee<31><STEAM_0:0:1904474522><TERRORIST>" with "m4a1"
L 01/26/2013 - 23:59:50: "Player<33><STEAM_0:0:913028420><CT>" say "rtv"
L 01/27/2013 - 00:01:36: "LiKeee<31><STEAM_0:0:1904474522><TERRORIST>" committed suicide with "world"
L 01/27/2013 - 00:01:36: "Player<33><STEAM_0:0:913028420><CT>" committed suicide with "world"
L 01/27/2013 - 00:03:54: "LiKeee<31><STEAM_0:0:1904474522><TERRORIST>" say "sentry_menu"
L 01/27/2013 - 00:04:26: "LiKeee<31><STEAM_0:0:1904474522><TERRORIST>" say "sentry_menu"
L 01/27/2013 - 00:04:38: "LiKeee<31><STEAM_0:0:1904474522><TERRORIST>" say "sentry_menu"
L 01/27/2013 - 00:05:38: "LiKeee<31><STEAM_0:0:1904474522><TERRORIST>" committed suicide with "world"
L 01/27/2013 - 00:06:19: "LiKeee<31><STEAM_0:0:1904474522><TERRORIST>" committed suicide with "world"
L 01/27/2013 - 00:06:19: "LiKeee<31><STEAM_0:0:1904474522><TERRORIST>" joined team "CT"
L 01/27/2013 - 00:09:17: "Player<33><STEAM_0:0:913028420><CT>" committed suicide with "grenade"
L 01/27/2013 - 00:09:17: "Player<33><STEAM_0:0:913028420><CT>" committed suicide with "grenade"
L 01/27/2013 - 00:11:44: "LiKeee<31><STEAM_0:0:1904474522><CT>" committed suicide with "world"
L 01/27/2013 - 00:12:24: Server cvar "amx_nextmap" = "de_dust2"
L 01/27/2013 - 00:14:06: Team "CT" scored "0" with "3" players
L 01/27/2013 - 00:14:06: Team "TERRORIST" scored "0" with "1" players
L 01/27/2013 - 00:14:06: Server cvar "mp_chattime" = "12"
L 01/27/2013 - 00:14:16: Server cvar "mp_chattime" = "10"
L 01/27/2013 - 00:14:16: [META] ini: Begin re-reading plugins list: d:/Сервер/csdm+guns+lm/csdm+guns+lm/cstrike/addons/metamod/plugins.ini
L 01/27/2013 - 00:14:16: [META] ini: Read plugin config for: AMX Mod X
L 01/27/2013 - 00:14:16: [META] ini: Read plugin config for: dproto
L 01/27/2013 - 00:14:16: [META] ini: Read plugin config for: mmtimer
L 01/27/2013 - 00:14:16: [META] ini: Finished reading plugins list: d:/Сервер/csdm+guns+lm/csdm+guns+lm/cstrike/addons/metamod/plugins.ini; Found 3 plugins
L 01/27/2013 - 00:14:16: [META] dll: Updating plugins...
L 01/27/2013 - 00:14:16: [META] dll: Finished updating 10 plugins; kept 3, loaded 0, unloaded 0, reloaded 0, delayed 0
L 01/27/2013 - 00:14:16: Log file closed
