L 01/22/2013 - 22:36:10: Log file started (file "logs\L0122027.log") (game "cstrike") (version "48/1.1.2.6/4554")
L 01/22/2013 - 22:36:10: Loading map "de_train"
L 01/22/2013 - 22:36:10: Server cvars start
L 01/22/2013 - 22:36:10: Server cvar "_tutor_bomb_viewable_check_interval" = "0.5"
L 01/22/2013 - 22:36:10: Server cvar "_tutor_debug_level" = "0"
L 01/22/2013 - 22:36:10: Server cvar "_tutor_examine_time" = "0.5"
L 01/22/2013 - 22:36:10: Server cvar "_tutor_hint_interval_time" = "10.0"
L 01/22/2013 - 22:36:10: Server cvar "_tutor_look_angle" = "10"
L 01/22/2013 - 22:36:10: Server cvar "_tutor_look_distance" = "200"
L 01/22/2013 - 22:36:10: Server cvar "_tutor_message_character_display_time_coefficient" = "0.07"
L 01/22/2013 - 22:36:10: Server cvar "_tutor_message_minimum_display_time" = "1"
L 01/22/2013 - 22:36:10: Server cvar "_tutor_message_repeats" = "5"
L 01/22/2013 - 22:36:10: Server cvar "_tutor_view_distance" = "1000"
L 01/22/2013 - 22:36:10: Server cvar "allow_spectators" = "1.0"
L 01/22/2013 - 22:36:10: Server cvar "amx_client_languages" = "0"
L 01/22/2013 - 22:36:10: Server cvar "amx_language" = "ru"
L 01/22/2013 - 22:36:10: Server cvar "amx_nextmap" = "de_train"
L 01/22/2013 - 22:36:10: Server cvar "amx_timeleft" = "00:00"
L 01/22/2013 - 22:36:10: Server cvar "amxmodx_version" = "1.8.2-dev"
L 01/22/2013 - 22:36:10: Server cvar "coop" = "0"
L 01/22/2013 - 22:36:10: Server cvar "csdm_active" = "1"
L 01/22/2013 - 22:36:10: Server cvar "csdm_version" = "2.1.2"
L 01/22/2013 - 22:36:10: Server cvar "deathmatch" = "1"
L 01/22/2013 - 22:36:10: Server cvar "decalfrequency" = "30"
L 01/22/2013 - 22:36:10: Server cvar "dp_version" = "0.9.122"
L 01/22/2013 - 22:36:10: Server cvar "dr_shop_version" = "1.0"
L 01/22/2013 - 22:36:10: Server cvar "edgefriction" = "2"
L 01/22/2013 - 22:36:10: Server cvar "hostage_debug" = "0"
L 01/22/2013 - 22:36:10: Server cvar "hostage_stop" = "0"
L 01/22/2013 - 22:36:10: Server cvar "humans_join_team" = "any"
L 01/22/2013 - 22:36:10: Server cvar "max_queries_sec" = "3.0"
L 01/22/2013 - 22:36:10: Server cvar "max_queries_sec_global" = "30"
L 01/22/2013 - 22:36:10: Server cvar "max_queries_window" = "60"
L 01/22/2013 - 22:36:10: Server cvar "metamod_version" = "1.19p32"
L 01/22/2013 - 22:36:10: Server cvar "mp_allowmonsters" = "0"
L 01/22/2013 - 22:36:10: Server cvar "mp_autokick" = "0"
L 01/22/2013 - 22:36:10: Server cvar "mp_autoteambalance" = "0"
L 01/22/2013 - 22:36:10: Server cvar "mp_buytime" = "1.5"
L 01/22/2013 - 22:36:10: Server cvar "mp_c4timer" = "45"
L 01/22/2013 - 22:36:10: Server cvar "mp_chattime" = "10"
L 01/22/2013 - 22:36:10: Server cvar "mp_consistency" = "1"
L 01/22/2013 - 22:36:10: Server cvar "mp_fadetoblack" = "0"
L 01/22/2013 - 22:36:10: Server cvar "mp_flashlight" = "1"
L 01/22/2013 - 22:36:10: Server cvar "mp_footsteps" = "1"
L 01/22/2013 - 22:36:10: Server cvar "mp_forcecamera" = "0"
L 01/22/2013 - 22:36:10: Server cvar "mp_forcechasecam" = "0"
L 01/22/2013 - 22:36:10: Server cvar "mp_fragsleft" = "0"
L 01/22/2013 - 22:36:10: Server cvar "mp_freeforall" = "0"
L 01/22/2013 - 22:36:10: Server cvar "mp_freezetime" = "0"
L 01/22/2013 - 22:36:10: Server cvar "mp_friendlyfire" = "0"
L 01/22/2013 - 22:36:10: Server cvar "mp_ghostfrequency" = "0.1"
L 01/22/2013 - 22:36:10: Server cvar "mp_hostagepenalty" = "13"
L 01/22/2013 - 22:36:10: Server cvar "mp_kickpercent" = "0.66"
L 01/22/2013 - 22:36:10: Server cvar "mp_limitteams" = "0"
L 01/22/2013 - 22:36:10: Server cvar "mp_logdetail" = "0"
L 01/22/2013 - 22:36:10: Server cvar "mp_logfile" = "1"
L 01/22/2013 - 22:36:10: Server cvar "mp_logmessages" = "1"
L 01/22/2013 - 22:36:10: Server cvar "mp_mapvoteratio" = "0.66"
L 01/22/2013 - 22:36:10: Server cvar "mp_maxrounds" = "0"
L 01/22/2013 - 22:36:10: Server cvar "mp_mirrordamage" = "0"
L 01/22/2013 - 22:36:10: Server cvar "mp_playerid" = "0"
L 01/22/2013 - 22:36:10: Server cvar "mp_roundtime" = "5"
L 01/22/2013 - 22:36:10: Server cvar "mp_startmoney" = "800"
L 01/22/2013 - 22:36:10: Server cvar "mp_timeleft" = "0"
L 01/22/2013 - 22:36:10: Server cvar "mp_timelimit" = "20"
L 01/22/2013 - 22:36:10: Server cvar "mp_tkpunish" = "0"
L 01/22/2013 - 22:36:10: Server cvar "mp_windifference" = "1"
L 01/22/2013 - 22:36:10: Server cvar "mp_winlimit" = "0"
L 01/22/2013 - 22:36:10: Server cvar "pausable" = "0"
L 01/22/2013 - 22:36:10: Server cvar "statsx_shell_ver" = "2.0.0 (BETA)"
L 01/22/2013 - 22:36:10: Server cvar "sv_accelerate" = "5"
L 01/22/2013 - 22:36:10: Server cvar "sv_aim" = "0"
L 01/22/2013 - 22:36:10: Server cvar "sv_airaccelerate" = "10"
L 01/22/2013 - 22:36:10: Server cvar "sv_airmove" = "1"
L 01/22/2013 - 22:36:10: Server cvar "sv_allowupload" = "1"
L 01/22/2013 - 22:36:10: Server cvar "sv_alltalk" = "1"
L 01/22/2013 - 22:36:10: Server cvar "sv_bounce" = "1"
L 01/22/2013 - 22:36:10: Server cvar "sv_cheats" = "0"
L 01/22/2013 - 22:36:10: Server cvar "sv_clienttrace" = "1"
L 01/22/2013 - 22:36:10: Server cvar "sv_clipmode" = "0"
L 01/22/2013 - 22:36:10: Server cvar "sv_contact" = ""
L 01/22/2013 - 22:36:10: Server cvar "sv_friction" = "4"
L 01/22/2013 - 22:36:10: Server cvar "sv_gravity" = "800"
L 01/22/2013 - 22:36:10: Server cvar "sv_logblocks" = "0"
L 01/22/2013 - 22:36:10: Server cvar "sv_maxrate" = "25000"
L 01/22/2013 - 22:36:10: Server cvar "sv_maxspeed" = "900"
L 01/22/2013 - 22:36:10: Server cvar "sv_minrate" = "0"
L 01/22/2013 - 22:36:10: Server cvar "sv_password" = ""
L 01/22/2013 - 22:36:10: Server cvar "sv_proxies" = "1"
L 01/22/2013 - 22:36:10: Server cvar "sv_region" = "-1"
L 01/22/2013 - 22:36:10: Server cvar "sv_restart" = "0"
L 01/22/2013 - 22:36:10: Server cvar "sv_restartround" = "0"
L 01/22/2013 - 22:36:10: Server cvar "sv_stepsize" = "18"
L 01/22/2013 - 22:36:10: Server cvar "sv_stopspeed" = "75"
L 01/22/2013 - 22:36:10: Server cvar "sv_uploadmax" = "0.5"
L 01/22/2013 - 22:36:10: Server cvar "sv_voiceenable" = "1"
L 01/22/2013 - 22:36:10: Server cvar "sv_wateraccelerate" = "10"
L 01/22/2013 - 22:36:10: Server cvar "sv_waterfriction" = "1"
L 01/22/2013 - 22:36:10: Server cvar "wallblocker_author" = ""
L 01/22/2013 - 22:36:10: Server cvar "wallblocker_enable" = "1"
L 01/22/2013 - 22:36:10: Server cvar "wallblocker_version" = "4.5"
L 01/22/2013 - 22:36:10: Server cvars end
L 01/22/2013 - 22:36:10: Server cvar "amx_nextmap" = "de_aztec"
L 01/22/2013 - 22:36:10: Started map "de_train" (CRC "-663702360")
L 01/22/2013 - 22:36:11: World triggered "Round_Start"
L 01/22/2013 - 22:36:11: ".<23><BOT><>" entered the game
L 01/22/2013 - 22:36:11: ".<23><BOT><>" joined team "TERRORIST"
L 01/22/2013 - 22:36:11: ":<24><BOT><>" entered the game
L 01/22/2013 - 22:36:11: ":<24><BOT><>" joined team "CT"
L 01/22/2013 - 22:41:11: Team "CT" triggered "Target_Saved" (CT "1") (T "0")
L 01/22/2013 - 22:41:11: World triggered "Round_End"
L 01/22/2013 - 22:41:16: World triggered "Round_Start"
L 01/22/2013 - 22:56:08: Team "CT" scored "1" with "1" players
L 01/22/2013 - 22:56:08: Team "TERRORIST" scored "0" with "1" players
L 01/22/2013 - 22:56:08: Server cvar "mp_chattime" = "12"
L 01/22/2013 - 22:56:18: Server cvar "mp_chattime" = "10"
L 01/22/2013 - 22:56:18: [META] ini: Begin re-reading plugins list: d:/Сервер/csdm+guns+lm/csdm+guns+lm/cstrike/addons/metamod/plugins.ini
L 01/22/2013 - 22:56:18: [META] ini: Read plugin config for: AMX Mod X
L 01/22/2013 - 22:56:18: [META] ini: Read plugin config for: dproto
L 01/22/2013 - 22:56:18: [META] ini: Read plugin config for: mmtimer
L 01/22/2013 - 22:56:18: [META] ini: Finished reading plugins list: d:/Сервер/csdm+guns+lm/csdm+guns+lm/cstrike/addons/metamod/plugins.ini; Found 3 plugins
L 01/22/2013 - 22:56:18: [META] dll: Updating plugins...
L 01/22/2013 - 22:56:18: [META] dll: Finished updating 10 plugins; kept 3, loaded 0, unloaded 0, reloaded 0, delayed 0
L 01/22/2013 - 22:56:18: Log file closed
