L 01/27/2013 - 00:17:26: Log file started (file "logs\L0127001.log") (game "cstrike") (version "48/1.1.2.6/4554")
L 01/27/2013 - 00:17:26: Loading map "de_dust2"
L 01/27/2013 - 00:17:26: Server cvars start
L 01/27/2013 - 00:17:26: Server cvar "_tutor_bomb_viewable_check_interval" = "0.5"
L 01/27/2013 - 00:17:26: Server cvar "_tutor_debug_level" = "0"
L 01/27/2013 - 00:17:26: Server cvar "_tutor_examine_time" = "0.5"
L 01/27/2013 - 00:17:26: Server cvar "_tutor_hint_interval_time" = "10.0"
L 01/27/2013 - 00:17:26: Server cvar "_tutor_look_angle" = "10"
L 01/27/2013 - 00:17:26: Server cvar "_tutor_look_distance" = "200"
L 01/27/2013 - 00:17:26: Server cvar "_tutor_message_character_display_time_coefficient" = "0.07"
L 01/27/2013 - 00:17:26: Server cvar "_tutor_message_minimum_display_time" = "1"
L 01/27/2013 - 00:17:26: Server cvar "_tutor_message_repeats" = "5"
L 01/27/2013 - 00:17:26: Server cvar "_tutor_view_distance" = "1000"
L 01/27/2013 - 00:17:26: Server cvar "allow_spectators" = "1.0"
L 01/27/2013 - 00:17:26: Server cvar "amx_client_languages" = "0"
L 01/27/2013 - 00:17:26: Server cvar "amx_language" = "ru"
L 01/27/2013 - 00:17:26: Server cvar "amx_nextmap" = "de_train"
L 01/27/2013 - 00:17:26: Server cvar "amx_timeleft" = "16:49"
L 01/27/2013 - 00:17:26: Server cvar "amxmodx_version" = "1.8.2-dev"
L 01/27/2013 - 00:17:26: Server cvar "coop" = "0"
L 01/27/2013 - 00:17:26: Server cvar "csdm_active" = "1"
L 01/27/2013 - 00:17:26: Server cvar "csdm_version" = "2.1.2"
L 01/27/2013 - 00:17:26: Server cvar "deathmatch" = "1"
L 01/27/2013 - 00:17:26: Server cvar "decalfrequency" = "30"
L 01/27/2013 - 00:17:26: Server cvar "dp_version" = "0.9.122"
L 01/27/2013 - 00:17:26: Server cvar "edgefriction" = "2"
L 01/27/2013 - 00:17:26: Server cvar "hostage_debug" = "0"
L 01/27/2013 - 00:17:26: Server cvar "hostage_stop" = "0"
L 01/27/2013 - 00:17:26: Server cvar "humans_join_team" = "any"
L 01/27/2013 - 00:17:26: Server cvar "max_queries_sec" = "3.0"
L 01/27/2013 - 00:17:26: Server cvar "max_queries_sec_global" = "30"
L 01/27/2013 - 00:17:26: Server cvar "max_queries_window" = "60"
L 01/27/2013 - 00:17:26: Server cvar "metamod_version" = "1.19p32"
L 01/27/2013 - 00:17:26: Server cvar "mp_allowmonsters" = "0"
L 01/27/2013 - 00:17:26: Server cvar "mp_autokick" = "0"
L 01/27/2013 - 00:17:26: Server cvar "mp_autoteambalance" = "0"
L 01/27/2013 - 00:17:26: Server cvar "mp_buytime" = "1.5"
L 01/27/2013 - 00:17:26: Server cvar "mp_c4timer" = "45"
L 01/27/2013 - 00:17:26: Server cvar "mp_chattime" = "10"
L 01/27/2013 - 00:17:26: Server cvar "mp_consistency" = "1"
L 01/27/2013 - 00:17:26: Server cvar "mp_fadetoblack" = "0"
L 01/27/2013 - 00:17:26: Server cvar "mp_flashlight" = "1"
L 01/27/2013 - 00:17:26: Server cvar "mp_footsteps" = "1"
L 01/27/2013 - 00:17:26: Server cvar "mp_forcecamera" = "0"
L 01/27/2013 - 00:17:26: Server cvar "mp_forcechasecam" = "0"
L 01/27/2013 - 00:17:26: Server cvar "mp_fragsleft" = "0"
L 01/27/2013 - 00:17:26: Server cvar "mp_freeforall" = "0"
L 01/27/2013 - 00:17:26: Server cvar "mp_freezetime" = "0"
L 01/27/2013 - 00:17:26: Server cvar "mp_friendlyfire" = "0"
L 01/27/2013 - 00:17:26: Server cvar "mp_ghostfrequency" = "0.1"
L 01/27/2013 - 00:17:26: Server cvar "mp_hostagepenalty" = "13"
L 01/27/2013 - 00:17:26: Server cvar "mp_kickpercent" = "0.66"
L 01/27/2013 - 00:17:26: Server cvar "mp_limitteams" = "0"
L 01/27/2013 - 00:17:26: Server cvar "mp_logdetail" = "0"
L 01/27/2013 - 00:17:26: Server cvar "mp_logfile" = "1"
L 01/27/2013 - 00:17:26: Server cvar "mp_logmessages" = "1"
L 01/27/2013 - 00:17:26: Server cvar "mp_mapvoteratio" = "0.66"
L 01/27/2013 - 00:17:26: Server cvar "mp_maxrounds" = "0"
L 01/27/2013 - 00:17:26: Server cvar "mp_mirrordamage" = "0"
L 01/27/2013 - 00:17:26: Server cvar "mp_playerid" = "0"
L 01/27/2013 - 00:17:26: Server cvar "mp_roundtime" = "5"
L 01/27/2013 - 00:17:26: Server cvar "mp_startmoney" = "800"
L 01/27/2013 - 00:17:26: Server cvar "mp_timeleft" = "0"
L 01/27/2013 - 00:17:26: Server cvar "mp_timelimit" = "20"
L 01/27/2013 - 00:17:26: Server cvar "mp_tkpunish" = "0"
L 01/27/2013 - 00:17:26: Server cvar "mp_windifference" = "1"
L 01/27/2013 - 00:17:26: Server cvar "mp_winlimit" = "0"
L 01/27/2013 - 00:17:26: Server cvar "pausable" = "0"
L 01/27/2013 - 00:17:26: Server cvar "statsx_shell_ver" = "2.0.0 (BETA)"
L 01/27/2013 - 00:17:26: Server cvar "sv_accelerate" = "5"
L 01/27/2013 - 00:17:26: Server cvar "sv_aim" = "0"
L 01/27/2013 - 00:17:26: Server cvar "sv_airaccelerate" = "10"
L 01/27/2013 - 00:17:26: Server cvar "sv_airmove" = "1"
L 01/27/2013 - 00:17:26: Server cvar "sv_allowupload" = "1"
L 01/27/2013 - 00:17:26: Server cvar "sv_alltalk" = "1"
L 01/27/2013 - 00:17:26: Server cvar "sv_bounce" = "1"
L 01/27/2013 - 00:17:26: Server cvar "sv_cheats" = "0"
L 01/27/2013 - 00:17:26: Server cvar "sv_clienttrace" = "1"
L 01/27/2013 - 00:17:26: Server cvar "sv_clipmode" = "0"
L 01/27/2013 - 00:17:26: Server cvar "sv_contact" = ""
L 01/27/2013 - 00:17:26: Server cvar "sv_friction" = "4"
L 01/27/2013 - 00:17:26: Server cvar "sv_gravity" = "800"
L 01/27/2013 - 00:17:26: Server cvar "sv_logblocks" = "0"
L 01/27/2013 - 00:17:26: Server cvar "sv_maxrate" = "25000"
L 01/27/2013 - 00:17:26: Server cvar "sv_maxspeed" = "900"
L 01/27/2013 - 00:17:26: Server cvar "sv_minrate" = "0"
L 01/27/2013 - 00:17:26: Server cvar "sv_password" = ""
L 01/27/2013 - 00:17:26: Server cvar "sv_proxies" = "1"
L 01/27/2013 - 00:17:26: Server cvar "sv_region" = "-1"
L 01/27/2013 - 00:17:26: Server cvar "sv_restart" = "0"
L 01/27/2013 - 00:17:26: Server cvar "sv_restartround" = "0"
L 01/27/2013 - 00:17:26: Server cvar "sv_stepsize" = "18"
L 01/27/2013 - 00:17:26: Server cvar "sv_stopspeed" = "75"
L 01/27/2013 - 00:17:26: Server cvar "sv_uploadmax" = "0.5"
L 01/27/2013 - 00:17:26: Server cvar "sv_voiceenable" = "1"
L 01/27/2013 - 00:17:26: Server cvar "sv_wateraccelerate" = "10"
L 01/27/2013 - 00:17:26: Server cvar "sv_waterfriction" = "1"
L 01/27/2013 - 00:17:26: Server cvar "wallblocker_author" = ""
L 01/27/2013 - 00:17:26: Server cvar "wallblocker_enable" = "1"
L 01/27/2013 - 00:17:26: Server cvar "wallblocker_version" = "4.5"
L 01/27/2013 - 00:17:26: Server cvars end
L 01/27/2013 - 00:17:26: Server cvar "amx_nextmap" = "de_aztec"
L 01/27/2013 - 00:17:26: Server cvar "jtp10181" = "chute"
L 01/27/2013 - 00:17:26: Started map "de_dust2" (CRC "1159425449")
L 01/27/2013 - 00:17:27: World triggered "Round_Start"
L 01/27/2013 - 00:17:27: ".<40><BOT><>" entered the game
L 01/27/2013 - 00:17:27: ".<40><BOT><>" joined team "TERRORIST"
L 01/27/2013 - 00:17:27: ":<41><BOT><>" entered the game
L 01/27/2013 - 00:17:27: ":<41><BOT><>" joined team "CT"
L 01/27/2013 - 00:19:16: [DPROTO]: Client 2 - Set AuthIdType 1 [dp_RevEmu]; pClient = 05ACB4B0
L 01/27/2013 - 00:19:16: "Player<42><STEAM_0:0:913028420><>" connected, address "109.205.252.194:59655"
L 01/27/2013 - 00:19:21: "Player<42><STEAM_0:0:913028420><>" entered the game
L 01/27/2013 - 00:19:57: "Player<42><STEAM_0:0:913028420><>" joined team "CT"
L 01/27/2013 - 00:20:04: [DPROTO]: Client 3 - Set AuthIdType 1 [dp_SteamEmu]; pClient = 05AD04B8
L 01/27/2013 - 00:20:04: "LiKeee<43><STEAM_0:0:1904474522><>" connected, address "46.181.130.173:27005"
L 01/27/2013 - 00:20:07: [DPROTO]: Client 3 - Set AuthIdType 1 [dp_SteamEmu]; pClient = 05AD04B8
L 01/27/2013 - 00:20:07: "LiKeee<44><STEAM_0:0:1904474522><>" connected, address "46.181.130.173:27005"
L 01/27/2013 - 00:20:13: "LiKeee<44><STEAM_0:0:1904474522><>" entered the game
L 01/27/2013 - 00:20:14: "LiKeee<44><STEAM_0:0:1904474522><>" joined team "TERRORIST"
L 01/27/2013 - 00:20:14: World triggered "Game_Commencing"
L 01/27/2013 - 00:20:14: World triggered "Game_Commencing" (CT "0") (T "0")
L 01/27/2013 - 00:20:14: World triggered "Round_End"
L 01/27/2013 - 00:20:17: World triggered "Round_Start"
L 01/27/2013 - 00:20:29: Server cvar "sv_restartround" = "1"
L 01/27/2013 - 00:20:29: World triggered "Restart_Round_(1_second)"
L 01/27/2013 - 00:20:29: Team "CT" scored "0" with "2" players
L 01/27/2013 - 00:20:29: Team "TERRORIST" scored "0" with "2" players
L 01/27/2013 - 00:20:29: Server cvar "sv_restartround" = "0"
L 01/27/2013 - 00:20:30: World triggered "Round_Start"
L 01/27/2013 - 00:21:33: "Player<42><STEAM_0:0:913028420><CT>" killed "LiKeee<44><STEAM_0:0:1904474522><TERRORIST>" with "usp"
L 01/27/2013 - 00:21:38: "LiKeee<44><STEAM_0:0:1904474522><TERRORIST>" disconnected
L 01/27/2013 - 00:24:37: [DPROTO]: Client 3 - Set AuthIdType 1 [dp_RevEmu]; pClient = 05AD04B8
L 01/27/2013 - 00:24:37: "MaHb9K<45><STEAM_0:0:670348375><>" connected, address "46.181.130.173:27005"
L 01/27/2013 - 00:24:56: [DPROTO]: Client 3 - Set AuthIdType 1 [dp_RevEmu]; pClient = 05AD04B8
L 01/27/2013 - 00:24:56: "MaHb9K<46><STEAM_0:0:670348375><>" connected, address "46.181.130.173:27005"
L 01/27/2013 - 00:26:02: [DPROTO]: Client 3 - Set AuthIdType 1 [dp_RevEmu]; pClient = 05AD04B8
L 01/27/2013 - 00:26:02: "MaHb9K<47><STEAM_0:0:670348375><>" connected, address "46.181.130.173:27005"
L 01/27/2013 - 00:26:09: [DPROTO]: Client 3 - Set AuthIdType 1 [dp_RevEmu]; pClient = 05AD04B8
L 01/27/2013 - 00:26:09: "MaHb9K<48><STEAM_0:0:670348375><>" connected, address "46.181.130.173:27005"
L 01/27/2013 - 00:26:36: [DPROTO]: Client 3 - Set AuthIdType 1 [dp_RevEmu]; pClient = 05AD04B8
L 01/27/2013 - 00:26:36: "MaHb9K<49><STEAM_0:0:670348375><>" connected, address "46.181.130.173:27005"
L 01/27/2013 - 00:26:43: "MaHb9K<49><STEAM_0:0:670348375><>" entered the game
L 01/27/2013 - 00:26:44: "MaHb9K<49><STEAM_0:0:670348375><>" joined team "TERRORIST"
L 01/27/2013 - 00:26:44: World triggered "Game_Commencing"
L 01/27/2013 - 00:26:44: World triggered "Game_Commencing" (CT "0") (T "0")
L 01/27/2013 - 00:26:44: World triggered "Round_End"
L 01/27/2013 - 00:26:47: World triggered "Round_Start"
L 01/27/2013 - 00:26:59: Server cvar "sv_restartround" = "1"
L 01/27/2013 - 00:27:00: World triggered "Restart_Round_(1_second)"
L 01/27/2013 - 00:27:00: Team "CT" scored "0" with "2" players
L 01/27/2013 - 00:27:00: Team "TERRORIST" scored "0" with "2" players
L 01/27/2013 - 00:27:00: Server cvar "sv_restartround" = "0"
L 01/27/2013 - 00:27:01: World triggered "Round_Start"
L 01/27/2013 - 00:27:52: "MaHb9K<49><STEAM_0:0:670348375><TERRORIST>" disconnected
L 01/27/2013 - 00:29:11: [DPROTO]: Client 3 - Set AuthIdType 1 [dp_RevEmu]; pClient = 05AD04B8
L 01/27/2013 - 00:29:11: "MaHb9K<50><STEAM_0:0:670348375><>" connected, address "46.181.130.173:27005"
L 01/27/2013 - 00:29:13: [DPROTO]: Client 3 - Set AuthIdType 1 [dp_RevEmu]; pClient = 05AD04B8
L 01/27/2013 - 00:29:13: "MaHb9K<51><STEAM_0:0:670348375><>" connected, address "46.181.130.173:27005"
L 01/27/2013 - 00:29:16: "MaHb9K<51><STEAM_0:0:670348375><>" entered the game
L 01/27/2013 - 00:29:17: "MaHb9K<51><STEAM_0:0:670348375><>" joined team "TERRORIST"
L 01/27/2013 - 00:29:17: World triggered "Game_Commencing"
L 01/27/2013 - 00:29:17: World triggered "Game_Commencing" (CT "0") (T "0")
L 01/27/2013 - 00:29:17: World triggered "Round_End"
L 01/27/2013 - 00:29:20: World triggered "Round_Start"
L 01/27/2013 - 00:29:32: Server cvar "sv_restartround" = "1"
L 01/27/2013 - 00:29:33: World triggered "Restart_Round_(1_second)"
L 01/27/2013 - 00:29:33: Team "CT" scored "0" with "2" players
L 01/27/2013 - 00:29:33: Team "TERRORIST" scored "0" with "2" players
L 01/27/2013 - 00:29:33: Server cvar "sv_restartround" = "0"
L 01/27/2013 - 00:29:34: World triggered "Round_Start"
L 01/27/2013 - 00:29:36: "MaHb9K<51><STEAM_0:0:670348375><TERRORIST>" disconnected
L 01/27/2013 - 00:30:55: [DPROTO]: Client 3 - Set AuthIdType 1 [dp_SteamEmu]; pClient = 05AD04B8
L 01/27/2013 - 00:30:55: "LiKeee<52><STEAM_0:0:1904474522><>" connected, address "46.181.130.173:27005"
L 01/27/2013 - 00:30:58: [DPROTO]: Client 3 - Set AuthIdType 1 [dp_SteamEmu]; pClient = 05AD04B8
L 01/27/2013 - 00:30:58: "LiKeee<53><STEAM_0:0:1904474522><>" connected, address "46.181.130.173:27005"
L 01/27/2013 - 00:31:01: "LiKeee<53><STEAM_0:0:1904474522><>" entered the game
L 01/27/2013 - 00:31:02: "LiKeee<53><STEAM_0:0:1904474522><>" joined team "TERRORIST"
L 01/27/2013 - 00:31:02: World triggered "Game_Commencing"
L 01/27/2013 - 00:31:02: World triggered "Game_Commencing" (CT "0") (T "0")
L 01/27/2013 - 00:31:02: World triggered