L 01/25/2013 - 13:13:42: Log file started (file "logs\L0125003.log") (game "cstrike") (version "48/1.1.2.6/4554")
L 01/25/2013 - 13:13:42: Server cvar "mp_autokick" = "0"
L 01/25/2013 - 13:13:42: Server cvar "mp_autoteambalance" = "0"
L 01/25/2013 - 13:13:42: Server cvar "mp_flashlight" = "1"
L 01/25/2013 - 13:13:42: Server cvar "mp_freezetime" = "0"
L 01/25/2013 - 13:13:42: Server cvar "mp_limitteams" = "0"
L 01/25/2013 - 13:13:42: Server cvar "mp_timelimit" = "20"
L 01/25/2013 - 13:13:42: Server cvar "sv_aim" = "0"
L 01/25/2013 - 13:13:42: Server cvar "sv_maxspeed" = "320"
L 01/25/2013 - 13:13:42: Server cvar "sv_maxrate" = "25000"
L 01/25/2013 - 13:13:42: Server cvar "sv_alltalk" = "1"
L 01/25/2013 - 13:13:50: World triggered "Round_Start"
L 01/25/2013 - 13:13:50: ".<1><BOT><>" entered the game
L 01/25/2013 - 13:13:50: ".<1><BOT><>" joined team "TERRORIST"
L 01/25/2013 - 13:13:50: ":<2><BOT><>" entered the game
L 01/25/2013 - 13:13:50: ":<2><BOT><>" joined team "CT"
L 01/25/2013 - 13:14:05: [DPROTO]: Client 2 - Set AuthIdType 1 [dp_SteamEmu]; pClient = 05B9B4B0
L 01/25/2013 - 13:14:05: "LiKeee<3><STEAM_0:0:1904474522><>" connected, address "46.181.130.173:27005"
L 01/25/2013 - 13:14:07: [DPROTO]: Client 2 - Set AuthIdType 1 [dp_SteamEmu]; pClient = 05B9B4B0
L 01/25/2013 - 13:14:07: "LiKeee<4><STEAM_0:0:1904474522><>" connected, address "46.181.130.173:27005"
L 01/25/2013 - 13:14:14: "LiKeee<4><STEAM_0:0:1904474522><>" entered the game
L 01/25/2013 - 13:14:15: "LiKeee<4><STEAM_0:0:1904474522><>" joined team "TERRORIST"
L 01/25/2013 - 13:14:39: "LiKeee<4><STEAM_0:0:1904474522><TERRORIST>" disconnected
L 01/25/2013 - 13:14:39: [DPROTO]: Client 2 - Set AuthIdType 1 [dp_SteamEmu]; pClient = 05B9B4B0
L 01/25/2013 - 13:14:39: "LiKeee<5><STEAM_0:0:1904474522><>" connected, address "46.181.130.173:27005"
L 01/25/2013 - 13:14:41: [DPROTO]: Client 2 - Set AuthIdType 1 [dp_SteamEmu]; pClient = 05B9B4B0
L 01/25/2013 - 13:14:41: "LiKeee<6><STEAM_0:0:1904474522><>" connected, address "46.181.130.173:27005"
L 01/25/2013 - 13:14:43: "LiKeee<6><STEAM_0:0:1904474522><>" entered the game
L 01/25/2013 - 13:14:44: "LiKeee<6><STEAM_0:0:1904474522><>" joined team "TERRORIST"
L 01/25/2013 - 13:18:43: "LiKeee<6><STEAM_0:0:1904474522><TERRORIST>" disconnected
L 01/25/2013 - 13:18:50: Team "CT" triggered "Target_Saved" (CT "1") (T "0")
L 01/25/2013 - 13:18:50: World triggered "Round_End"
L 01/25/2013 - 13:18:55: World triggered "Round_Start"
L 01/25/2013 - 13:30:35: ".<1><BOT><TERRORIST>" disconnected
L 01/25/2013 - 13:30:35: ":<2><BOT><CT>" disconnected
L 01/25/2013 - 13:30:35: World triggered "Round_Draw" (CT "1") (T "0")
L 01/25/2013 - 13:30:35: World triggered "Round_End"
L 01/25/2013 - 13:30:35: [META] ini: Begin re-reading plugins list: d:/Сервер/csdm+guns+lm/csdm+guns+lm/cstrike/addons/metamod/plugins.ini
L 01/25/2013 - 13:30:35: [META] ini: Read plugin config for: AMX Mod X
L 01/25/2013 - 13:30:35: [META] ini: Read plugin config for: dproto
L 01/25/2013 - 13:30:35: [META] ini: Read plugin config for: mmtimer
L 01/25/2013 - 13:30:35: [META] ini: Finished reading plugins list: d:/Сервер/csdm+guns+lm/csdm+guns+lm/cstrike/addons/metamod/plugins.ini; Found 3 plugins
L 01/25/2013 - 13:30:35: [META] dll: Updating plugins...
L 01/25/2013 - 13:30:35: [META] dll: Finished updating 10 plugins; kept 3, loaded 0, unloaded 0, reloaded 0, delayed 0
L 01/25/2013 - 13:30:35: Log file closed
