L 01/23/2013 - 20:19:50: Log file started (file "logs\L0123004.log") (game "cstrike") (version "48/1.1.2.6/4554")
L 01/23/2013 - 20:19:50: Loading map "de_dust2"
L 01/23/2013 - 20:19:50: Server cvars start
L 01/23/2013 - 20:19:50: Server cvar "_tutor_bomb_viewable_check_interval" = "0.5"
L 01/23/2013 - 20:19:50: Server cvar "_tutor_debug_level" = "0"
L 01/23/2013 - 20:19:50: Server cvar "_tutor_examine_time" = "0.5"
L 01/23/2013 - 20:19:50: Server cvar "_tutor_hint_interval_time" = "10.0"
L 01/23/2013 - 20:19:50: Server cvar "_tutor_look_angle" = "10"
L 01/23/2013 - 20:19:50: Server cvar "_tutor_look_distance" = "200"
L 01/23/2013 - 20:19:50: Server cvar "_tutor_message_character_display_time_coefficient" = "0.07"
L 01/23/2013 - 20:19:50: Server cvar "_tutor_message_minimum_display_time" = "1"
L 01/23/2013 - 20:19:50: Server cvar "_tutor_message_repeats" = "5"
L 01/23/2013 - 20:19:50: Server cvar "_tutor_view_distance" = "1000"
L 01/23/2013 - 20:19:50: Server cvar "allow_spectators" = "1.0"
L 01/23/2013 - 20:19:50: Server cvar "amx_client_languages" = "0"
L 01/23/2013 - 20:19:50: Server cvar "amx_language" = "ru"
L 01/23/2013 - 20:19:50: Server cvar "amx_nextmap" = "de_aztec"
L 01/23/2013 - 20:19:50: Server cvar "amx_timeleft" = "18:29"
L 01/23/2013 - 20:19:50: Server cvar "amxmodx_version" = "1.8.2-dev"
L 01/23/2013 - 20:19:50: Server cvar "coop" = "0"
L 01/23/2013 - 20:19:50: Server cvar "csdm_active" = "1"
L 01/23/2013 - 20:19:50: Server cvar "csdm_version" = "2.1.2"
L 01/23/2013 - 20:19:50: Server cvar "deathmatch" = "1"
L 01/23/2013 - 20:19:50: Server cvar "decalfrequency" = "30"
L 01/23/2013 - 20:19:50: Server cvar "dp_version" = "0.9.122"
L 01/23/2013 - 20:19:50: Server cvar "dr_shop_version" = "2.0"
L 01/23/2013 - 20:19:50: Server cvar "edgefriction" = "2"
L 01/23/2013 - 20:19:50: Server cvar "hostage_debug" = "0"
L 01/23/2013 - 20:19:50: Server cvar "hostage_stop" = "0"
L 01/23/2013 - 20:19:50: Server cvar "humans_join_team" = "any"
L 01/23/2013 - 20:19:50: Server cvar "max_queries_sec" = "3.0"
L 01/23/2013 - 20:19:50: Server cvar "max_queries_sec_global" = "30"
L 01/23/2013 - 20:19:50: Server cvar "max_queries_window" = "60"
L 01/23/2013 - 20:19:50: Server cvar "metamod_version" = "1.19p32"
L 01/23/2013 - 20:19:50: Server cvar "mp_allowmonsters" = "0"
L 01/23/2013 - 20:19:50: Server cvar "mp_autokick" = "0"
L 01/23/2013 - 20:19:50: Server cvar "mp_autoteambalance" = "0"
L 01/23/2013 - 20:19:50: Server cvar "mp_buytime" = "1.5"
L 01/23/2013 - 20:19:50: Server cvar "mp_c4timer" = "45"
L 01/23/2013 - 20:19:50: Server cvar "mp_chattime" = "10"
L 01/23/2013 - 20:19:50: Server cvar "mp_consistency" = "1"
L 01/23/2013 - 20:19:50: Server cvar "mp_fadetoblack" = "0"
L 01/23/2013 - 20:19:50: Server cvar "mp_flashlight" = "1"
L 01/23/2013 - 20:19:50: Server cvar "mp_footsteps" = "1"
L 01/23/2013 - 20:19:50: Server cvar "mp_forcecamera" = "0"
L 01/23/2013 - 20:19:50: Server cvar "mp_forcechasecam" = "0"
L 01/23/2013 - 20:19:50: Server cvar "mp_fragsleft" = "0"
L 01/23/2013 - 20:19:50: Server cvar "mp_freeforall" = "0"
L 01/23/2013 - 20:19:50: Server cvar "mp_freezetime" = "0"
L 01/23/2013 - 20:19:50: Server cvar "mp_friendlyfire" = "0"
L 01/23/2013 - 20:19:50: Server cvar "mp_ghostfrequency" = "0.1"
L 01/23/2013 - 20:19:50: Server cvar "mp_hostagepenalty" = "13"
L 01/23/2013 - 20:19:50: Server cvar "mp_kickpercent" = "0.66"
L 01/23/2013 - 20:19:50: Server cvar "mp_limitteams" = "0"
L 01/23/2013 - 20:19:50: Server cvar "mp_logdetail" = "0"
L 01/23/2013 - 20:19:50: Server cvar "mp_logfile" = "1"
L 01/23/2013 - 20:19:50: Server cvar "mp_logmessages" = "1"
L 01/23/2013 - 20:19:50: Server cvar "mp_mapvoteratio" = "0.66"
L 01/23/2013 - 20:19:50: Server cvar "mp_maxrounds" = "0"
L 01/23/2013 - 20:19:50: Server cvar "mp_mirrordamage" = "0"
L 01/23/2013 - 20:19:50: Server cvar "mp_playerid" = "0"
L 01/23/2013 - 20:19:50: Server cvar "mp_roundtime" = "5"
L 01/23/2013 - 20:19:50: Server cvar "mp_startmoney" = "800"
L 01/23/2013 - 20:19:50: Server cvar "mp_timeleft" = "0"
L 01/23/2013 - 20:19:50: Server cvar "mp_timelimit" = "20"
L 01