L 01/20/2013 - 11:18:45: Log file started (file "logs\L0120003.log") (game "cstrike") (version "48/1.1.2.6/4554")
L 01/20/2013 - 11:18:45: Server cvar "mp_autokick" = "0"
L 01/20/2013 - 11:18:45: Server cvar "mp_autoteambalance" = "0"
L 01/20/2013 - 11:18:45: Server cvar "mp_flashlight" = "1"
L 01/20/2013 - 11:18:45: Server cvar "mp_freezetime" = "0"
L 01/20/2013 - 11:18:45: Server cvar "mp_limitteams" = "0"
L 01/20/2013 - 11:18:45: Server cvar "mp_timelimit" = "20"
L 01/20/2013 - 11:18:45: Server cvar "sv_aim" = "0"
L 01/20/2013 - 11:18:45: Server cvar "sv_maxspeed" = "320"
L 01/20/2013 - 11:18:45: Server cvar "sv_maxrate" = "25000"
L 01/20/2013 - 11:18:45: Server cvar "sv_alltalk" = "1"
L 01/20/2013 - 11:18:53: World triggered "Round_Start"
L 01/20/2013 - 11:19:05: [META] ini: Begin re-reading plugins list: d:/Сервер/csdm+guns+lm/csdm+guns+lm/cstrike/addons/metamod/plugins.ini
L 01/20/2013 - 11:19:05: [META] ini: Read plugin config for: AMX Mod X
L 01/20/2013 - 11:19:05: [META] ini: Read plugin config for: dproto
L 01/20/2013 - 11:19:05: [META] ini: Read plugin config for: mmtimer
L 01/20/2013 - 11:19:05: [META] ini: Finished reading plugins list: d:/Сервер/csdm+guns+lm/csdm+guns+lm/cstrike/addons/metamod/plugins.ini; Found 3 plugins
L 01/20/2013 - 11:19:05: [META] dll: Updating plugins...
L 01/20/2013 - 11:19:05: [META] dll: Finished updating 10 plugins; kept 3, loaded 0, unloaded 0, reloaded 0, delayed 0
L 01/20/2013 - 11:19:05: Log file closed
