L 01/22/2013 - 19:07:18: Log file started (file "logs\L0122014.log") (game "cstrike") (version "48/1.1.2.6/4554")
L 01/22/2013 - 19:07:18: Server cvar "mp_autokick" = "0"
L 01/22/2013 - 19:07:18: Server cvar "mp_autoteambalance" = "0"
L 01/22/2013 - 19:07:18: Server cvar "mp_flashlight" = "1"
L 01/22/2013 - 19:07:18: Server cvar "mp_freezetime" = "0"
L 01/22/2013 - 19:07:18: Server cvar "mp_limitteams" = "0"
L 01/22/2013 - 19:07:18: Server cvar "mp_timelimit" = "20"
L 01/22/2013 - 19:07:18: Server cvar "sv_aim" = "0"
L 01/22/2013 - 19:07:18: Server cvar "sv_maxspeed" = "320"
L 01/22/2013 - 19:07:18: Server cvar "sv_maxrate" = "25000"
L 01/22/2013 - 19:07:18: Server cvar "sv_alltalk" = "1"
L 01/22/2013 - 19:07:26: World triggered "Round_Start"
L 01/22/2013 - 19:07:26: ".<1><BOT><>" entered the game
L 01/22/2013 - 19:07:26: ".<1><BOT><>" joined team "TERRORIST"
L 01/22/2013 - 19:07:26: ":<2><BOT><>" entered the game
L 01/22/2013 - 19:07:26: ":<2><BOT><>" joined team "CT"
L 01/22/2013 - 19:07:31: [DPROTO]: Client 2 - Set AuthIdType 1 [dp_SteamEmu]; pClient = 0596B4B0
L 01/22/2013 - 19:07:31: "LiKeee<3><STEAM_0:0:1904474522><>" connected, address "46.181.130.173:27005"
L 01/22/2013 - 19:07:33: [DPROTO]: Client 2 - Set AuthIdType 1 [dp_SteamEmu]; pClient = 0596B4B0
L 01/22/2013 - 19:07:33: "LiKeee<4><STEAM_0:0:1904474522><>" connected, address "46.181.130.173:27005"
L 01/22/2013 - 19:07:36: "LiKeee<4><STEAM_0:0:1904474522><>" entered the game
L 01/22/2013 - 19:07:37: "LiKeee<4><STEAM_0:0:1904474522><>" joined team "CT"
L 01/22/2013 - 19:07:37: ".<1><BOT><TERRORIST>" triggered "Spawned_With_The_Bomb"
L 01/22/2013 - 19:08:07: "LiKeee<4><STEAM_0:0:1904474522><CT>" say "/hpshop"
L 01/22/2013 - 19:08:17: "LiKeee<4><STEAM_0:0:1904474522><CT>" say "/hpshop"
L 01/22/2013 - 19:08:22: "LiKeee<4><STEAM_0:0:1904474522><CT>" say "/hpshop"
L 01/22/2013 - 19:09:02: ".<1><BOT><TERRORIST>" triggered "Dropped_The_Bomb"
L 01/22/2013 - 19:09:02: ".<1><BOT><TERRORIST>" disconnected
L 01/22/2013 - 19:09:02: ":<2><BOT><CT>" disconnected
L 01/22/2013 - 19:09:02: [META] ini: Begin re-reading plugins list: d:/Сервер/csdm+guns+lm/csdm+guns+lm/cstrike/addons/metamod/plugins.ini
L 01/22/2013 - 19:09:02: [META] ini: Read plugin config for: AMX Mod X
L 01/22/2013 - 19:09:02: [META] ini: Read plugin config for: dproto
L 01/22/2013 - 19:09:02: [META] ini: Read plugin config for: mmtimer
L 01/22/2013 - 19:09:02: [META] ini: Finished reading plugins list: d:/Сервер/csdm+guns+lm/csdm+guns+lm/cstrike/addons/metamod/plugins.ini; Found 3 plugins
L 01/22/2013 - 19:09:02: [META] dll: Updating plugins...
L 01/22/2013 - 19:09:02: [META] dll: Finished updating 10 plugins; kept 3, loaded 0, unloaded 0, reloaded 0, delayed 0
L 01/22/2013 - 19:09:02: "LiKeee<4><STEAM_0:0:1904474522><CT>" disconnected
L 01/22/2013 - 19:09:02: World triggered "Round_Draw" (CT "0") (T "0")
L 01/22/2013 - 19:09:02: World triggered "Round_End"
L 01/22/2013 - 19:09:02: Log file closed
