L 01/23/2013 - 20:25:51: Log file started (file "logs\L0123006.log") (game "cstrike") (version "48/1.1.2.6/4554")
L 01/23/2013 - 20:25:51: Server cvar "mp_autokick" = "0"
L 01/23/2013 - 20:25:51: Server cvar "mp_autoteambalance" = "0"
L 01/23/2013 - 20:25:51: Server cvar "mp_flashlight" = "1"
L 01/23/2013 - 20:25:51: Server cvar "mp_freezetime" = "0"
L 01/23/2013 - 20:25:51: Server cvar "mp_limitteams" = "0"
L 01/23/2013 - 20:25:51: Server cvar "mp_timelimit" = "20"
L 01/23/2013 - 20:25:51: Server cvar "sv_aim" = "0"
L 01/23/2013 - 20:25:51: Server cvar "sv_maxspeed" = "320"
L 01/23/2013 - 20:25:51: Server cvar "sv_maxrate" = "25000"
L 01/23/2013 - 20:25:51: Server cvar "sv_alltalk" = "1"
L 01/23/2013 - 20:25:58: [DPROTO]: Client 0 - Set AuthIdType 1 [dp_SteamEmu]; pClient = 05BB14A0
L 01/23/2013 - 20:25:58: "LiKeee<1><STEAM_0:0:1904474522><>" connected, address "46.181.130.173:27005"
L 01/23/2013 - 20:25:59: World triggered "Round_Start"
L 01/23/2013 - 20:25:59: ".<2><BOT><>" entered the game
L 01/23/2013 - 20:25:59: ".<2><BOT><>" joined team "TERRORIST"
L 01/23/2013 - 20:25:59: ":<3><BOT><>" entered the game
L 01/23/2013 - 20:25:59: ":<3><BOT><>" joined team "CT"
L 01/23/2013 - 20:25:59: [DPROTO]: Client 2 - Set AuthIdType 1 [dp_SteamEmu]; pClient = 05BBB4B0
L 01/23/2013 - 20:25:59: "LiKeee<4><STEAM_0:0:1904474522><>" connected, address "46.181.130.173:27005"
L 01/23/2013 - 20:26:02: "LiKeee<4><STEAM_0:0:1904474522><>" entered the game
L 01/23/2013 - 20:26:02: "LiKeee<4><STEAM_0:0:1904474522><>" joined team "TERRORIST"
L 01/23/2013 - 20:26:03: ".<2><BOT><TERRORIST>" triggered "Spawned_With_The_Bomb"
L 01/23/2013 - 20:27:19: "LiKeee<4><STEAM_0:0:1904474522><TERRORIST>" disconnected
L 01/23/2013 - 20:30:59: Team "CT" triggered "Target_Saved" (CT "1") (T "0")
L 01/23/2013 - 20:30:59: World triggered "Round_End"
L 01/23/2013 - 20:31:04: World triggered "Round_Start"
L 01/23/2013 - 20:45:50: Team "CT" scored "1" with "1" players
L 01/23/2013 - 20:45:50: Team "TERRORIST" scored "0" with "1" players
L 01/23/2013 - 20:45:50: Server cvar "mp_chattime" = "12"
L 01/23/2013 - 20:46:00: Server cvar "mp_chattime" = "10"
L 01/23/2013 - 20:46:00: [META] ini: Begin re-reading plugins list: d:/Сервер/csdm+guns+lm/csdm+guns+lm/cstrike/addons/metamod/plugins.ini
L 01/23/2013 - 20:46:00: [META] ini: Read plugin config for: AMX Mod X
L 01/23/2013 - 20:46:00: [META] ini: Read plugin config for: dproto
L 01/23/2013 - 20:46:00: [META] ini: Read plugin config for: mmtimer
L 01/23/2013 - 20:46:00: [META] ini: Finished reading plugins list: d:/Сервер/csdm+guns+lm/csdm+guns+lm/cstrike/addons/metamod/plugins.ini; Found 3 plugins
L 01/23/2013 - 20:46:00: [META] dll: Updating plugins...
L 01/23/2013 - 20:46:00: [META] dll: Finished updating 10 plugins; kept 3, loaded 0, unloaded 0, reloaded 0, delayed 0
L 01/23/2013 - 20:46:00: Log file closed
