L 01/21/2013 - 11:26:46: Log file started (file "logs\L0121000.log") (game "cstrike") (version "48/1.1.2.6/4554")
L 01/21/2013 - 11:26:46: Server cvar "mp_autokick" = "0"
L 01/21/2013 - 11:26:46: Server cvar "mp_autoteambalance" = "0"
L 01/21/2013 - 11:26:46: Server cvar "mp_flashlight" = "1"
L 01/21/2013 - 11:26:46: Server cvar "mp_freezetime" = "0"
L 01/21/2013 - 11:26:46: Server cvar "mp_limitteams" = "0"
L 01/21/2013 - 11:26:46: Server cvar "mp_timelimit" = "20"
L 01/21/2013 - 11:26:46: Server cvar "sv_aim" = "0"
L 01/21/2013 - 11:26:46: Server cvar "sv_maxspeed" = "320"
L 01/21/2013 - 11:26:46: Server cvar "sv_maxrate" = "25000"
L 01/21/2013 - 11:26:46: Server cvar "sv_alltalk" = "1"
L 01/21/2013 - 11:26:53: World triggered "Round_Start"
L 01/21/2013 - 11:27:05: [DPROTO]: Client 0 - Set AuthIdType 1 [dp_SteamEmu]; pClient = 05C114A0
L 01/21/2013 - 11:27:05: "LiKeee<1><STEAM_0:0:1904474522><>" connected, address "46.181.130.173:27005"
L 01/21/2013 - 11:27:06: [DPROTO]: Client 0 - Set AuthIdType 1 [dp_SteamEmu]; pClient = 05C114A0
L 01/21/2013 - 11:27:06: "LiKeee<2><STEAM_0:0:1904474522><>" connected, address "46.181.130.173:27005"
L 01/21/2013 - 11:27:13: "LiKeee<2><STEAM_0:0:1904474522><>" entered the game
L 01/21/2013 - 11:27:14: "LiKeee<2><STEAM_0:0:1904474522><>" joined team "TERRORIST"
L 01/21/2013 - 11:27:14: "LiKeee<2><STEAM_0:0:1904474522><TERRORIST>" triggered "Spawned_With_The_Bomb"
L 01/21/2013 - 11:27:14: "LiKeee<2><STEAM_0:0:1904474522><TERRORIST>" triggered "Dropped_The_Bomb"
L 01/21/2013 - 11:28:13: "LiKeee<2><STEAM_0:0:1904474522><TERRORIST>" disconnected
L 01/21/2013 - 11:28:13: World triggered "Round_Draw" (CT "0") (T "0")
L 01/21/2013 - 11:28:13: World triggered "Round_End"
L 01/21/2013 - 11:28:18: World triggered "Round_Start"
L 01/21/2013 - 11:41:29: [META] ini: Begin re-reading plugins list: d:/Сервер/csdm+guns+lm/csdm+guns+lm/cstrike/addons/metamod/plugins.ini
L 01/21/2013 - 11:41:29: [META] ini: Read plugin config for: AMX Mod X
L 01/21/2013 - 11:41:29: [META] ini: Read plugin config for: dproto
L 01/21/2013 - 11:41:29: [META] ini: Read plugin config for: mmtimer
L 01/21/2013 - 11:41:29: [META] ini: Finished reading plugins list: d:/Сервер/csdm+guns+lm/csdm+guns+lm/cstrike/addons/metamod/plugins.ini; Found 3 plugins
L 01/21/2013 - 11:41:29: [META] dll: Updating plugins...
L 01/21/2013 - 11:41:29: [META] dll: Finished updating 10 plugins; kept 3, loaded 0, unloaded 0, reloaded 0, delayed 0
L 01/21/2013 - 11:41:29: Log file closed
