L 01/25/2013 - 10:16:39: Log file started (file "logs\L0125000.log") (game "cstrike") (version "48/1.1.2.6/4554")
L 01/25/2013 - 10:16:39: Server cvar "mp_autokick" = "0"
L 01/25/2013 - 10:16:39: Server cvar "mp_autoteambalance" = "0"
L 01/25/2013 - 10:16:39: Server cvar "mp_flashlight" = "1"
L 01/25/2013 - 10:16:39: Server cvar "mp_freezetime" = "0"
L 01/25/2013 - 10:16:39: Server cvar "mp_limitteams" = "0"
L 01/25/2013 - 10:16:39: Server cvar "mp_timelimit" = "20"
L 01/25/2013 - 10:16:39: Server cvar "sv_aim" = "0"
L 01/25/2013 - 10:16:39: Server cvar "sv_maxspeed" = "320"
L 01/25/2013 - 10:16:39: Server cvar "sv_maxrate" = "25000"
L 01/25/2013 - 10:16:39: Server cvar "sv_alltalk" = "1"
L 01/25/2013 - 10:16:46: World triggered "Round_Start"
L 01/25/2013 - 10:16:47: ".<1><BOT><>" entered the game
L 01/25/2013 - 10:16:47: ".<1><BOT><>" joined team "TERRORIST"
L 01/25/2013 - 10:16:47: ":<2><BOT><>" entered the game
L 01/25/2013 - 10:16:47: ":<2><BOT><>" joined team "CT"
L 01/25/2013 - 10:17:57: ".<1><BOT><TERRORIST>" disconnected
L 01/25/2013 - 10:17:57: ":<2><BOT><CT>" disconnected
L 01/25/2013 - 10:17:57: World triggered "Round_Draw" (CT "0") (T "0")
L 01/25/2013 - 10:17:57: World triggered "Round_End"
L 01/25/2013 - 10:17:57: [META] ini: Begin re-reading plugins list: d:/Сервер/csdm+guns+lm/csdm+guns+lm/cstrike/addons/metamod/plugins.ini
L 01/25/2013 - 10:17:57: [META] ini: Read plugin config for: AMX Mod X
L 01/25/2013 - 10:17:57: [META] ini: Read plugin config for: dproto
L 01/25/2013 - 10:17:57: [META] ini: Read plugin config for: mmtimer
L 01/25/2013 - 10:17:57: [META] ini: Finished reading plugins list: d:/Сервер/csdm+guns+lm/csdm+guns+lm/cstrike/addons/metamod/plugins.ini; Found 3 plugins
L 01/25/2013 - 10:17:57: [META] dll: Updating plugins...
L 01/25/2013 - 10:17:57: [META] dll: Finished updating 10 plugins; kept 3, loaded 0, unloaded 0, reloaded 0, delayed 0
L 01/25/2013 - 10:17:57: Log file closed
