L 01/20/2013 - 17:04:56: Log file started (file "logs\L0120034.log") (game "cstrike") (version "48/1.1.2.6/4554")
L 01/20/2013 - 17:04:56: Loading map "cs_assault"
L 01/20/2013 - 17:04:56: Server cvars start
L 01/20/2013 - 17:04:56: Server cvar "_tutor_bomb_viewable_check_interval" = "0.5"
L 01/20/2013 - 17:04:56: Server cvar "_tutor_debug_level" = "0"
L 01/20/2013 - 17:04:56: Server cvar "_tutor_examine_time" = "0.5"
L 01/20/2013 - 17:04:56: Server cvar "_tutor_hint_interval_time" = "10.0"
L 01/20/2013 - 17:04:56: Server cvar "_tutor_look_angle" = "10"
L 01/20/2013 - 17:04:56: Server cvar "_tutor_look_distance" = "200"
L 01/20/2013 - 17:04:56: Server cvar "_tutor_message_character_display_time_coefficient" = "0.07"
L 01/20/2013 - 17:04:56: Server cvar "_tutor_message_minimum_display_time" = "1"
L 01/20/2013 - 17:04:56: Server cvar "_tutor_message_repeats" = "5"
L 01/20/2013 - 17:04:56: Server cvar "_tutor_view_distance" = "1000"
L 01/20/2013 - 17:04:56: Server cvar "allow_spectators" = "1.0"
L 01/20/2013 - 17:04:56: Server cvar "amx_client_languages" = "0"
L 01/20/2013 - 17:04:56: Server cvar "amx_language" = "ru"
L 01/20/2013 - 17:04:56: Server cvar "amx_nextmap" = "de_cbble"
L 01/20/2013 - 17:04:56: Server cvar "amx_timeleft" = "15:46"
L 01/20/2013 - 17:04:56: Server cvar "amxmodx_version" = "1.8.2-dev"
L 01/20/2013 - 17:04:56: Server cvar "coop" = "0"
L 01/20/2013 - 17:04:56: Server cvar "csdm_active" = "1"
L 01/20/2013 - 17:04:56: Server cvar "csdm_version" = "2.1.2"
L 01/20/2013 - 17:04:56: Server cvar "deathmatch" = "1"
L 01/20/2013 - 17:04:56: Server cvar "decalfrequency" = "30"
L 01/20/2013 - 17:04:56: Server cvar "dp_version" = "0.9.122"
L 01/20/2013 - 17:04:56: Server cvar "edgefriction" = "2"
L 01/20/2013 - 17:04:56: Server cvar "hostage_debug" = "0"
L 01/20/2013 - 17:04:56: Server cvar "hostage_stop" = "0"
L 01/20/2013 - 17:04:56: Server cvar "humans_join_team" = "any"
L 01/20/2013 - 17:04:56: Server cvar "max_queries_sec" = "3.0"
L 01/20/2013 - 17:04:56: Server cvar "max_queries_sec_global" = "30"
L 01/20/2013 - 17:04:56: Server cvar "max_queries_window" = "60"
L 01/20/2013 - 17:04:56: Server cvar "metamod_version" = "1.19p32"
L 01/20/2013 - 17:04:56: Server cvar "mp_allowmonsters" = "0"
L 01/20/2013 - 17:04:56: Server cvar "mp_autokick" = "0"
L 01/20/2013 - 17:04:56: Server cvar "mp_autoteambalance" = "0"
L 01/20/2013 - 17:04:56: Server cvar "mp_buytime" = "1.5"
L 01/20/2013 - 17:04:56: Server cvar "mp_c4timer" = "45"
L 01/20/2013 - 17:04:56: Server cvar "mp_chattime" = "10"
L 01/20/2013 - 17:04:56: Server cvar "mp_consistency" = "1"
L 01/20/2013 - 17:04:56: Server cvar "mp_fadetoblack" = "0"
L 01/20/2013 - 17:04:56: Server cvar "mp_flashlight" = "1"
L 01/20/2013 - 17:04:56: Server cvar "mp_footsteps" = "1"
L 01/20/2013 - 17:04:56: Server cvar "mp_forcecamera" = "0"
L 01/20/2013 - 17:04:56: Server cvar "mp_forcechasecam" = "0"
L 01/20/2013 - 17:04:56: Server cvar "mp_fragsleft" = "0"
L 01/20/2013 - 17:04:56: Server cvar "mp_freeforall" = "0"
L 01/20/2013 - 17:04:56: Server cvar "mp_freezetime" = "0"
L 01/20/2013 - 17:04:56: Server cvar "mp_friendlyfire" = "0"
L 01/20/2013 - 17:04:56: Server cvar "mp_ghostfrequency" = "0.1"
L 01/20/2013 - 17:04:56: Server cvar "mp_hostagepenalty" = "13"
L 01/20/2013 - 17:04:56: Server cvar "mp_kickpercent" = "0.66"
L 01/20/2013 - 17:04:56: Server cvar "mp_limitteams" = "0"
L 01/20/2013 - 17:04:56: Server cvar "mp_logdetail" = "0"
L 01/20/2013 - 17:04:56: Server cvar "mp_logfile" = "1"
L 01/20/2013 - 17:04:56: Server cvar "mp_logmessages" = "1"
L 01/20/2013 - 17:04:56: Server cvar "mp_mapvoteratio" = "0.66"
L 01/20/2013 - 17:04:56: Server cvar "mp_maxrounds" = "0"
L 01/20/2013 - 17:04:56: Server cvar "mp_mirrordamage" = "0"
L 01/20/2013 - 17:04:56: Server cvar "mp_playerid" = "0"
L 01/20/2013 - 17:04:56: Server cvar "mp_roundtime" = "5"
L 01/20/2013 - 17:04:56: Server cvar "mp_startmoney" = "800"
L 01/20/2013 - 17:04:56: Server cvar "mp_timeleft" = "0"
L 01/20/2013 - 17:04:56: Server cvar "mp_timelimit" = "20"
L 01/20/2013 - 17:04:56: Server cvar "mp_tkpunish" = "0"
L 01/20/2013 - 17:04:56: Server cvar "mp_windifference" = "1"
L 01/20/2013 - 17:04:56: Server cvar "mp_winlimit" = "0"
L 01/20/2013 - 17:04:56: Server cvar "pausable" = "0"
L 01/20/2013 - 17:04:56: Server cvar "statsx_shell_ver" = "2.0.0 (BETA)"
L 01/20/2013 - 17:04:56: Server cvar "sv_accelerate" = "5"
L 01/20/2013 - 17:04:56: Server cvar "sv_aim" = "0"
L 01/20/2013 - 17:04:56: Server cvar "sv_airaccelerate" = "10"
L 01/20/2013 - 17:04:56: Server cvar "sv_airmove" = "1"
L 01/20/2013 - 17:04:56: Server cvar "sv_allowupload" = "1"
L 01/20/2013 - 17:04:56: Server cvar "sv_alltalk" = "1"
L 01/20/2013 - 17:04:56: Server cvar "sv_bounce" = "1"
L 01/20/2013 - 17:04:56: Server cvar "sv_cheats" = "0"
L 01/20/2013 - 17:04:56: Server cvar "sv_clienttrace" = "1"
L 01/20/2013 - 17:04:56: Server cvar "sv_clipmode" = "0"
L 01/20/2013 - 17:04:56: Server cvar "sv_contact" = ""
L 01/20/2013 - 17:04:56: Server cvar "sv_friction" = "4"
L 01/20/2013 - 17:04:56: Server cvar "sv_gravity" = "800"
L 01/20/2013 - 17:04:56: Server cvar "sv_logblocks" = "0"
L 01/20/2013 - 17:04:56: Server cvar "sv_maxrate" = "25000"
L 01/20/2013 - 17:04:56: Server cvar "sv_maxspeed" = "900"
L 01/20/2013 - 17:04:56: Server cvar "sv_minrate" = "0"
L 01/20/2013 - 17:04:56: Server cvar "sv_password" = ""
L 01/20/2013 - 17:04:56: Server cvar "sv_proxies" = "1"
L 01/20/2013 - 17:04:56: Server cvar "sv_region" = "-1"
L 01/20/2013 - 17:04:56: Server cvar "sv_restart" = "0"
L 01/20/2013 - 17:04:56: Server cvar "sv_restartround" = "0"
L 01/20/2013 - 17:04:56: Server cvar "sv_stepsize" = "18"
L 01/20/2013 - 17:04:56: Server cvar "sv_stopspeed" = "75"
L 01/20/2013 - 17:04:56: Server cvar "sv_uploadmax" = "0.5"
L 01/20/2013 - 17:04:56: Server cvar "sv_voiceenable" = "1"
L 01/20/2013 - 17:04:56: Server cvar "sv_wateraccelerate" = "10"
L 01/20/2013 - 17:04:56: Server cvar "sv_waterfriction" = "1"
L 01/20/2013 - 17:04:56: Server cvar "wallblocker_author" = ""
L 01/20/2013 - 17:04:56: Server cvar "wallblocker_enable" = "1"
L 01/20/2013 - 17:04:56: Server cvar "wallblocker_version" = "4.5"
L 01/20/2013 - 17:04:56: Server cvars end
L 01/20/2013 - 17:04:56: Server cvar "amx_nextmap" = "de_dust"
L 01/20/2013 - 17:04:57: Started map "cs_assault" (CRC "777915923")
L 01/20/2013 - 17:04:58: World triggered "Round_Start"
L 01/20/2013 - 17:05:01: [DPROTO]: Client 0 - Set AuthIdType 1 [dp_SteamEmu]; pClient = 05BC14A0
L 01/20/2013 - 17:05:01: "LiKeee<20><STEAM_0:0:1904474522><>" connected, address "46.181.130.173:27005"
L 01/20/2013 - 17:05:03: "[F.O.R.W.A.R.D]*tm*>DEM<15><STEAM_0:0:913028420><>" entered the game
L 01/20/2013 - 17:05:04: "LiKeee<20><STEAM_0:0:1904474522><>" entered the game
L 01/20/2013 - 17:05:05: "LiKeee<20><STEAM_0:0:1904474522><>" joined team "TERRORIST"
L 01/20/2013 - 17:06:38: "LiKeee<20><STEAM_0:0:1904474522><TERRORIST>" committed suicide with "world"
L 01/20/2013 - 17:06:38: World triggered "Round_Draw" (CT "0") (T "0")
L 01/20/2013 - 17:06:38: World triggered "Round_End"
L 01/20/2013 - 17:06:38: "LiKeee<20><STEAM_0:0:1904474522><TERRORIST>" joined team "SPECTATOR"
L 01/20/2013 - 17:06:43: World triggered "Round_Start"
L 01/20/2013 - 17:09:04: "[F.O.R.W.A.R.D]*tm*>DEM<15><STEAM_0:0:913028420><>" joined team "CT"
L 01/20/2013 - 17:09:19: "LiKeee<20><STEAM_0:0:1904474522><SPECTATOR>" joined team "TERRORIST"
L 01/20/2013 - 17:09:20: World triggered "Game_Commencing"
L 01/20/2013 - 17:09:20: World triggered "Game_Commencing" (CT "0") (T "0")
L 01/20/2013 - 17:09:20: World triggered "Round_End"
L 01/20/2013 - 17:09:23: World triggered "Round_Start"
L 01/20/2013 - 17:09:29: "LiKeee<20><STEAM_0:0:1904474522><TERRORIST>" say "/menu"
L 01/20/2013 - 17:09:35: Server cvar "sv_restartround" = "1"
L 01/20/2013 - 17:09:35: World triggered "Restart_Round_(1_second)"
L 01/20/2013 - 17:09:35: Team "CT" scored "0" with "1" players
L 01/20/2013 - 17:09:35: Team "TERRORIST" scored "0" with "1" players
L 01/20/2013 - 17:09:35: Server cvar "sv_restartround" = "0"
L 01/20/2013 - 17:09:35: "LiKeee<20><STEAM_0:0:1904474522><TERRORIST>" committed suicide with "world"
L 01/20/2013 - 17:09:35: Team "CT" triggered "CTs_Win" (CT "1") (T "0")
L 01/20/2013 - 17:09:35: World triggered "Round_End"
L 01/20/2013 - 17:09:40: World triggered "Round_Start"
L 01/20/2013 - 17:10:56: "[F.O.R.W.A.R.D]*tm*>DEM<15><STEAM_0:0:913028420><CT>" say "snayper82"
L 01/20/2013 - 17:11:02: "LiKeee<20><STEAM_0:0:1904474522><TERRORIST>" say "sniper82"
L 01/20/2013 - 17:11:34: "LiKeee<20><STEAM_0:0:1904474522><TERRORIST>" killed "[F.O.R.W.A.R.D]*tm*>DEM<15><STEAM_0:0:913028420><CT>" with "scout"
L 01/20/2013 - 17:11:34: Team "TERRORIST" triggered "Terrorists_Win" (CT "0") (T "1")
L 01/20/2013 - 17:11:34: World triggered "Round_End"
L 01/20/2013 - 17:11:39: World triggered "Round_Start"
L 01/20/2013 - 17:11:52: "[F.O.R.W.A.R.D]*tm*>DEM<15><STEAM_0:0:913028420><CT>" killed "LiKeee<20><STEAM_0:0:1904474522><TERRORIST>" with "scout"
L 01/20/2013 - 17:11:52: Team "CT" triggered "CTs_Win" (CT "1") (T "1")
L 01/20/2013 - 17:11:52: World triggered "Round_End"
L 01/20/2013 - 17:11:57: World triggered "Round_Start"
L 01/20/2013 - 17:12:23: "[F.O.R.W.A.R.D]*tm*>DEM<15><STEAM_0:0:913028420><CT>" killed "LiKeee<20><STEAM_0:0:1904474522><TERRORIST>" with "scout"
L 01/20/2013 - 17:12:23: Team "CT" triggered "CTs_Win" (CT "2") (T "1")
L 01/20/2013 - 17:12:23: World triggered "Round_End"
L 01/20/2013 - 17:12:28: World triggered "Round_Start"
L 01/20/2013 - 17:12:35: "LiKeee<20><STEAM_0:0:1904474522><TERRORIST>" say "kriss"
L 01/20/2013 - 17:13:09: "LiKeee<20><STEAM_0:0:1904474522><TERRORIST>" say "ak47gold"
L 01/20/2013 - 17:14:24: "LiKeee<20><STEAM_0:0:1904474522><TERRORIST>" killed "[F.O.R.W.A.R.D]*tm*>DEM<15><STEAM_0:0:913028420><CT>" with "knife"
L 01/20/2013 - 17:14:24: Team "TERRORIST" triggered "Terrorists_Win" (CT "2") (T "2")
L 01/20/2013 - 17:14:24: World triggered "Round_End"
L 01/20/2013 - 17:14:29: World triggered "Round_Start"
L 01/20/2013 - 17:14:34: "LiKeee<20><STEAM_0:0:1904474522><TERRORIST>" say "/menu"
L 01/20/2013 - 17:14:46: "LiKeee<20><STEAM_0:0:1904474522><TERRORIST>" killed "[F.O.R.W.A.R.D]*tm*>DEM<15><STEAM_0:0:913028420><CT>" with "ak47"
L 01/20/2013 - 17:14:46: Team "TERRORIST" triggered "Terrorists_Win" (CT "2") (T "3")
L 01/20/2013 - 17:14:46: World triggered "Round_End"
L 01/20/2013 - 17:14:51: World triggered "Round_Start"
L 01/20/2013 - 17:15:13: "LiKeee<20><STEAM_0:0:1904474522><TERRORIST>" say "/menu"
L 01/20/2013 - 17:15:14: "[F.O.R.W.A.R.D]*tm*>DEM<15><STEAM_0:0:913028420><CT>" killed "LiKeee<20><STEAM_0:0:1904474522><TERRORIST>" with "ak47"
L 01/20/2013 - 17:15:14: Team "CT" triggered "CTs_Win" (CT "3") (T "3")
L 01/20/2013 - 17:15:14: World triggered "Round_End"
L 01/20/2013 - 17:15:18: World triggered "Round_Start"
L 01/20/2013 - 17:15:19: "LiKeee<20><STEAM_0:0:1904474522><TERRORIST>" say "/menu"
L 01/20/2013 - 17:15:34: "LiKeee<20><STEAM_0:0:1904474522><TERRORIST>" killed "[F.O.R.W.A.R.D]*tm*>DEM<15><STEAM_0:0:913028420><CT>" with "ak47"
L 01/20/2013 - 17:15:34: Team "TERRORIST" triggered "Terrorists_Win" (CT "3") (T "4")
L 01/20/2013 - 17:15:34: World triggered "Round_End"
L 01/20/2013 - 17:15:39: World triggered "Round_Start"
L 01/20/2013 - 17:15:57: "LiKeee<20><STEAM_0:0:1904474522><TERRORIST>" killed "[F.O.R.W.A.R.D]*tm*>DEM<15><STEAM_0:0:913028420><CT>" with "ak47"
L 01/20/2013 - 17:15:57: Team "TERRORIST" triggered "Terrorists_Win" (CT "3") (T "5")
L 01/20/2013 - 17:15:57: World triggered "Round_End"
L 01/20/2013 - 17:16:02: World triggered "Round_Start"
L 01/20/2013 - 17:16:12: "LiKeee<20><STEAM_0:0:1904474522><TERRORIST>" say "/menu"
L 01/20/2013 - 17:16:23: "LiKeee<20><STEAM_0:0:1904474522><TERRORIST>" killed "[F.O.R.W.A.R.D]*tm*>DEM<15><STEAM_0:0:913028420><CT>" with "ak47"
L 01/20/2013 - 17:16:23: Team "TERRORIST" triggered "Terrorists_Win" (CT "3") (T "6")
L 01/20/2013 - 17:16:23: World triggered "Round_End"
L 01/20/2013 - 17:16:28: World triggered "Round_Start"
L 01/20/2013 - 17:16:35: "LiKeee<20><STEAM_0:0:1904474522><TERRORIST>" say "/menu"
L 01/20/2013 - 17:16:36: "LiKeee<20><STEAM_0:0:1904474522><TERRORIST>" killed "[F.O.R.W.A.R.D]*tm*>DEM<15><STEAM_0:0:913028420><CT>" with "ak47"
L 01/20/2013 - 17:16:36: Team "TERRORIST" triggered "Terrorists_Win" (CT "3") (T "7")
L 01/20/2013 - 17:16:36: World triggered "Round_End"
L 01/20/2013 - 17:16:41: World triggered "Round_Start"
L 01/20/2013 - 17:16:42: "LiKeee<20><STEAM_0:0:1904474522><TERRORIST>" say "/menu"
L 01/20/2013 - 17:16:51: "LiKeee<20><STEAM_0:0:1904474522><TERRORIST>" killed "[F.O.R.W.A.R.D]*tm*>DEM<15><STEAM_0:0:913028420><CT>" with "ak47"
L 01/20/2013 - 17:16:51: Team "TERRORIST" triggered "Terrorists_Win" (CT "3") (T "8")
L 01/20/2013 - 17:16:51: World triggered "Round_End"
L 01/20/2013 - 17:16:56: World triggered "Round_Start"
L 01/20/2013 - 17:17:00: "[F.O.R.W.A.R.D]*tm*>DEM<15><STEAM_0:0:913028420><CT>" disconnected
L 01/20/2013 - 17:17:02: "LiKeee<20><STEAM_0:0:1904474522><TERRORIST>" say "/menu"
L 01/20/2013 - 17:17:09: "LiKeee<20><STEAM_0:0:1904474522><TERRORIST>" say "?"
L 01/20/2013 - 17:17:12: "LiKeee<20><STEAM_0:0:1904474522><TERRORIST>" disconnected
L 01/20/2013 - 17:17:12: World triggered "Round_Draw" (CT "3") (T "8")
L 01/20/2013 - 17:17:12: World triggered "Round_End"
L 01/20/2013 - 17:17:17: World triggered "Round_Start"
L 01/20/2013 - 17:19:44: [META] ini: Begin re-reading plugins list: d:/Сервер/csdm+guns+lm/csdm+guns+lm/cstrike/addons/metamod/plugins.ini
L 01/20/2013 - 17:19:44: [META] ini: Read plugin config for: AMX Mod X
L 01/20/2013 - 17:19:44: [META] ini: Read plugin config for: dproto
L 01/20/2013 - 17:19:44: [META] ini: Read plugin config for: mmtimer
L 01/20/2013 - 17:19:44: [META] ini: Finished reading plugins list: d:/Сервер/csdm+guns+lm/csdm+guns+lm/cstrike/addons/metamod/plugins.ini; Found 3 plugins
L 01/20/2013 - 17:19:44: [META] dll: Updating plugins...
L 01/20/2013 - 17:19:44: [META] dll: Finished updating 10 plugins; kept 3, loaded 0, unloaded 0, reloaded 0, delayed 0
L 01/20/2013 - 17:19:44: Log file closed
