L 01/27/2013 - 14:12:07: Log file started (file "logs\L0127017.log") (game "cstrike") (version "48/1.1.2.6/4554")
L 01/27/2013 - 14:12:07: Server cvar "mp_autokick" = "0"
L 01/27/2013 - 14:12:07: Server cvar "mp_autoteambalance" = "0"
L 01/27/2013 - 14:12:07: Server cvar "mp_flashlight" = "1"
L 01/27/2013 - 14:12:07: Server cvar "mp_freezetime" = "0"
L 01/27/2013 - 14:12:07: Server cvar "mp_limitteams" = "0"
L 01/27/2013 - 14:12:07: Server cvar "mp_timelimit" = "20"
L 01/27/2013 - 14:12:07: Server cvar "sv_aim" = "0"
L 01/27/2013 - 14:12:07: Server cvar "sv_maxspeed" = "320"
L 01/27/2013 - 14:12:07: Server cvar "sv_maxrate" = "25000"
L 01/27/2013 - 14:12:07: Server cvar "sv_alltalk" = "1"
L 01/27/2013 - 14:12:12: [DPROTO]: Client 0 - Set AuthIdType 1 [Native]; pClient = 05B214A0
L 01/27/2013 - 14:12:12: "MaHb9K<1><STEAM_0:0:670348375><>" connected, address "46.181.130.173:27005"
L 01/27/2013 - 14:12:12: "MaHb9K<1><STEAM_0:0:670348375><>" STEAM USERID validated
L 01/27/2013 - 14:12:14: [DPROTO]: Client 0 - Set AuthIdType 1 [Native]; pClient = 05B214A0
L 01/27/2013 - 14:12:14: "MaHb9K<2><STEAM_0:0:670348375><>" connected, address "46.181.130.173:27005"
L 01/27/2013 - 14:12:14: "MaHb9K<2><STEAM_0:0:670348375><>" STEAM USERID validated
L 01/27/2013 - 14:12:15: World triggered "Round_Start"
L 01/27/2013 - 14:12:15: ".<3><BOT><>" entered the game
L 01/27/2013 - 14:12:15: ".<3><BOT><>" joined team "TERRORIST"
L 01/27/2013 - 14:12:15: ":<4><BOT><>" entered the game
L 01/27/2013 - 14:12:15: ":<4><BOT><>" joined team "CT"
L 01/27/2013 - 14:12:17: "MaHb9K<2><STEAM_0:0:670348375><>" entered the game
L 01/27/2013 - 14:12:18: "MaHb9K<2><STEAM_0:0:670348375><>" joined team "TERRORIST"
L 01/27/2013 - 14:12:18: "MaHb9K<2><STEAM_0:0:670348375><TERRORIST>" triggered "Spawned_With_The_Bomb"
L 01/27/2013 - 14:12:18: "MaHb9K<2><STEAM_0:0:670348375><TERRORIST>" triggered "Dropped_The_Bomb"
L 01/27/2013 - 14:12:20: "MaHb9K<2><STEAM_0:0:670348375><TERRORIST>" disconnected
L 01/27/2013 - 14:12:49: ".<3><BOT><TERRORIST>" disconnected
L 01/27/2013 - 14:12:49: ":<4><BOT><CT>" disconnected
L 01/27/2013 - 14:12:49: World triggered "Round_Draw" (CT "0") (T "0")
L 01/27/2013 - 14:12:49: World triggered "Round_End"
L 01/27/2013 - 14:12:49: [META] ini: Begin re-reading plugins list: d:/Сервер/csdm+guns+lm/csdm+guns+lm/cstrike/addons/metamod/plugins.ini
L 01/27/2013 - 14:12:49: [META] ini: Read plugin config for: AMX Mod X
L 01/27/2013 - 14:12:49: [META] ini: Read plugin config for: dproto
L 01/27/2013 - 14:12:49: [META] ini: Read plugin config for: mmtimer
L 01/27/2013 - 14:12:49: [META] ini: Finished reading plugins list: d:/Сервер/csdm+guns+lm/csdm+guns+lm/cstrike/addons/metamod/plugins.ini; Found 3 plugins
L 01/27/2013 - 14:12:49: [META] dll: Updating plugins...
L 01/27/2013 - 14:12:49: [META] dll: Finished updating 10 plugins; kept 3, loaded 0, unloaded 0, reloaded 0, delayed 0
L 01/27/2013 - 14:12:49: Log file closed
