L 01/21/2013 - 18:58:53: Log file started (file "logs\L0121037.log") (game "cstrike") (version "48/1.1.2.6/4554")
L 01/21/2013 - 18:58:53: Server cvar "mp_autokick" = "0"
L 01/21/2013 - 18:58:53: Server cvar "mp_autoteambalance" = "0"
L 01/21/2013 - 18:58:53: Server cvar "mp_flashlight" = "1"
L 01/21/2013 - 18:58:53: Server cvar "mp_freezetime" = "0"
L 01/21/2013 - 18:58:53: Server cvar "mp_limitteams" = "0"
L 01/21/2013 - 18:58:53: Server cvar "mp_timelimit" = "20"
L 01/21/2013 - 18:58:53: Server cvar "sv_aim" = "0"
L 01/21/2013 - 18:58:53: Server cvar "sv_maxspeed" = "320"
L 01/21/2013 - 18:58:53: Server cvar "sv_maxrate" = "25000"
L 01/21/2013 - 18:58:53: Server cvar "sv_alltalk" = "1"
L 01/21/2013 - 18:59:00: World triggered "Round_Start"
L 01/21/2013 - 18:59:00: ".<1><BOT><>" entered the game
L 01/21/2013 - 18:59:00: ".<1><BOT><>" joined team "TERRORIST"
L 01/21/2013 - 18:59:00: ":<2><BOT><>" entered the game
L 01/21/2013 - 18:59:01: ":<2><BOT><>" joined team "CT"
L 01/21/2013 - 18:59:08: [DPROTO]: Client 2 - Set AuthIdType 1 [dp_SteamEmu]; pClient = 05C2B4B0
L 01/21/2013 - 18:59:08: "LiKeee<3><STEAM_0:0:1904474522><>" connected, address "46.181.130.173:27005"
L 01/21/2013 - 18:59:09: [DPROTO]: Client 2 - Set AuthIdType 1 [dp_SteamEmu]; pClient = 05C2B4B0
L 01/21/2013 - 18:59:09: "LiKeee<4><STEAM_0:0:1904474522><>" connected, address "46.181.130.173:27005"
L 01/21/2013 - 18:59:16: "LiKeee<4><STEAM_0:0:1904474522><>" entered the game
L 01/21/2013 - 18:59:17: "LiKeee<4><STEAM_0:0:1904474522><>" joined team "TERRORIST"
L 01/21/2013 - 18:59:17: ".<1><BOT><TERRORIST>" triggered "Spawned_With_The_Bomb"
L 01/21/2013 - 18:59:43: "LiKeee<4><STEAM_0:0:1904474522><TERRORIST>" committed suicide with "world"
L 01/21/2013 - 19:02:50: "LiKeee<4><STEAM_0:0:1904474522><TERRORIST>" committed suicide with "world"
L 01/21/2013 - 19:02:50: "LiKeee<4><STEAM_0:0:1904474522><TERRORIST>" joined team "CT"
L 01/21/2013 - 19:03:09: "LiKeee<4><STEAM_0:0:1904474522><CT>" disconnected
L 01/21/2013 - 19:04:00: Team "CT" triggered "Target_Saved" (CT "1") (T "0")
L 01/21/2013 - 19:04:00: World triggered "Round_End"
L 01/21/2013 - 19:04:05: World triggered "Round_Start"
L 01/21/2013 - 19:15:50: ".<1><BOT><TERRORIST>" disconnected
L 01/21/2013 - 19:15:50: ":<2><BOT><CT>" disconnected
L 01/21/2013 - 19:15:50: World triggered "Round_Draw" (CT "1") (T "0")
L 01/21/2013 - 19:15:50: World triggered "Round_End"
L 01/21/2013 - 19:15:50: [META] ini: Begin re-reading plugins list: d:/Сервер/csdm+guns+lm/csdm+guns+lm/cstrike/addons/metamod/plugins.ini
L 01/21/2013 - 19:15:50: [META] ini: Read plugin config for: AMX Mod X
L 01/21/2013 - 19:15:50: [META] ini: Read plugin config for: dproto
L 01/21/2013 - 19:15:50: [META] ini: Read plugin config for: mmtimer
L 01/21/2013 - 19:15:50: [META] ini: Finished reading plugins list: d:/Сервер/csdm+guns+lm/csdm+guns+lm/cstrike/addons/metamod/plugins.ini; Found 3 plugins
L 01/21/2013 - 19:15:50: [META] dll: Updating plugins...
L 01/21/2013 - 19:15:50: [META] dll: Finished updating 10 plugins; kept 3, loaded 0, unloaded 0, reloaded 0, delayed 0
L 01/21/2013 - 19:15:50: Log file closed
