L 02/05/2013 - 23:36:02: Log file started (file "logs\L0205010.log") (game "cstrike") (version "48/1.1.2.6/4554")
L 02/05/2013 - 23:36:02: Loading map "de_train"
L 02/05/2013 - 23:36:02: Server cvars start
L 02/05/2013 - 23:36:02: Server cvar "_tutor_bomb_viewable_check_interval" = "0.5"
L 02/05/2013 - 23:36:02: Server cvar "_tutor_debug_level" = "0"
L 02/05/2013 - 23:36:02: Server cvar "_tutor_examine_time" = "0.5"
L 02/05/2013 - 23:36:02: Server cvar "_tutor_hint_interval_time" = "10.0"
L 02/05/2013 - 23:36:02: Server cvar "_tutor_look_angle" = "10"
L 02/05/2013 - 23:36:02: Server cvar "_tutor_look_distance" = "200"
L 02/05/2013 - 23:36:02: Server cvar "_tutor_message_character_display_time_coefficient" = "0.07"
L 02/05/2013 - 23:36:02: Server cvar "_tutor_message_minimum_display_time" = "1"
L 02/05/2013 - 23:36:02: Server cvar "_tutor_message_repeats" = "5"
L 02/05/2013 - 23:36:02: Server cvar "_tutor_view_distance" = "1000"
L 02/05/2013 - 23:36:02: Server cvar "allow_spectators" = "1.0"
L 02/05/2013 - 23:36:02: Server cvar "amx_client_languages" = "0"
L 02/05/2013 - 23:36:02: Server cvar "amx_language" = "ru"
L 02/05/2013 - 23:36:02: Server cvar "amx_nextmap" = "de_train"
L 02/05/2013 - 23:36:02: Server cvar "amx_timeleft" = "00:00"
L 02/05/2013 - 23:36:02: Server cvar "amxmodx_version" = "1.8.2-dev"
L 02/05/2013 - 23:36:02: Server cvar "coop" = "0"
L 02/05/2013 - 23:36:02: Server cvar "csdm_active" = "1"
L 02/05/2013 - 23:36:02: Server cvar "csdm_version" = "2.1.2"
L 02/05/2013 - 23:36:02: Server cvar "deathmatch" = "1"
L 02/05/2013 - 23:36:02: Server cvar "decalfrequency" = "30"
L 02/05/2013 - 23:36:02: Server cvar "dp_version" = "0.9.122"
L 02/05/2013 - 23:36:02: Server cvar "edgefriction" = "2"
L 02/05/2013 - 23:36:02: Server cvar "hostage_debug" = "0"
L 02/05/2013 - 23:36:02: Server cvar "hostage_stop" = "0"
L 02/05/2013 - 23:36:02: Server cvar "humans_join_team" = "any"
L 02/05/2013 - 23:36:02: Server cvar "max_queries_sec" = "3.0"
L 02/05/2013 - 23:36:02: Server cvar "max_queries_sec_global" = "30"
L 02/05/2013 - 23:36:02: Server cvar "max_queries_window" = "60"
L 02/05/2013 - 23:36:02: Server cvar "metamod_version" = "1.19p32"
L 02/05/2013 - 23:36:02: Server cvar "mp_allowmonsters" = "0"
L 02/05/2013 - 23:36:02: Server cvar "mp_autokick" = "0"
L 02/05/2013 - 23:36:02: Server cvar "mp_autoteambalance" = "0"
L 02/05/2013 - 23:36:02: Server cvar "mp_buytime" = "1.5"
L 02/05/2013 - 23:36:02: Server cvar "mp_c4timer" = "45"
L 02/05/2013 - 23:36:02: Server cvar "mp_chattime" = "10"
L 02/05/2013 - 23:36:02: Server cvar "mp_consistency" = "1"
L 02/05/2013 - 23:36:02: Server cvar "mp_fadetoblack" = "0"
L 02/05/2013 - 23:36:02: Server cvar "mp_flashlight" = "1"
L 02/05/2013 - 23:36:02: Server cvar "mp_footsteps" = "1"
L 02/05/2013 - 23:36:02: Server cvar "mp_forcecamera" = "0"
L 02/05/2013 - 23:36:02: Server cvar "mp_forcechasecam" = "0"
L 02/05/2013 - 23:36:02: Server cvar "mp_fragsleft" = "0"
L 02/05/2013 - 23:36:02: Server cvar "mp_freeforall" = "0"
L 02/05/2013 - 23:36:02: Server cvar "mp_freezetime" = "0"
L 02/05/2013 - 23:36:02: Server cvar "mp_friendlyfire" = "0"
L 02/05/2013 - 23:36:02: Server cvar "mp_ghostfrequency" = "0.1"
L 02/05/2013 - 23:36:02: Server cvar "mp_hostagepenalty" = "13"
L 02/05/2013 - 23:36:02: Server cvar "mp_kickpercent" = "0.66"
L 02/05/2013 - 23:36:02: Server cvar "mp_limitteams" = "0"
L 02/05/2013 - 23:36:02: Server cvar "mp_logdetail" = "0"
L 02/05/2013 - 23:36:02: Server cvar "mp_logfile" = "1"
L 02/05/2013 - 23:36:02: Server cvar "mp_logmessages" = "1"
L 02/05/2013 - 23:36:02: Server cvar "mp_mapvoteratio" = "0.66"
L 02/05/2013 - 23:36:02: Server cvar "mp_maxrounds" = "0"
L 02/05/2013 - 23:36:02: Server cvar "mp_mirrordamage" = "0"
L 02/05/2013 - 23:36:02: Server cvar "mp_playerid" = "0"
L 02/05/2013 - 23:36:02: Server cvar "mp_roundtime" = "5"
L 02/05/2013 - 23:36:02: Server cvar "mp_startmoney" = "800"
L 02/05/2013 - 23:36:02: Server cvar "mp_timeleft" = "0"
L 02/05/2013 - 23:36:02: Server cvar "mp_timelimit" = "20"
L 02/05/2013 - 23:36:02: Server cvar "mp_tkpunish" = "0"
L 02/05/2013 - 23:36:02: Server cvar "mp_windifference" = "1"
L 02/05/2013 - 23:36:02: Server cvar "mp_winlimit" = "0"
L 02/05/2013 - 23:36:02: Server cvar "pausable" = "0"
L 02/05/2013 - 23:36:02: Server cvar "statsx_shell_ver" = "2.0.0 (BETA)"
L 02/05/2013 - 23:36:02: Server cvar "sv_accelerate" = "5"
L 02/05/2013 - 23:36:02: Server cvar "sv_aim" = "0"
L 02/05/2013 - 23:36:02: Server cvar "sv_airaccelerate" = "10"
L 02/05/2013 - 23:36:02: Server cvar "sv_airmove" = "1"
L 02/05/2013 - 23:36:02: Server cvar "sv_allowupload" = "1"
L 02/05/2013 - 23:36:02: Server cvar "sv_alltalk" = "1"
L 02/05/2013 - 23:36:02: Server cvar "sv_bounce" = "1"
L 02/05/2013 - 23:36:02: Server cvar "sv_cheats" = "0"
L 02/05/2013 - 23:36:02: Server cvar "sv_clienttrace" = "1"
L 02/05/2013 - 23:36:02: Server cvar "sv_clipmode" = "0"
L 02/05/2013 - 23:36:02: Server cvar "sv_contact" = ""
L 02/05/2013 - 23:36:02: Server cvar "sv_friction" = "4"
L 02/05/2013 - 23:36:02: Server cvar "sv_gravity" = "800"
L 02/05/2013 - 23:36:02: Server cvar "sv_logblocks" = "0"
L 02/05/2013 - 23:36:02: Server cvar "sv_maxrate" = "25000"
L 02/05/2013 - 23:36:02: Server cvar "sv_maxspeed" = "900"
L 02/05/2013 - 23:36:02: Server cvar "sv_minrate" = "0"
L 02/05/2013 - 23:36:02: Server cvar "sv_password" = ""
L 02/05/2013 - 23:36:02: Server cvar "sv_proxies" = "1"
L 02/05/2013 - 23:36:02: Server cvar "sv_region" = "-1"
L 02/05/2013 - 23:36:02: Server cvar "sv_restart" = "0"
L 02/05/2013 - 23:36:02: Server cvar "sv_restartround" = "0"
L 02/05/2013 - 23:36:02: Server cvar "sv_stepsize" = "18"
L 02/05/2013 - 23:36:02: Server cvar "sv_stopspeed" = "75"
L 02/05/2013 - 23:36:02: Server cvar "sv_uploadmax" = "0.5"
L 02/05/2013 - 23:36:02: Server cvar "sv_voiceenable" = "1"
L 02/05/2013 - 23:36:02: Server cvar "sv_wateraccelerate" = "10"
L 02/05/2013 - 23:36:02: Server cvar "sv_waterfriction" = "1"
L 02/05/2013 - 23:36:02: Server cvar "wallblocker_author" = ""
L 02/05/2013 - 23:36:02: Server cvar "wallblocker_enable" = "1"
L 02/05/2013 - 23:36:02: Server cvar "wallblocker_version" = "4.5"
L 02/05/2013 - 23:36:02: Server cvars end
L 02/05/2013 - 23:36:03: Server cvar "amx_nextmap" = "de_aztec"
L 02/05/2013 - 23:36:03: Started map "de_train" (CRC "-663702360")
L 02/05/2013 - 23:36:04: World triggered "Round_Start"
L 02/05/2013 - 23:41:04: Team "CT" triggered "Target_Saved" (CT "1") (T "0")
L 02/05/2013 - 23:41:04: World triggered "Round_End"
L 02/05/2013 - 23:41:09: World triggered "Round_Start"
L 02/05/2013 - 23:49:05: [DPROTO]: Client 0 - Set AuthIdType 8 [dproto]; pClient = 05A014A0
L 02/05/2013 - 23:49:05: "--==K[E]N[T]3==--<3><STEAM_ID_LAN><>" connected, address "89.23.140.150:27005"
L 02/05/2013 - 23:49:17: [DPROTO]: Client 0 - Set AuthIdType 8 [dproto]; pClient = 05A014A0
L 02/05/2013 - 23:49:17: "--==K[E]N[T]3==--<4><STEAM_ID_LAN><>" connected, address "89.23.140.150:27005"
L 02/05/2013 - 23:52:59: [DPROTO]: Client 1 - Set AuthIdType 1 [dp_RevEmu]; pClient = 05A064A8
L 02/05/2013 - 23:52:59: "XoXaH<5><STEAM_0:0:670348375><>" connected, address "46.181.130.173:27005"
L 02/05/2013 - 23:53:03: "XoXaH<5><STEAM_0:0:670348375><>" entered the game
L 02/05/2013 - 23:53:04: "--==K[E]N[T]3==--<4><STEAM_ID_LAN><>" entered the game
L 02/05/2013 - 23:53:06: "XoXaH<5><STEAM_0:0:670348375><>" joined team "CT"
L 02/05/2013 - 23:53:11: "--==K[E]N[T]3==--<4><STEAM_ID_LAN><>" joined team "CT"
L 02/05/2013 - 23:53:15: "--==K[E]N[T]3==--<4><STEAM_ID_LAN><CT>" disconnected
L 02/05/2013 - 23:53:25: [DPROTO]: Client 0 - Set AuthIdType 8 [dproto]; pClient = 05A014A0
L 02/05/2013 - 23:53:25: "--==K[E]N[T]3==--<6><STEAM_ID_LAN><>" connected, address "89.23.140.150:27005"
L 02/05/2013 - 23:53:29: "--==K[E]N[T]3==--<6><STEAM_ID_LAN><>" entered the game
L 02/05/2013 - 23:53:32: "--==K[E]N[T]3==--<6><STEAM_ID_LAN><>" joined team "CT"
L 02/05/2013 - 23:53:36: "--==K[E]N[T]3==--<6><STEAM_ID_LAN><CT>" say "/speed"
L 02/05/2013 - 23:53:39: "--==K[E]N[T]3==--<6><STEAM_ID_LAN><CT>" say "/drm"
L 02/05/2013 - 23:53:44: "--==K[E]N[T]3==--<6><STEAM_ID_LAN><CT>" say ")))"
L 02/05/2013 - 23:53:56: "--==K[E]N[T]3==--<6><STEAM_I