L 02/05/2013 - 21:38:23: Log file started (file "logs\L0205000.log") (game "cstrike") (version "48/1.1.2.6/4554")
L 02/05/2013 - 21:38:23: Server cvar "mp_autokick" = "0"
L 02/05/2013 - 21:38:23: Server cvar "mp_autoteambalance" = "0"
L 02/05/2013 - 21:38:23: Server cvar "mp_flashlight" = "1"
L 02/05/2013 - 21:38:23: Server cvar "mp_freezetime" = "0"
L 02/05/2013 - 21:38:23: Server cvar "mp_limitteams" = "0"
L 02/05/2013 - 21:38:23: Server cvar "mp_timelimit" = "20"
L 02/05/2013 - 21:38:23: Server cvar "sv_aim" = "0"
L 02/05/2013 - 21:38:23: Server cvar "sv_maxspeed" = "320"
L 02/05/2013 - 21:38:23: Server cvar "sv_maxrate" = "25000"
L 02/05/2013 - 21:38:23: Server cvar "sv_alltalk" = "1"
L 02/05/2013 - 21:38:31: World triggered "Round_Start"
L 02/05/2013 - 21:38:44: [DPROTO]: Client 0 - Set AuthIdType 1 [dp_RevEmu]; pClient = 05A014A0
L 02/05/2013 - 21:38:44: "XoXaH<1><STEAM_0:0:670348375><>" connected, address "46.181.130.173:27005"
L 02/05/2013 - 21:38:47: "XoXaH<1><STEAM_0:0:670348375><>" entered the game
L 02/05/2013 - 21:38:49: "XoXaH<1><STEAM_0:0:670348375><>" joined team "TERRORIST"
L 02/05/2013 - 21:38:49: "XoXaH<1><STEAM_0:0:670348375><TERRORIST>" triggered "Spawned_With_The_Bomb"
L 02/05/2013 - 21:38:49: "XoXaH<1><STEAM_0:0:670348375><TERRORIST>" triggered "Dropped_The_Bomb"
L 02/05/2013 - 21:39:19: [META] ini: Begin re-reading plugins list: d:/Сервер/csdm+guns+lm/csdm+guns+lm/cstrike/addons/metamod/plugins.ini
L 02/05/2013 - 21:39:19: [META] ini: Read plugin config for: AMX Mod X
L 02/05/2013 - 21:39:19: [META] ini: Read plugin config for: dproto
L 02/05/2013 - 21:39:19: [META] ini: Read plugin config for: mmtimer
L 02/05/2013 - 21:39:19: [META] ini: Finished reading plugins list: d:/Сервер/csdm+guns+lm/csdm+guns+lm/cstrike/addons/metamod/plugins.ini; Found 3 plugins
L 02/05/2013 - 21:39:19: [META] dll: Updating plugins...
L 02/05/2013 - 21:39:19: [META] dll: Finished updating 10 plugins; kept 3, loaded 0, unloaded 0, reloaded 0, delayed 0
L 02/05/2013 - 21:39:19: "XoXaH<1><STEAM_0:0:670348375><TERRORIST>" disconnected
L 02/05/2013 - 21:39:19: World triggered "Round_Draw" (CT "0") (T "0")
L 02/05/2013 - 21:39:19: World triggered "Round_End"
L 02/05/2013 - 21:39:19: Log file closed
