L 11/19/2012 - 18:14:00: Log file started (file "logs\L1119001.log") (game "cstrike") (version "48/1.1.2.6/4554")
L 11/19/2012 - 18:14:00: Server cvar "mp_autokick" = "0"
L 11/19/2012 - 18:14:00: Server cvar "mp_autoteambalance" = "0"
L 11/19/2012 - 18:14:00: Server cvar "mp_flashlight" = "1"
L 11/19/2012 - 18:14:00: Server cvar "mp_freezetime" = "0"
L 11/19/2012 - 18:14:00: Server cvar "mp_limitteams" = "0"
L 11/19/2012 - 18:14:00: Server cvar "mp_timelimit" = "20"
L 11/19/2012 - 18:14:00: Server cvar "sv_aim" = "0"
L 11/19/2012 - 18:14:00: Server cvar "sv_maxspeed" = "320"
L 11/19/2012 - 18:14:00: Server cvar "sv_maxrate" = "25000"
L 11/19/2012 - 18:14:08: World triggered "Round_Start"
L 11/19/2012 - 18:14:10: [DPROTO]: Client 0 - Set AuthIdType 8 [dproto]; pClient = 042D14A0
L 11/19/2012 - 18:14:10: "zajimaem . B-ceps<1><STEAM_ID_LAN><>" connected, address "127.0.0.1:27005"
L 11/19/2012 - 18:14:19: "zajimaem . B-ceps<1><STEAM_ID_LAN><>" entered the game
L 11/19/2012 - 18:14:27: "zajimaem . B-ceps<1><STEAM_ID_LAN><>" joined team "CT"
L 11/19/2012 - 18:14:32: "zajimaem . B-ceps<1><STEAM_ID_LAN><CT>" say "/lm"
L 11/19/2012 - 18:14:42: "zajimaem . B-ceps<1><STEAM_ID_LAN><CT>" say_team "lasermine"
L 11/19/2012 - 18:14:49: "zajimaem . B-ceps<1><STEAM_ID_LAN><CT>" say "lasermine"
L 11/19/2012 - 18:15:10: "zajimaem . B-ceps<1><STEAM_ID_LAN><CT>" disconnected
L 11/19/2012 - 18:15:10: World triggered "Round_Draw" (CT "0") (T "0")
L 11/19/2012 - 18:15:10: World triggered "Round_End"
L 11/19/2012 - 18:15:15: World triggered "Round_Start"
L 11/19/2012 - 18:15:16: [META] ini: Begin re-reading plugins list: d:/csdm+guns+lm/cstrike/addons/metamod/plugins.ini
L 11/19/2012 - 18:15:16: [META] ini: Read plugin config for: AMX Mod X
L 11/19/2012 - 18:15:16: [META] ini: Read plugin config for: dproto
L 11/19/2012 - 18:15:16: [META] ini: Read plugin config for: mmtimer
L 11/19/2012 - 18:15:16: [META] ini: Finished reading plugins list: d:/csdm+guns+lm/cstrike/addons/metamod/plugins.ini; Found 3 plugins
L 11/19/2012 - 18:15:16: [META] dll: Updating plugins...
L 11/19/2012 - 18:15:16: [META] dll: Finished updating 10 plugins; kept 3, loaded 0, unloaded 0, reloaded 0, delayed 0
L 11/19/2012 - 18:15:16: Server shutdown
L 11/19/2012 - 18:15:16: Log file closed
