L 11/15/2012 - 23:59:13: Log file started (file "logs\L1115004.log") (game "cstrike") (version "48/1.1.2.6/4554")
L 11/15/2012 - 23:59:13: Server cvar "mp_autokick" = "0"
L 11/15/2012 - 23:59:13: Server cvar "mp_autoteambalance" = "0"
L 11/15/2012 - 23:59:13: Server cvar "mp_buytime" = "0.30"
L 11/15/2012 - 23:59:13: Server cvar "mp_c4timer" = "35"
L 11/15/2012 - 23:59:13: Server cvar "mp_flashlight" = "1"
L 11/15/2012 - 23:59:13: Server cvar "mp_freezetime" = "0"
L 11/15/2012 - 23:59:13: Server cvar "mp_hostagepenalty" = "0"
L 11/15/2012 - 23:59:13: Server cvar "mp_limitteams" = "0"
L 11/15/2012 - 23:59:13: Server cvar "mp_roundtime" = "2.10"
L 11/15/2012 - 23:59:13: Server cvar "mp_timelimit" = "20"
L 11/15/2012 - 23:59:13: Server cvar "sv_aim" = "0"
L 11/15/2012 - 23:59:13: Server cvar "sv_maxspeed" = "320"
L 11/15/2012 - 23:59:13: Server cvar "sv_maxrate" = "25000"
L 11/15/2012 - 23:59:21: World triggered "Round_Start"
L 11/15/2012 - 23:59:32: [DPROTO]: Client 0 - Set AuthIdType 8 [dproto]; pClient = 042D14A0
L 11/15/2012 - 23:59:32: "Bceps<1><STEAM_ID_LAN><>" connected, address "127.0.0.1:27005"
L 11/15/2012 - 23:59:49: "Bceps<1><STEAM_ID_LAN><>" entered the game
L 11/15/2012 - 23:59:53: "Bceps<1><STEAM_ID_LAN><>" joined team "CT"
L 11/16/2012 - 00:00:42: "Bceps<1><STEAM_ID_LAN><CT>" disconnected
L 11/16/2012 - 00:00:42: World triggered "Round_Draw" (CT "0") (T "0")
L 11/16/2012 - 00:00:42: World triggered "Round_End"
L 11/16/2012 - 00:00:47: World triggered "Round_Start"
L 11/16/2012 - 00:00:59: [META] ini: Begin re-reading plugins list: d:/server/cstrike/addons/metamod/plugins.ini
L 11/16/2012 - 00:00:59: [META] ini: Read plugin config for: AMX Mod X
L 11/16/2012 - 00:00:59: [META] ini: Read plugin config for: dproto
L 11/16/2012 - 00:00:59: [META] ini: Read plugin config for: mmtimer
L 11/16/2012 - 00:00:59: [META] ini: Finished reading plugins list: d:/server/cstrike/addons/metamod/plugins.ini; Found 3 plugins
L 11/16/2012 - 00:00:59: [META] dll: Updating plugins...
L 11/16/2012 - 00:00:59: [META] dll: Finished updating 9 plugins; kept 3, loaded 0, unloaded 0, reloaded 0, delayed 0
L 11/16/2012 - 00:00:59: Server shutdown
L 11/16/2012 - 00:00:59: Log file closed
