L 11/16/2012 - 00:28:32: Log file started (file "logs\L1116001.log") (game "cstrike") (version "48/1.1.2.6/4554")
L 11/16/2012 - 00:28:32: Server cvar "mp_autokick" = "0"
L 11/16/2012 - 00:28:32: Server cvar "mp_autoteambalance" = "0"
L 11/16/2012 - 00:28:32: Server cvar "mp_buytime" = "0.30"
L 11/16/2012 - 00:28:32: Server cvar "mp_c4timer" = "35"
L 11/16/2012 - 00:28:32: Server cvar "mp_flashlight" = "1"
L 11/16/2012 - 00:28:32: Server cvar "mp_freezetime" = "0"
L 11/16/2012 - 00:28:32: Server cvar "mp_hostagepenalty" = "0"
L 11/16/2012 - 00:28:32: Server cvar "mp_limitteams" = "0"
L 11/16/2012 - 00:28:32: Server cvar "mp_roundtime" = "2.10"
L 11/16/2012 - 00:28:32: Server cvar "mp_timelimit" = "20"
L 11/16/2012 - 00:28:32: Server cvar "sv_aim" = "0"
L 11/16/2012 - 00:28:32: Server cvar "sv_maxspeed" = "320"
L 11/16/2012 - 00:28:32: Server cvar "sv_maxrate" = "25000"
L 11/16/2012 - 00:28:35: [DPROTO]: Client 0 - Set AuthIdType 8 [dproto]; pClient = 042D14A0
L 11/16/2012 - 00:28:35: "Bceps<1><STEAM_ID_LAN><>" connected, address "127.0.0.1:27005"
L 11/16/2012 - 00:28:39: World triggered "Round_Start"
L 11/16/2012 - 00:28:43: "Bceps<1><STEAM_ID_LAN><>" entered the game
L 11/16/2012 - 00:28:45: "Bceps<1><STEAM_ID_LAN><>" joined team "CT"
L 11/16/2012 - 00:28:48: "Bceps<1><STEAM_ID_LAN><CT>" say "/tt"
L 11/16/2012 - 00:28:50: Server cvar "sv_restart" = "1"
L 11/16/2012 - 00:28:50: "Bceps<1><STEAM_ID_LAN><CT>" say_team "/rr"
L 11/16/2012 - 00:28:50: World triggered "Restart_Round_(1_second)"
L 11/16/2012 - 00:28:50: Team "CT" scored "0" with "1" players
L 11/16/2012 - 00:28:50: Team "TERRORIST" scored "0" with "0" players
L 11/16/2012 - 00:28:50: Server cvar "sv_restart" = "0"
L 11/16/2012 - 00:28:51: World triggered "Round_Start"
L 11/16/2012 - 00:29:02: [META] ini: Begin re-reading plugins list: d:/server/cstrike/addons/metamod/plugins.ini
L 11/16/2012 - 00:29:02: [META] ini: Read plugin config for: AMX Mod X
L 11/16/2012 - 00:29:02: [META] ini: Read plugin config for: dproto
L 11/16/2012 - 00:29:02: [META] ini: Read plugin config for: mmtimer
L 11/16/2012 - 00:29:02: [META] ini: Finished reading plugins list: d:/server/cstrike/addons/metamod/plugins.ini; Found 3 plugins
L 11/16/2012 - 00:29:02: [META] dll: Updating plugins...
L 11/16/2012 - 00:29:02: [META] dll: Finished updating 9 plugins; kept 3, loaded 0, unloaded 0, reloaded 0, delayed 0
L 11/16/2012 - 00:29:02: "Bceps<-1><><CT>" disconnected
L 11/16/2012 - 00:29:02: World triggered "Round_Draw" (CT "0") (T "0")
L 11/16/2012 - 00:29:02: World triggered "Round_End"
L 11/16/2012 - 00:29:02: Server shutdown
L 11/16/2012 - 00:29:02: Log file closed
