L 11/17/2012 - 14:34:46: Log file started (file "logs\L1117002.log") (game "cstrike") (version "48/1.1.2.6/4554")
L 11/17/2012 - 14:34:46: Loading map "de_dust2"
L 11/17/2012 - 14:34:46: Server cvars start
L 11/17/2012 - 14:34:46: Server cvar "_tutor_bomb_viewable_check_interval" = "0.5"
L 11/17/2012 - 14:34:46: Server cvar "_tutor_debug_level" = "0"
L 11/17/2012 - 14:34:46: Server cvar "_tutor_examine_time" = "0.5"
L 11/17/2012 - 14:34:46: Server cvar "_tutor_hint_interval_time" = "10.0"
L 11/17/2012 - 14:34:46: Server cvar "_tutor_look_angle" = "10"
L 11/17/2012 - 14:34:46: Server cvar "_tutor_look_distance" = "200"
L 11/17/2012 - 14:34:46: Server cvar "_tutor_message_character_display_time_coefficient" = "0.07"
L 11/17/2012 - 14:34:46: Server cvar "_tutor_message_minimum_display_time" = "1"
L 11/17/2012 - 14:34:46: Server cvar "_tutor_message_repeats" = "5"
L 11/17/2012 - 14:34:46: Server cvar "_tutor_view_distance" = "1000"
L 11/17/2012 - 14:34:46: Server cvar "allow_spectators" = "1.0"
L 11/17/2012 - 14:34:46: Server cvar "amx_client_languages" = "0"
L 11/17/2012 - 14:34:46: Server cvar "amx_language" = "ru"
L 11/17/2012 - 14:34:46: Server cvar "amx_nextmap" = "cs_havana"
L 11/17/2012 - 14:34:46: Server cvar "amx_timeleft" = "15:26"
L 11/17/2012 - 14:34:46: Server cvar "amxmodx_version" = "1.8.2-dev"
L 11/17/2012 - 14:34:46: Server cvar "coop" = "0"
L 11/17/2012 - 14:34:46: Server cvar "deathmatch" = "1"
L 11/17/2012 - 14:34:46: Server cvar "decalfrequency" = "30"
L 11/17/2012 - 14:34:46: Server cvar "dp_version" = "0.9.122"
L 11/17/2012 - 14:34:46: Server cvar "edgefriction" = "2"
L 11/17/2012 - 14:34:46: Server cvar "hostage_debug" = "0"
L 11/17/2012 - 14:34:46: Server cvar "hostage_stop" = "0"
L 11/17/2012 - 14:34:46: Server cvar "humans_join_team" = "any"
L 11/17/2012 - 14:34:46: Server cvar "mapend_sounds" = "1.33"
L 11/17/2012 - 14:34:46: Server cvar "max_queries_sec" = "3.0"
L 11/17/2012 - 14:34:46: Server cvar "max_queries_sec_global" = "30"
L 11/17/2012 - 14:34:46: Server cvar "max_queries_window" = "60"
L 11/17/2012 - 14:34:46: Server cvar "metamod_version" = "1.19p32"
L 11/17/2012 - 14:34:46: Server cvar "mp_allowmonsters" = "0"
L 11/17/2012 - 14:34:46: Server cvar "mp_autokick" = "0"
L 11/17/2012 - 14:34:46: Server cvar "mp_autoteambalance" = "0"
L 11/17/2012 - 14:34:46: Server cvar "mp_buytime" = "0.30"
L 11/17/2012 - 14:34:46: Server cvar "mp_c4timer" = "35"
L 11/17/2012 - 14:34:46: Server cvar "mp_chattime" = "10"
L 11/17/2012 - 14:34:46: Server cvar "mp_consistency" = "1"
L 11/17/2012 - 14:34:46: Server cvar "mp_fadetoblack" = "0"
L 11/17/2012 - 14:34:46: Server cvar "mp_flashlight" = "1"
L 11/17/2012 - 14:34:46: Server cvar "mp_footsteps" = "1"
L 11/17/2012 - 14:34:46: Server cvar "mp_forcecamera" = "0"
L 11/17/2012 - 14:34:46: Server cvar "mp_forcechasecam" = "0"
L 11/17/2012 - 14:34:46: Server cvar "mp_fragsleft" = "0"
L 11/17/2012 - 14:34:46: Server cvar "mp_freezetime" = "0"
L 11/17/2012 - 14:34:46: Server cvar "mp_friendlyfire" = "0"
L 11/17/2012 - 14:34:46: Server cvar "mp_ghostfrequency" = "0.1"
L 11/17/2012 - 14:34:46: Server cvar "mp_hostagepenalty" = "0"
L 11/17/2012 - 14:34:46: Server cvar "mp_kickpercent" = "0.66"
L 11/17/2012 - 14:34:46: Server cvar "mp_limitteams" = "0"
L 11/17/2012 - 14:34:46: Server cvar "mp_logdetail" = "0"
L 11/17/2012 - 14:34:46: Server cvar "mp_logfile" = "1"
L 11/17/2012 - 14:34:46: Server cvar "mp_logmessages" = "1"
L 11/17/2012 - 14:34:46: Server cvar "mp_mapvoteratio" = "0.66"
L 11/17/2012 - 14:34:46: Server cvar "mp_maxrounds" = "0"
L 11/17/2012 - 14:34:46: Server cvar "mp_mirrordamage" = "0"
L 11/17/2012 - 14:34:46: Server cvar "mp_playerid" = "0"
L 11/17/2012 - 14:34:46: Server cvar "mp_roundtime" = "2.10"
L 11/17/2012 - 14:34:46: Server cvar "mp_startmoney" = "800"
L 11/17/2012 - 14:34:46: Server cvar "mp_timeleft" = "0"
L 11/17/2012 - 14:34:46: Server cvar "mp_timelimit" = "20"
L 11/17/2012 - 14:34:46: Server cvar "mp_tkpunish" = "0"
L 11/17/2012 - 14:34:46: Server cvar "mp_windifference" = "1"
L 11/17/2012 - 14:34:46: Server cvar "mp_winlimit" = "0"
L 11/17/2012 - 14:34:46: Server cvar "pausable" = "0"
L 11/17/2012 - 14:34:46: Server cvar "santa_hat" = "1.3"
L 11/17/2012 - 14:34:46: Server cvar "statsx_shell_ver" = "2.0.0 (BETA)"
L 11/17/2012 - 14:34:46: Server cvar "sv_accelerate" = "5"
L 11/17/2012 - 14:34:46: Server cvar "sv_aim" = "0"
L 11/17/2012 - 14:34:46: Server cvar "sv_airaccelerate" = "10"
L 11/17/2012 - 14:34:46: Server cvar "sv_airmove" = "1"
L 11/17/2012 - 14:34:46: Server cvar "sv_allowupload" = "1"
L 11/17/2012 - 14:34:46: Server cvar "sv_alltalk" = "0"
L 11/17/2012 - 14:34:46: Server cvar "sv_bounce" = "1"
L 11/17/2012 - 14:34:46: Server cvar "sv_cheats" = "0"
L 11/17/2012 - 14:34:46: Server cvar "sv_clienttrace" = "1"
L 11/17/2012 - 14:34:46: Server cvar "sv_clipmode" = "0"
L 11/17/2012 - 14:34:46: Server cvar "sv_contact" = ""
L 11/17/2012 - 14:34:46: Server cvar "sv_friction" = "4"
L 11/17/2012 - 14:34:46: Server cvar "sv_gravity" = "800"
L 11/17/2012 - 14:34:46: Server cvar "sv_logblocks" = "0"
L 11/17/2012 - 14:34:46: Server cvar "sv_maxrate" = "25000"
L 11/17/2012 - 14:34:46: Server cvar "sv_maxspeed" = "900"
L 11/17/2012 - 14:34:46: Server cvar "sv_minrate" = "0"
L 11/17/2012 - 14:34:46: Server cvar "sv_password" = ""
L 11/17/2012 - 14:34:46: Server cvar "sv_proxies" = "1"
L 11/17/2012 - 14:34:46: Server cvar "sv_region" = "-1"
L 11/17/2012 - 14:34:46: Server cvar "sv_restart" = "0"
L 11/17/2012 - 14:34:46: Server cvar "sv_restartround" = "0"
L 11/17/2012 - 14:34:46: Server cvar "sv_stepsize" = "18"
L 11/17/2012 - 14:34:46: Server cvar "sv_stopspeed" = "75"
L 11/17/2012 - 14:34:46: Server cvar "sv_uploadmax" = "0.5"
L 11/17/2012 - 14:34:46: Server cvar "sv_voiceenable" = "1"
L 11/17/2012 - 14:34:46: Server cvar "sv_wateraccelerate" = "10"
L 11/17/2012 - 14:34:46: Server cvar "sv_waterfriction" = "1"
L 11/17/2012 - 14:34:46: Server cvar "wallblocker_author" = ""
L 11/17/2012 - 14:34:46: Server cvar "wallblocker_enable" = "1"
L 11/17/2012 - 14:34:46: Server cvar "wallblocker_version" = "4.5"
L 11/17/2012 - 14:34:46: Server cvars end
L 11/17/2012 - 14:34:47: Server cvar "amx_nextmap" = "de_chateau"
L 11/17/2012 - 14:34:47: Started map "de_dust2" (CRC "1159425449")
L 11/17/2012 - 14:34:48: World triggered "Round_Start"
L 11/17/2012 - 14:34:50: "Re'Vi/a/ReFLaY.Ka<5><STEAM_0:1:55031644><>" entered the game
L 11/17/2012 - 14:34:53: "Re'Vi/a/ReFLaY.Ka<5><STEAM_0:1:55031644><>" joined team "TERRORIST"
L 11/17/2012 - 14:34:53: "Re'Vi/a/ReFLaY.Ka<5><STEAM_0:1:55031644><TERRORIST>" triggered "Spawned_With_The_Bomb"
L 11/17/2012 - 14:34:54: "Admin<2><STEAM_ID_LAN><>" entered the game
L 11/17/2012 - 14:34:55: "Admin<2><STEAM_ID_LAN><>" joined team "CT"
L 11/17/2012 - 14:34:55: World triggered "Game_Commencing"
L 11/17/2012 - 14:34:55: World triggered "Game_Commencing" (CT "0") (T "0")
L 11/17/2012 - 14:34:55: World triggered "Round_End"
L 11/17/2012 - 14:34:58: "Re'Vi/a/ReFLaY.Ka<5><STEAM_0:1:55031644><TERRORIST>" triggered "Spawned_With_The_Bomb"
L 11/17/2012 - 14:34:58: World triggered "Round_Start"
L 11/17/2012 - 14:34:59: "Admin<2><STEAM_ID_LAN><CT>" say "govori"
L 11/17/2012 - 14:35:09: "Admin<2><STEAM_ID_LAN><CT>" committed suicide with "world"
L 11/17/2012 - 14:35:09: "Admin<2><STEAM_ID_LAN><CT>" joined team "TERRORIST"
L 11/17/2012 - 14:35:10: Server cvar "sv_restartround" = "1"
L 11/17/2012 - 14:35:11: World triggered "Restart_Round_(1_second)"
L 11/17/2012 - 14:35:11: Team "CT" scored "0" with "0" players
L 11/17/2012 - 14:35:11: Team "TERRORIST" scored "0" with "2" players
L 11/17/2012 - 14:35:11: Server cvar "sv_restartround" = "0"
L 11/17/2012 - 14:35:12: "Re'Vi/a/ReFLaY.Ka<5><STEAM_0:1:55031644><TERRORIST>" triggered "Spawned_With_The_Bomb"
L 11/17/2012 - 14:35:12: World triggered "Round_Start"
L 11/17/2012 - 14:35:13: "Admin<2><STEAM_ID_LAN><TERRORIST>" say "vooo"
L 11/17/2012 - 14:35:17: "Admin<2><STEAM_ID_LAN><TERRORIST>" say "da"
L 11/17/2012 - 14:35:23: "Admin<2><STEAM_ID_LAN><TERRORIST>" say "nemogu"
L 11/17/2012 - 14:35:40: Server cvar "sv_restart" = "1"
L 11/17/2012 - 14:35:40: "Admin<2><STEAM_ID_LAN><TERRORIST>" say "/rr"
L 11/17/2012 - 14:35:41: World triggered "Restart_Round_(1_second)"
L 11/17/2012 - 14:35:41: Team "CT" scored "0" with "0" players
L 11/17/2012 - 14:35:41: Team "TERRORIST" scored "0" with "2" players
L 11/17/2012 - 14:35:41: Server cvar "sv_restart" = "0"
L 11/17/2012 - 14:35:42: "Admin<2><STEAM_ID_LAN><TERRORIST>" triggered "Spawned_With_The_Bomb"
L 11/17/2012 - 14:35:42: World triggered "Round_Start"
L 11/17/2012 - 14:35:47: "Admin<2><STEAM_ID_LAN><TERRORIST>" say "napishi rr"
L 11/17/2012 - 14:36:01: "Admin<2><STEAM_ID_LAN><TERRORIST>" say " /ytt"
L 11/17/2012 - 14:36:02: "Re'Vi/a/ReFLaY.Ka<5><STEAM_0:1:55031644><TERRORIST>" say_team "rr"
L 11/17/2012 - 14:36:03: "Admin<2><STEAM_ID_LAN><TERRORIST>" say " /rr"
L 11/17/2012 - 14:36:04: "Re'Vi/a/ReFLaY.Ka<5><STEAM_0:1:55031644><TERRORIST>" say "rr"
L 11/17/2012 - 14:36:07: "Re'Vi/a/ReFLaY.Ka<5><STEAM_0:1:55031644><TERRORIST>" say "/rr"
L 11/17/2012 - 14:36:09: "Admin<2><STEAM_ID_LAN><TERRORIST>" say "vo)"
L 11/17/2012 - 14:36:23: "Admin<2><STEAM_ID_LAN><TERRORIST>" say "snojok norm ne)?"
L 11/17/2012 - 14:36:35: "Admin<2><STEAM_ID_LAN><TERRORIST>" say "axaxa doo"
L 11/17/2012 - 14:36:54: "Admin<2><STEAM_ID_LAN><TERRORIST>" say "axaaa"
L 11/17/2012 - 14:37:04: "Admin<2><STEAM_ID_LAN><TERRORIST>" say ":DDDD"
L 11/17/2012 - 14:37:22: "Admin<2><STEAM_ID_LAN><TERRORIST>" say "y4ucb"
L 11/17/2012 - 14:37:47: Team "CT" triggered "Target_Saved" (CT "1") (T "0")
L 11/17/2012 - 14:37:47: World triggered "Round_End"
L 11/17/2012 - 14:37:52: "Re'Vi/a/ReFLaY.Ka<5><STEAM_0:1:55031644><TERRORIST>" triggered "Spawned_With_The_Bomb"
L 11/17/2012 - 14:37:52: World triggered "Round_Start"
L 11/17/2012 - 14:38:05: "Admin<2><STEAM_ID_LAN><TERRORIST>" say "4o go6aBuTb Ha cepB?"
L 11/17/2012 - 14:38:12: "Re'Vi/a/ReFLaY.Ka<5><STEAM_0:1:55031644><TERRORIST>" say "rs"
L 11/17/2012 - 14:38:17: "Admin<2><STEAM_ID_LAN><TERRORIST>" say "eshe?"
L 11/17/2012 - 14:38:46: "Re'Vi/a/ReFLaY.Ka<5><STEAM_0:1:55031644><TERRORIST>" say "x3    4o    eLLIe"
L 11/17/2012 - 14:39:14: "Re'Vi/a/ReFLaY.Ka<5><STEAM_0:1:55031644><TERRORIST>" say "xaxa"
L 11/17/2012 - 14:39:51: "Admin<2><STEAM_ID_LAN><TERRORIST>" committed suicide with "world"
L 11/17/2012 - 14:39:51: "Admin<2><STEAM_ID_LAN><TERRORIST>" joined team "CT"
L 11/17/2012 - 14:39:51: World triggered "Game_Commencing"
L 11/17/2012 - 14:39:51: World triggered "Game_Commencing" (CT "1") (T "0")
L 11/17/2012 - 14:39:51: World triggered "Round_End"
L 11/17/2012 - 14:39:54: "Re'Vi/a/ReFLaY.Ka<5><STEAM_0:1:55031644><TERRORIST>" triggered "Spawned_With_The_Bomb"
L 11/17/2012 - 14:39:54: World triggered "Round_Start"
L 11/17/2012 - 14:40:06: Server cvar "sv_restartround" = "1"
L 11/17/2012 - 14:40:06: World triggered "Restart_Round_(1_second)"
L 11/17/2012 - 14:40:06: Team "CT" scored "0" with "1" players
L 11/17/2012 - 14:40:06: Team "TERRORIST" scored "0" with "1" players
L 11/17/2012 - 14:40:06: Server cvar "sv_restartround" = "0"
L 11/17/2012 - 14:40:07: "Re'Vi/a/ReFLaY.Ka<5><STEAM_0:1:55031644><TERRORIST>" triggered "Spawned_With_The_Bomb"
L 11/17/2012 - 14:40:07: World triggered "Round_Start"
L 11/17/2012 - 14:40:17: "Admin<2><STEAM_ID_LAN><CT>" killed "Re'Vi/a/ReFLaY.Ka<5><STEAM_0:1:55031644><TERRORIST>" with "deagle"
L 11/17/2012 - 14:40:17: Team "CT" triggered "CTs_Win" (CT "1") (T "0")
L 11/17/2012 - 14:40:17: World triggered "Round_End"
L 11/17/2012 - 14:40:22: "Re'Vi/a/ReFLaY.Ka<5><STEAM_0:1:55031644><TERRORIST>" triggered "Spawned_With_The_Bomb"
L 11/17/2012 - 14:40:22: World triggered "Round_Start"
L 11/17/2012 - 14:40:37: "Admin<2><STEAM_ID_LAN><CT>" killed "Re'Vi/a/ReFLaY.Ka<5><STEAM_0:1:55031644><TERRORIST>" with "deagle"
L 11/17/2012 - 14:40:37: Team "CT" triggered "CTs_Win" (CT "2") (T "0")
L 11/17/2012 - 14:40:37: World triggered "Round_End"
L 11/17/2012 - 14:40:42: "Re'Vi/a/ReFLaY.Ka<5><STEAM_0:1:55031644><TERRORIST>" triggered "Spawned_With_The_Bomb"
L 11/17/2012 - 14:40:42: World triggered "Round_Start"
L 11/17/2012 - 14:40:43: "Admin<2><STEAM_ID_LAN><CT>" say "opasno)"
L 11/17/2012 - 14:41:18: "Admin<2><STEAM_ID_LAN><CT>" killed "Re'Vi/a/ReFLaY.Ka<5><STEAM_0:1:55031644><TERRORIST>" with "awp"
L 11/17/2012 - 14:41:18: Team "CT" triggered "CTs_Win" (CT "3") (T "0")
L 11/17/2012 - 14:41:18: World triggered "Round_End"
L 11/17/2012 - 14:41:23: "Re'Vi/a/ReFLaY.Ka<5><STEAM_0:1:55031644><TERRORIST>" triggered "Spawned_With_The_Bomb"
L 11/17/2012 - 14:41:23: World triggered "Round_Start"
L 11/17/2012 - 14:41:42: "Re'Vi/a/ReFLaY.Ka<5><STEAM_0:1:55031644><TERRORIST>" killed "Admin<2><STEAM_ID_LAN><CT>" with "usp"
L 11/17/2012 - 14:41:42: Team "TERRORIST" triggered "Terrorists_Win" (CT "3") (T "1")
L 11/17/2012 - 14:41:42: World triggered "Round_End"
L 11/17/2012 - 14:41:47: "Re'Vi/a/ReFLaY.Ka<5><STEAM_0:1:55031644><TERRORIST>" triggered "Spawned_With_The_Bomb"
L 11/17/2012 - 14:41:47: World triggered "Round_Start"
L 11/17/2012 - 14:42:00: "Re'Vi/a/ReFLaY.Ka<5><STEAM_0:1:55031644><TERRORIST>" killed "Admin<2><STEAM_ID_LAN><CT>" with "ak47"
L 11/17/2012 - 14:42:00: Team "TERRORIST" triggered "Terrorists_Win" (CT "3") (T "2")
L 11/17/2012 - 14:42:00: World triggered "Round_End"
L 11/17/2012 - 14:42:05: "Re'Vi/a/ReFLaY.Ka<5><STEAM_0:1:55031644><TERRORIST>" triggered "Spawned_With_The_Bomb"
L 11/17/2012 - 14:42:05: World triggered "Round_Start"
L 11/17/2012 - 14:42:05: "Admin<2><STEAM_ID_LAN><CT>" say "vse"
L 11/17/2012 - 14:42:18: "Re'Vi/a/ReFLaY.Ka<5><STEAM_0:1:55031644><TERRORIST>" killed "Admin<2><STEAM_ID_LAN><CT>" with "ak47"
L 11/17/2012 - 14:42:18: Team "TERRORIST" triggered "Terrorists_Win" (CT "3") (T "3")
L 11/17/2012 - 14:42:18: World triggered "Round_End"
L 11/17/2012 - 14:42:19: "Admin<2><STEAM_ID_LAN><CT>" disconnected
L 11/17/2012 - 14:42:23: "Re'Vi/a/ReFLaY.Ka<5><STEAM_0:1:55031644><TERRORIST>" triggered "Spawned_With_The_Bomb"
L 11/17/2012 - 14:42:23: World triggered "Round_Start"
L 11/17/2012 - 14:42:28: [META] ini: Begin re-reading plugins list: d:/server/cstrike/addons/metamod/plugins.ini
L 11/17/2012 - 14:42:28: [META] ini: Read plugin config for: AMX Mod X
L 11/17/2012 - 14:42:28: [META] ini: Read plugin config for: dproto
L 11/17/2012 - 14:42:28: [META] ini: Read plugin config for: mmtimer
L 11/17/2012 - 14:42:28: [META] ini: Finished reading plugins list: d:/server/cstrike/addons/metamod/plugins.ini; Found 3 plugins
L 11/17/2012 - 14:42:28: [META] dll: Updating plugins...
L 11/17/2012 - 14:42:28: [META] dll: Finished updating 9 plugins; kept 3, loaded 0, unloaded 0, reloaded 0, delayed 0
L 11/17/2012 - 14:42:28: "Re'Vi/a/ReFLaY.Ka<-1><><TERRORIST>" triggered "Dropped_The_Bomb"
L 11/17/2012 - 14:42:28: "Re'Vi/a/ReFLaY.Ka<-1><><TERRORIST>" disconnected
L 11/17/2012 - 14:42:28: World triggered "Round_Draw" (CT "3") (T "3")
L 11/17/2012 - 14:42:28: World triggered "Round_End"
L 11/17/2012 - 14:42:28: Server shutdown
L 11/17/2012 - 14:42:28: Log file closed
