L 11/19/2012 - 19:01:30: Log file started (file "logs\L1119007.log") (game "cstrike") (version "48/1.1.2.6/4554")
L 11/19/2012 - 19:01:30: Server cvar "mp_autokick" = "0"
L 11/19/2012 - 19:01:30: Server cvar "mp_autoteambalance" = "0"
L 11/19/2012 - 19:01:30: Server cvar "mp_flashlight" = "1"
L 11/19/2012 - 19:01:30: Server cvar "mp_freezetime" = "0"
L 11/19/2012 - 19:01:30: Server cvar "mp_limitteams" = "0"
L 11/19/2012 - 19:01:30: Server cvar "mp_timelimit" = "20"
L 11/19/2012 - 19:01:30: Server cvar "sv_aim" = "0"
L 11/19/2012 - 19:01:30: Server cvar "sv_maxspeed" = "320"
L 11/19/2012 - 19:01:30: Server cvar "sv_maxrate" = "25000"
L 11/19/2012 - 19:01:30: Server cvar "mp_startmoney" = "16000"
L 11/19/2012 - 19:01:33: [DPROTO]: Client 0 - Set AuthIdType 8 [dproto]; pClient = 042D14A0
L 11/19/2012 - 19:01:33: "zajimaem . B-ceps<1><STEAM_ID_LAN><>" connected, address "127.0.0.1:27005"
L 11/19/2012 - 19:01:37: "zajimaem . B-ceps<1><STEAM_ID_LAN><>" entered the game
L 11/19/2012 - 19:01:38: World triggered "Round_Start"
L 11/19/2012 - 19:01:39: "zajimaem . B-ceps<1><STEAM_ID_LAN><>" joined team "CT"
L 11/19/2012 - 19:02:17: "zajimaem . B-ceps<1><STEAM_ID_LAN><CT>" say_team "/lm"
L 11/19/2012 - 19:02:18: "zajimaem . B-ceps<1><STEAM_ID_LAN><CT>" say "/lm"
L 11/19/2012 - 19:02:19: "zajimaem . B-ceps<1><STEAM_ID_LAN><CT>" say "/lm"
L 11/19/2012 - 19:02:46: "zajimaem . B-ceps<1><STEAM_ID_LAN><CT>" say "/lm"
L 11/19/2012 - 19:03:22: "zajimaem . B-ceps<1><STEAM_ID_LAN><CT>" committed suicide with "worldspawn" (world)
L 11/19/2012 - 19:03:22: World triggered "Round_Draw" (CT "0") (T "0")
L 11/19/2012 - 19:03:22: World triggered "Round_End"
L 11/19/2012 - 19:03:27: World triggered "Round_Start"
L 11/19/2012 - 19:03:36: "zajimaem . B-ceps<1><STEAM_ID_LAN><CT>" disconnected
L 11/19/2012 - 19:03:36: World triggered "Round_Draw" (CT "0") (T "0")
L 11/19/2012 - 19:03:36: World triggered "Round_End"
L 11/19/2012 - 19:03:41: World triggered "Round_Start"
L 11/19/2012 - 19:03:42: [META] ini: Begin re-reading plugins list: d:/csdm+guns+lm/cstrike/addons/metamod/plugins.ini
L 11/19/2012 - 19:03:42: [META] ini: Read plugin config for: AMX Mod X
L 11/19/2012 - 19:03:42: [META] ini: Read plugin config for: dproto
L 11/19/2012 - 19:03:42: [META] ini: Read plugin config for: mmtimer
L 11/19/2012 - 19:03:42: [META] ini: Finished reading plugins list: d:/csdm+guns+lm/cstrike/addons/metamod/plugins.ini; Found 3 plugins
L 11/19/2012 - 19:03:42: [META] dll: Updating plugins...
L 11/19/2012 - 19:03:42: [META] dll: Finished updating 10 plugins; kept 3, loaded 0, unloaded 0, reloaded 0, delayed 0
L 11/19/2012 - 19:03:42: Server shutdown
L 11/19/2012 - 19:03:42: Log file closed
