L 11/18/2012 - 19:48:46: Log file started (file "logs\L1118000.log") (game "cstrike") (version "48/1.1.2.6/4554")
L 11/18/2012 - 19:48:46: Server cvar "mp_autokick" = "0"
L 11/18/2012 - 19:48:46: Server cvar "mp_autoteambalance" = "0"
L 11/18/2012 - 19:48:46: Server cvar "mp_buytime" = "0.30"
L 11/18/2012 - 19:48:46: Server cvar "mp_c4timer" = "35"
L 11/18/2012 - 19:48:46: Server cvar "mp_flashlight" = "1"
L 11/18/2012 - 19:48:46: Server cvar "mp_freezetime" = "0"
L 11/18/2012 - 19:48:46: Server cvar "mp_hostagepenalty" = "0"
L 11/18/2012 - 19:48:46: Server cvar "mp_limitteams" = "0"
L 11/18/2012 - 19:48:46: Server cvar "mp_roundtime" = "2.10"
L 11/18/2012 - 19:48:46: Server cvar "mp_timelimit" = "20"
L 11/18/2012 - 19:48:46: Server cvar "sv_aim" = "0"
L 11/18/2012 - 19:48:46: Server cvar "sv_maxspeed" = "320"
L 11/18/2012 - 19:48:46: Server cvar "sv_maxrate" = "25000"
L 11/18/2012 - 19:48:54: World triggered "Round_Start"
L 11/18/2012 - 19:49:02: [DPROTO]: Client 0 - Set AuthIdType 8 [dproto]; pClient = 042D14A0
L 11/18/2012 - 19:49:02: "1s-1k . B-ceps<1><STEAM_ID_LAN><>" connected, address "127.0.0.1:27005"
L 11/18/2012 - 19:51:46: "1s-1k . B-ceps<1><STEAM_ID_LAN><>" entered the game
L 11/18/2012 - 19:51:49: "1s-1k . B-ceps<1><STEAM_ID_LAN><>" joined team "TERRORIST"
L 11/18/2012 - 19:51:50: "1s-1k . B-ceps<1><STEAM_ID_LAN><TERRORIST>" triggered "Spawned_With_The_Bomb"
L 11/18/2012 - 19:52:08: "1s-1k . B-ceps<1><STEAM_ID_LAN><TERRORIST>" committed suicide with "world"
L 11/18/2012 - 19:52:08: World triggered "Round_Draw" (CT "0") (T "0")
L 11/18/2012 - 19:52:08: World triggered "Round_End"
L 11/18/2012 - 19:52:08: "1s-1k . B-ceps<1><STEAM_ID_LAN><TERRORIST>" joined team "TERRORIST"
L 11/18/2012 - 19:52:08: World triggered "Round_Draw" (CT "0") (T "0")
L 11/18/2012 - 19:52:08: World triggered "Round_End"
L 11/18/2012 - 19:52:13: "1s-1k . B-ceps<1><STEAM_ID_LAN><TERRORIST>" triggered "Spawned_With_The_Bomb"
L 11/18/2012 - 19:52:13: World triggered "Round_Start"
L 11/18/2012 - 19:53:07: "1s-1k . B-ceps<1><STEAM_ID_LAN><TERRORIST>" triggered "Dropped_The_Bomb"
L 11/18/2012 - 19:53:07: "1s-1k . B-ceps<1><STEAM_ID_LAN><TERRORIST>" committed suicide with "world"
L 11/18/2012 - 19:53:07: World triggered "Round_Draw" (CT "0") (T "0")
L 11/18/2012 - 19:53:07: World triggered "Round_End"
L 11/18/2012 - 19:53:07: "1s-1k . B-ceps<1><STEAM_ID_LAN><TERRORIST>" joined team "SPECTATOR"
L 11/18/2012 - 19:53:12: World triggered "Round_Start"
L 11/18/2012 - 19:54:33: [META] ini: Begin re-reading plugins list: d:/server/cstrike/addons/metamod/plugins.ini
L 11/18/2012 - 19:54:33: [META] ini: Read plugin config for: AMX Mod X
L 11/18/2012 - 19:54:33: [META] ini: Read plugin config for: dproto
L 11/18/2012 - 19:54:33: [META] ini: Read plugin config for: mmtimer
L 11/18/2012 - 19:54:33: [META] ini: Finished reading plugins list: d:/server/cstrike/addons/metamod/plugins.ini; Found 3 plugins
L 11/18/2012 - 19:54:33: [META] dll: Updating plugins...
L 11/18/2012 - 19:54:33: [META] dll: Finished updating 9 plugins; kept 3, loaded 0, unloaded 0, reloaded 0, delayed 0
L 11/18/2012 - 19:54:33: "1s-1k . B-ceps<1><STEAM_ID_LAN><SPECTATOR>" disconnected
L 11/18/2012 - 19:54:33: World triggered "Round_Draw" (CT "0") (T "0")
L 11/18/2012 - 19:54:33: World triggered "Round_End"
L 11/18/2012 - 19:54:33: Log file closed
