L 11/12/2012 - 16:07:55: Log file started (file "logs\L1112003.log") (game "cstrike") (version "48/1.1.2.6/4554")
L 11/12/2012 - 16:07:55: Loading map "de_chateau"
L 11/12/2012 - 16:07:55: Server cvars start
L 11/12/2012 - 16:07:55: Server cvar "_tutor_bomb_viewable_check_interval" = "0.5"
L 11/12/2012 - 16:07:55: Server cvar "_tutor_debug_level" = "0"
L 11/12/2012 - 16:07:55: Server cvar "_tutor_examine_time" = "0.5"
L 11/12/2012 - 16:07:55: Server cvar "_tutor_hint_interval_time" = "10.0"
L 11/12/2012 - 16:07:55: Server cvar "_tutor_look_angle" = "10"
L 11/12/2012 - 16:07:55: Server cvar "_tutor_look_distance" = "200"
L 11/12/2012 - 16:07:55: Server cvar "_tutor_message_character_display_time_coefficient" = "0.07"
L 11/12/2012 - 16:07:55: Server cvar "_tutor_message_minimum_display_time" = "1"
L 11/12/2012 - 16:07:55: Server cvar "_tutor_message_repeats" = "5"
L 11/12/2012 - 16:07:55: Server cvar "_tutor_view_distance" = "1000"
L 11/12/2012 - 16:07:55: Server cvar "allow_spectators" = "1.0"
L 11/12/2012 - 16:07:55: Server cvar "amx_client_languages" = "0"
L 11/12/2012 - 16:07:55: Server cvar "amx_language" = "ru"
L 11/12/2012 - 16:07:55: Server cvar "amx_nextmap" = "de_chateau"
L 11/12/2012 - 16:07:55: Server cvar "amx_timeleft" = "00:00"
L 11/12/2012 - 16:07:55: Server cvar "amxmodx_version" = "1.8.2-dev"
L 11/12/2012 - 16:07:55: Server cvar "coop" = "0"
L 11/12/2012 - 16:07:55: Server cvar "deathmatch" = "1"
L 11/12/2012 - 16:07:55: Server cvar "decalfrequency" = "30"
L 11/12/2012 - 16:07:55: Server cvar "dp_version" = "0.9.122"
L 11/12/2012 - 16:07:55: Server cvar "edgefriction" = "2"
L 11/12/2012 - 16:07:55: Server cvar "hostage_debug" = "0"
L 11/12/2012 - 16:07:55: Server cvar "hostage_stop" = "0"
L 11/12/2012 - 16:07:55: Server cvar "humans_join_team" = "any"
L 11/12/2012 - 16:07:55: Server cvar "mapend_sounds" = "1.33"
L 11/12/2012 - 16:07:55: Server cvar "max_queries_sec" = "3.0"
L 11/12/2012 - 16:07:55: Server cvar "max_queries_sec_global" = "30"
L 11/12/2012 - 16:07:55: Server cvar "max_queries_window" = "60"
L 11/12/2012 - 16:07:55: Server cvar "metamod_version" = "1.19p32"
L 11/12/2012 - 16:07:55: Server cvar "mp_allowmonsters" = "0"
L 11/12/2012 - 16:07:55: Server cvar "mp_autokick" = "0"
L 11/12/2012 - 16:07:55: Server cvar "mp_autoteambalance" = "0"
L 11/12/2012 - 16:07:55: Server cvar "mp_buytime" = "0.30"
L 11/12/2012 - 16:07:55: Server cvar "mp_c4timer" = "35"
L 11/12/2012 - 16:07:55: Server cvar "mp_chattime" = "10"
L 11/12/2012 - 16:07:55: Server cvar "mp_consistency" = "1"
L 11/12/2012 - 16:07:55: Server cvar "mp_fadetoblack" = "0"
L 11/12/2012 - 16:07:55: Server cvar "mp_flashlight" = "1"
L 11/12/2012 - 16:07:55: Server cvar "mp_footsteps" = "1"
L 11/12/2012 - 16:07:55: Server cvar "mp_forcecamera" = "0"
L 11/12/2012 - 16:07:55: Server cvar "mp_forcechasecam" = "0"
L 11/12/2012 - 16:07:55: Server cvar "mp_fragsleft" = "0"
L 11/12/2012 - 16:07:55: Server cvar "mp_freezetime" = "0"
L 11/12/2012 - 16:07:55: Server cvar "mp_friendlyfire" = "0"
L 11/12/2012 - 16:07:55: Server cvar "mp_ghostfrequency" = "0.1"
L 11/12/2012 - 16:07:55: Server cvar "mp_hostagepenalty" = "0"
L 11/12/2012 - 16:07:55: Server cvar "mp_kickpercent" = "0.66"
L 11/12/2012 - 16:07:55: Server cvar "mp_limitteams" = "0"
L 11/12/2012 - 16:07:55: Server cvar "mp_logdetail" = "0"
L 11/12/2012 - 16:07:55: Server cvar "mp_logfile" = "1"
L 11/12/2012 - 16:07:55: Server cvar "mp_logmessages" = "1"
L 11/12/2012 - 16:07:55: Server cvar "mp_mapvoteratio" = "0.66"
L 11/12/2012 - 16:07:55: Server cvar "mp_maxrounds" = "0"
L 11/12/2012 - 16:07:55: Server cvar "mp_mirrordamage" = "0"
L 11/12/2012 - 16:07:55: Server cvar "mp_playerid" = "0"
L 11/12/2012 - 16:07:55: Server cvar "mp_roundtime" = "2.10"
L 11/12/2012 - 16:07:55: Server cvar "mp_startmoney" = "800"
L 11/12/2012 - 16:07:55: Server cvar "mp_timeleft" = "0"
L 11/12/2012 - 16:07:55: Server cvar "mp_timelimit" = "20"
L 11/12/2012 - 16:07:55: Server cvar "mp_tkpunish" = "0"
L 11/12/2012 - 16:07:55: Server cvar "mp_windifference" = "1"
L 11/12/2012 - 16:07:55: Server cvar "mp_winlimit" = "0"
L 11/12/2012 - 16:07:55: Server cvar "pausable" = "0"
L 11/12/2012 - 16:07:55: Server cvar "santa_hat" = "1.3"
L 11/12/2012 - 16:07:55: Server cvar "statsx_shell_ver" = "2.0.0 (BETA)"
L 11/12/2012 - 16:07:55: Server cvar "sv_accelerate" = "5"
L 11/12/2012 - 16:07:55: Server cvar "sv_aim" = "0"
L 11/12/2012 - 16:07:55: Server cvar "sv_airaccelerate" = "10"
L 11/12/2012 - 16:07:55: Server cvar "sv_airmove" = "1"
L 11/12/2012 - 16:07:55: Server cvar "sv_allowupload" = "1"
L 11/12/2012 - 16:07:55: Server cvar "sv_alltalk" = "0"
L 11/12/2012 - 16:07:55: Server cvar "sv_bounce" = "1"
L 11/12/2012 - 16:07:55: Server cvar "sv_cheats" = "0"
L 11/12/2012 - 16:07:55: Server cvar "sv_clienttrace" = "1"
L 11/12/2012 - 16:07:55: Server cvar "sv_clipmode" = "0"
L 11/12/2012 - 16:07:55: Server cvar "sv_contact" = ""
L 11/12/2012 - 16:07:55: Server cvar "sv_friction" = "4"
L 11/12/2012 - 16:07:55: Server cvar "sv_gravity" = "800"
L 11/12/2012 - 16:07:55: Server cvar "sv_logblocks" = "0"
L 11/12/2012 - 16:07:55: Server cvar "sv_maxrate" = "25000"
L 11/12/2012 - 16:07:55: Server cvar "sv_maxspeed" = "900"
L 11/12/2012 - 16:07:55: Server cvar "sv_minrate" = "0"
L 11/12/2012 - 16:07:55: Server cvar "sv_password" = ""
L 11/12/2012 - 16:07:55: Server cvar "sv_proxies" = "1"
L 11/12/2012 - 16:07:55: Server cvar "sv_region" = "-1"
L 11/12/2012 - 16:07:55: Server cvar "sv_restart" = "0"
L 11/12/2012 - 16:07:55: Server cvar "sv_restartround" = "0"
L 11/12/2012 - 16:07:55: Server cvar "sv_stepsize" = "18"
L 11/12/2012 - 16:07:55: Server cvar "sv_stopspeed" = "75"
L 11/12/2012 - 16:07:55: Server cvar "sv_uploadmax" = "0.5"
L 11/12/2012 - 16:07:55: Server cvar "sv_voiceenable" = "1"
L 11/12/2012 - 16:07:55: Server cvar "sv_wateraccelerate" = "10"
L 11/12/2012 - 16:07:55: Server cvar "sv_waterfriction" = "1"
L 11/12/2012 - 16:07:55: Server cvar "wallblocker_author" = ""
L 11/12/2012 - 16:07:55: Server cvar "wallblocker_enable" = "1"
L 11/12/2012 - 16:07:55: Server cvar "wallblocker_version" = "4.5"
L 11/12/2012 - 16:07:55: Server cvars end
L 11/12/2012 - 16:07:57: Server cvar "amx_nextmap" = "de_aztec"
L 11/12/2012 - 16:07:57: Started map "de_chateau" (CRC "-1390736334")
L 11/12/2012 - 16:07:58: World triggered "Round_Start"
L 11/12/2012 - 16:10:03: Team "CT" triggered "Target_Saved" (CT "1") (T "0")
L 11/12/2012 - 16:10:03: World triggered "Round_End"
L 11/12/2012 - 16:10:08: World triggered "Round_Start"
L 11/12/2012 - 16:12:13: Team "CT" triggered "Target_Saved" (CT "2") (T "0")
L 11/12/2012 - 16:12:13: World triggered "Round_End"
L 11/12/2012 - 16:12:18: World triggered "Round_Start"
L 11/12/2012 - 16:14:23: Team "CT" triggered "Target_Saved" (CT "3") (T "0")
L 11/12/2012 - 16:14:23: World triggered "Round_End"
L 11/12/2012 - 16:14:28: World triggered "Round_Start"
L 11/12/2012 - 16:16:33: Team "CT" triggered "Target_Saved" (CT "4") (T "0")
L 11/12/2012 - 16:16:33: World triggered "Round_End"
L 11/12/2012 - 16:16:38: World triggered "Round_Start"
L 11/12/2012 - 16:18:43: Team "CT" triggered "Target_Saved" (CT "5") (T "0")
L 11/12/2012 - 16:18:43: World triggered "Round_End"
L 11/12/2012 - 16:18:48: World triggered "Round_Start"
L 11/12/2012 - 16:20:53: Team "CT" triggered "Target_Saved" (CT "6") (T "0")
L 11/12/2012 - 16:20:53: World triggered "Round_End"
L 11/12/2012 - 16:20:58: World triggered "Round_Start"
L 11/12/2012 - 16:23:03: Team "CT" triggered "Target_Saved" (CT "7") (T "0")
L 11/12/2012 - 16:23:03: World triggered "Round_End"
L 11/12/2012 - 16:23:08: World triggered "Round_Start"
L 11/12/2012 - 16:25:13: Team "CT" triggered "Target_Saved" (CT "8") (T "0")
L 11/12/2012 - 16:25:13: World triggered "Round_End"
L 11/12/2012 - 16:25:18: World triggered "Round_Start"
L 11/12/2012 - 16:27:23: Team "CT" triggered "Target_Saved" (CT "9") (T "0")
L 11/12/2012 - 16:27:23: World triggered "Round_End"
L 11/12/2012 - 16:27:28: World triggered "Round_Start"
L 11/12/2012 - 16:27:55: Team "CT" scored "9" with "0" players
L 11/12/2012 - 16:27:55: Team "TERRORIST" scored "0" with "0" players
L 11/12/2012 - 16:27:55: Server cvar "mp_chattime" = "12"
L 11/12/2012 - 16:28:05: Server cvar "mp_chattime" = "10"
L 11/12/2012 - 16:28:05: [META] ini: Begin re-reading plugins list: d:/server/cstrike/addons/metamod/plugins.ini
L 11/12/2012 - 16:28:05: [META] ini: Read plugin config for: AMX Mod X
L 11/12/2012 - 16:28:05: [META] ini: Read plugin config for: dproto
L 11/12/2012 - 16:28:05: [META] ini: Read plugin config for: mmtimer
L 11/12/2012 - 16:28:05: [META] ini: Finished reading plugins list: d:/server/cstrike/addons/metamod/plugins.ini; Found 3 plugins
L 11/12/2012 - 16:28:05: [META] dll: Updating plugins...
L 11/12/2012 - 16:28:05: [META] WARNING: dll: Failed to unload plugin 'dproto' for reloading
L 11/12/2012 - 16:28:05: [META] WARNING: dll: Failed to unload plugin 'mmtimer' for reloading
L 11/12/2012 - 16:28:05: [META] dll: Finished updating 9 plugins; kept 0, loaded 0, unloaded 0, reloaded 0, delayed 0
L 11/12/2012 - 16:28:05: Log file closed
