L 11/17/2012 - 14:29:45: Log file started (file "logs\L1117001.log") (game "cstrike") (version "48/1.1.2.6/4554")
L 11/17/2012 - 14:29:45: Loading map "de_dust2"
L 11/17/2012 - 14:29:45: Server cvars start
L 11/17/2012 - 14:29:45: Server cvar "_tutor_bomb_viewable_check_interval" = "0.5"
L 11/17/2012 - 14:29:45: Server cvar "_tutor_debug_level" = "0"
L 11/17/2012 - 14:29:45: Server cvar "_tutor_examine_time" = "0.5"
L 11/17/2012 - 14:29:45: Server cvar "_tutor_hint_interval_time" = "10.0"
L 11/17/2012 - 14:29:45: Server cvar "_tutor_look_angle" = "10"
L 11/17/2012 - 14:29:45: Server cvar "_tutor_look_distance" = "200"
L 11/17/2012 - 14:29:45: Server cvar "_tutor_message_character_display_time_coefficient" = "0.07"
L 11/17/2012 - 14:29:45: Server cvar "_tutor_message_minimum_display_time" = "1"
L 11/17/2012 - 14:29:45: Server cvar "_tutor_message_repeats" = "5"
L 11/17/2012 - 14:29:45: Server cvar "_tutor_view_distance" = "1000"
L 11/17/2012 - 14:29:45: Server cvar "allow_spectators" = "1.0"
L 11/17/2012 - 14:29:45: Server cvar "amx_client_languages" = "0"
L 11/17/2012 - 14:29:45: Server cvar "amx_language" = "ru"
L 11/17/2012 - 14:29:45: Server cvar "amx_nextmap" = "de_airstrip"
L 11/17/2012 - 14:29:45: Server cvar "amx_timeleft" = "13:48"
L 11/17/2012 - 14:29:45: Server cvar "amxmodx_version" = "1.8.2-dev"
L 11/17/2012 - 14:29:45: Server cvar "coop" = "0"
L 11/17/2012 - 14:29:45: Server cvar "deathmatch" = "1"
L 11/17/2012 - 14:29:45: Server cvar "decalfrequency" = "30"
L 11/17/2012 - 14:29:45: Server cvar "dp_version" = "0.9.122"
L 11/17/2012 - 14:29:45: Server cvar "edgefriction" = "2"
L 11/17/2012 - 14:29:45: Server cvar "hostage_debug" = "0"
L 11/17/2012 - 14:29:45: Server cvar "hostage_stop" = "0"
L 11/17/2012 - 14:29:45: Server cvar "humans_join_team" = "any"
L 11/17/2012 - 14:29:45: Server cvar "mapend_sounds" = "1.33"
L 11/17/2012 - 14:29:45: Server cvar "max_queries_sec" = "3.0"
L 11/17/2012 - 14:29:45: Server cvar "max_queries_sec_global" = "30"
L 11/17/2012 - 14:29:45: Server cvar "max_queries_window" = "60"
L 11/17/2012 - 14:29:45: Server cvar "metamod_version" = "1.19p32"
L 11/17/2012 - 14:29:45: Server cvar "mp_allowmonsters" = "0"
L 11/17/2012 - 14:29:45: Server cvar "mp_autokick" = "0"
L 11/17/2012 - 14:29:45: Server cvar "mp_autoteambalance" = "0"
L 11/17/2012 - 14:29:45: Server cvar "mp_buytime" = "0.30"
L 11/17/2012 - 14:29:45: Server cvar "mp_c4timer" = "35"
L 11/17/2012 - 14:29:45: Server cvar "mp_chattime" = "10"
L 11/17/2012 - 14:29:45: Server cvar "mp_consistency" = "1"
L 11/17/2012 - 14:29:45: Server cvar "mp_fadetoblack" = "0"
L 11/17/2012 - 14:29:45: Server cvar "mp_flashlight" = "1"
L 11/17/2012 - 14:29:45: Server cvar "mp_footsteps" = "1"
L 11/17/2012 - 14:29:45: Server cvar "mp_forcecamera" = "0"
L 11/17/2012 - 14:29:45: Server cvar "mp_forcechasecam" = "0"
L 11/17/2012 - 14:29:45: Server cvar "mp_fragsleft" = "0"
L 11/17/2012 - 14:29:45: Server cvar "mp_freezetime" = "0"
L 11/17/2012 - 14:29:45: Server cvar "mp_friendlyfire" = "0"
L 11/17/2012 - 14:29:45: Server cvar "mp_ghostfrequency" = "0.1"
L 11/17/2012 - 14:29:45: Server cvar "mp_hostagepenalty" = "0"
L 11/17/2012 - 14:29:45: Server cvar "mp_kickpercent" = "0.66"
L 11/17/2012 - 14:29:45: Server cvar "mp_limitteams" = "0"
L 11/17/2012 - 14:29:45: Server cvar "mp_logdetail" = "0"
L 11/17/2012 - 14:29:45: Server cvar "mp_logfile" = "1"
L 11/17/2012 - 14:29:45: Server cvar "mp_logmessages" = "1"
L 11/17/2012 - 14:29:45: Server cvar "mp_mapvoteratio" = "0.66"
L 11/17/2012 - 14:29:45: Server cvar "mp_maxrounds" = "0"
L 11/17/2012 - 14:29:45: Server cvar "mp_mirrordamage" = "0"
L 11/17/2012 - 14:29:45: Server cvar "mp_playerid" = "0"
L 11/17/2012 - 14:29:45: Server cvar "mp_roundtime" = "2.10"
L 11/17/2012 - 14:29:45: Server cvar "mp_startmoney" = "800"
L 11/17/2012 - 14:29:45: Server cvar "mp_timeleft" = "0"
L 11/17/2012 - 14:29:45: Server cvar "mp_timelimit" = "20"
L 11/17/2012 - 14:29:45: Server cvar "mp_tkpunish" = "0"
L 11/17/2012 - 14:29:45: Server cvar "mp_windifference" = "1"
L 11/17/2012 - 14:29:45: Server cvar "mp_winlimit" = "0"
L 11/17/2012 - 14:29:45: Server cvar "pausable" = "0"
L 11/17/2012 - 14:29:45: Server cvar "santa_hat" = "1.3"
L 11/17/2012 - 14:29:45: Server cvar "statsx_shell_ver" = "2.0.0 (BETA)"
L 11/17/2012 - 14:29:45: Server cvar "sv_accelerate" = "5"
L 11/17/2012 - 14:29:45: Server cvar "sv_aim" = "0"
L 11/17/2012 - 14:29:45: Server cvar "sv_airaccelerate" = "10"
L 11/17/2012 - 14:29:45: Server cvar "sv_airmove" = "1"
L 11/17/2012 - 14:29:45: Server cvar "sv_allowupload" = "1"
L 11/17/2012 - 14:29:45: Server cvar "sv_alltalk" = "0"
L 11/17/2012 - 14:29:45: Server cvar "sv_bounce" = "1"
L 11/17/2012 - 14:29:45: Server cvar "sv_cheats" = "0"
L 11/17/2012 - 14:29:45: Server cvar "sv_clienttrace" = "1"
L 11/17/2012 - 14:29:45: Server cvar "sv_clipmode" = "0"
L 11/17/2012 - 14:29:45: Server cvar "sv_contact" = ""
L 11/17/2012 - 14:29:45: Server cvar "sv_friction" = "4"
L 11/17/2012 - 14:29:45: Server cvar "sv_gravity" = "800"
L 11/17/2012 - 14:29:45: Server cvar "sv_logblocks" = "0"
L 11/17/2012 - 14:29:45: Server cvar "sv_maxrate" = "25000"
L 11/17/2012 - 14:29:45: Server cvar "sv_maxspeed" = "320"
L 11/17/2012 - 14:29:45: Server cvar "sv_minrate" = "0"
L 11/17/2012 - 14:29:45: Server cvar "sv_password" = ""
L 11/17/2012 - 14:29:45: Server cvar "sv_proxies" = "1"
L 11/17/2012 - 14:29:45: Server cvar "sv_region" = "-1"
L 11/17/2012 - 14:29:45: Server cvar "sv_restart" = "0"
L 11/17/2012 - 14:29:45: Server cvar "sv_restartround" = "0"
L 11/17/2012 - 14:29:45: Server cvar "sv_stepsize" = "18"
L 11/17/2012 - 14:29:45: Server cvar "sv_stopspeed" = "75"
L 11/17/2012 - 14:29:45: Server cvar "sv_uploadmax" = "0.5"
L 11/17/2012 - 14:29:45: Server cvar "sv_voiceenable" = "1"
L 11/17/2012 - 14:29:45: Server cvar "sv_wateraccelerate" = "10"
L 11/17/2012 - 14:29:45: Server cvar "sv_waterfriction" = "1"
L 11/17/2012 - 14:29:45: Server cvar "wallblocker_author" = ""
L 11/17/2012 - 14:29:45: Server cvar "wallblocker_enable" = "1"
L 11/17/2012 - 14:29:45: Server cvar "wallblocker_version" = "4.5"
L 11/17/2012 - 14:29:45: Server cvars end
L 11/17/2012 - 14:29:45: Server cvar "sv_maxspeed" = "900"
L 11/17/2012 - 14:29:46: Server cvar "amx_nextmap" = "cs_havana"
L 11/17/2012 - 14:29:46: Started map "de_dust2" (CRC "1159425449")
L 11/17/2012 - 14:29:47: [DPROTO]: Client 1 - Set AuthIdType 1 [Native]; pClient = 042D64A8
L 11/17/2012 - 14:29:47: "Re'Vi/a/ReFLaY.Ka<5><STEAM_0:1:55031644><>" connected, address "136.169.141.145:27005"
L 11/17/2012 - 14:29:47: World triggered "Round_Start"
L 11/17/2012 - 14:29:47: "Re'Vi/a/ReFLaY.Ka<5><STEAM_0:1:55031644><>" STEAM USERID validated
L 11/17/2012 - 14:29:50: "Re'Vi/a/ReFLaY.Ka<5><STEAM_0:1:55031644><>" entered the game
L 11/17/2012 - 14:29:52: "Admin<2><STEAM_ID_LAN><>" entered the game
L 11/17/2012 - 14:29:52: "Re'Vi/a/ReFLaY.Ka<5><STEAM_0:1:55031644><>" joined team "TERRORIST"
L 11/17/2012 - 14:29:53: "Re'Vi/a/ReFLaY.Ka<5><STEAM_0:1:55031644><TERRORIST>" triggered "Spawned_With_The_Bomb"
L 11/17/2012 - 14:29:54: "Admin<2><STEAM_ID_LAN><>" joined team "CT"
L 11/17/2012 - 14:29:55: World triggered "Game_Commencing"
L 11/17/2012 - 14:29:55: World triggered "Game_Commencing" (CT "0") (T "0")
L 11/17/2012 - 14:29:55: World triggered "Round_End"
L 11/17/2012 - 14:29:58: "Re'Vi/a/ReFLaY.Ka<5><STEAM_0:1:55031644><TERRORIST>" triggered "Spawned_With_The_Bomb"
L 11/17/2012 - 14:29:58: World triggered "Round_Start"
L 11/17/2012 - 14:30:10: Server cvar "sv_restartround" = "1"
L 11/17/2012 - 14:30:10: World triggered "Restart_Round_(1_second)"
L 11/17/2012 - 14:30:10: Team "CT" scored "0" with "1" players
L 11/17/2012 - 14:30:10: Team "TERRORIST" scored "0" with "1" players
L 11/17/2012 - 14:30:10: Server cvar "sv_restartround" = "0"
L 11/17/2012 - 14:30:11: "Re'Vi/a/ReFLaY.Ka<5><STEAM_0:1:55031644><TERRORIST>" triggered "Spawned_With_The_Bomb"
L 11/17/2012 - 14:30:11: World triggered "Round_Start"
L 11/17/2012 - 14:30:31: "Admin<2><STEAM_ID_LAN><CT>" killed "Re'Vi/a/ReFLaY.Ka<5><STEAM_0:1:55031644><TERRORIST>" with "deagle"
L 11/17/2012 - 14:30:31: Team "CT" triggered "CTs_Win" (CT "1") (T "0")
L 11/17/2012 - 14:30:31: World triggered "Round_End"
L 11/17/2012 - 14:30:36: "Re'Vi/a/ReFLaY.Ka<5><STEAM_0:1:55031644><TERRORIST>" triggered "Spawned_With_The_Bomb"
L 11/17/2012 - 14:30:36: World triggered "Round_Start"
L 11/17/2012 - 14:30:50: "Re'Vi/a/ReFLaY.Ka<5><STEAM_0:1:55031644><TERRORIST>" say "4o      Tb(    HE    CJIb(LLIeLLIb???"
L 11/17/2012 - 14:30:54: "Admin<2><STEAM_ID_LAN><CT>" say "net"
L 11/17/2012 - 14:31:20: "Re'Vi/a/ReFLaY.Ka<5><STEAM_0:1:55031644><TERRORIST>" say "raBHO     CEPB   IIO4     IIo     MICRO    HEJI39"
L 11/17/2012 - 14:31:26: "Admin<2><STEAM_ID_LAN><CT>" say "axaxaxaxaxax"
L 11/17/2012 - 14:31:29: "Admin<2><STEAM_ID_LAN><CT>" say "nado nastroit'"
L 11/17/2012 - 14:31:33: "Admin<2><STEAM_ID_LAN><CT>" say "shas nastrou"
L 11/17/2012 - 14:31:49: "Re'Vi/a/ReFLaY.Ka<5><STEAM_0:1:55031644><TERRORIST>" triggered "Dropped_The_Bomb"
L 11/17/2012 - 14:31:51: "Re'Vi/a/ReFLaY.Ka<5><STEAM_0:1:55031644><TERRORIST>" triggered "Got_The_Bomb"
L 11/17/2012 - 14:32:08: "Re'Vi/a/ReFLaY.Ka<5><STEAM_0:1:55031644><TERRORIST>" triggered "Dropped_The_Bomb"
L 11/17/2012 - 14:32:08: "Re'Vi/a/ReFLaY.Ka<5><STEAM_0:1:55031644><TERRORIST>" triggered "Got_The_Bomb"
L 11/17/2012 - 14:32:11: "Re'Vi/a/ReFLaY.Ka<5><STEAM_0:1:55031644><TERRORIST>" triggered "Dropped_The_Bomb"
L 11/17/2012 - 14:32:13: "Re'Vi/a/ReFLaY.Ka<5><STEAM_0:1:55031644><TERRORIST>" triggered "Got_The_Bomb"
L 11/17/2012 - 14:32:15: "Re'Vi/a/ReFLaY.Ka<5><STEAM_0:1:55031644><TERRORIST>" triggered "Dropped_The_Bomb"
L 11/17/2012 - 14:32:17: "Re'Vi/a/ReFLaY.Ka<5><STEAM_0:1:55031644><TERRORIST>" triggered "Got_The_Bomb"
L 11/17/2012 - 14:32:20: "Re'Vi/a/ReFLaY.Ka<5><STEAM_0:1:55031644><TERRORIST>" triggered "Dropped_The_Bomb"
L 11/17/2012 - 14:32:20: "Re'Vi/a/ReFLaY.Ka<5><STEAM_0:1:55031644><TERRORIST>" triggered "Got_The_Bomb"
L 11/17/2012 - 14:32:23: "Re'Vi/a/ReFLaY.Ka<5><STEAM_0:1:55031644><TERRORIST>" triggered "Dropped_The_Bomb"
L 11/17/2012 - 14:32:26: "Re'Vi/a/ReFLaY.Ka<5><STEAM_0:1:55031644><TERRORIST>" triggered "Got_The_Bomb"
L 11/17/2012 - 14:32:27: "Admin<2><STEAM_ID_LAN><CT>" committed suicide with "world"
L 11/17/2012 - 14:32:27: Team "TERRORIST" triggered "Terrorists_Win" (CT "1") (T "1")
L 11/17/2012 - 14:32:27: World triggered "Round_End"
L 11/17/2012 - 14:32:27: "Admin<2><STEAM_ID_LAN><CT>" joined team "SPECTATOR"
L 11/17/2012 - 14:32:32: "Re'Vi/a/ReFLaY.Ka<5><STEAM_0:1:55031644><TERRORIST>" triggered "Spawned_With_The_Bomb"
L 11/17/2012 - 14:32:32: World triggered "Round_Start"
L 11/17/2012 - 14:33:49: "Re'Vi/a/ReFLaY.Ka<5><STEAM_0:1:55031644><TERRORIST>" say "rtv"
L 11/17/2012 - 14:33:52: "Re'Vi/a/ReFLaY.Ka<5><STEAM_0:1:55031644><TERRORIST>" say "/rs"
L 11/17/2012 - 14:34:37: Team "CT" triggered "Target_Saved" (CT "2") (T "1")
L 11/17/2012 - 14:34:37: World triggered "Round_End"
L 11/17/2012 - 14:34:42: "Re'Vi/a/ReFLaY.Ka<5><STEAM_0:1:55031644><TERRORIST>" triggered "Spawned_With_The_Bomb"
L 11/17/2012 - 14:34:42: World triggered "Round_Start"
L 11/17/2012 - 14:34:46: [META] ini: Begin re-reading plugins list: d:/server/cstrike/addons/metamod/plugins.ini
L 11/17/2012 - 14:34:46: [META] ini: Read plugin config for: AMX Mod X
L 11/17/2012 - 14:34:46: [META] ini: Read plugin config for: dproto
L 11/17/2012 - 14:34:46: [META] ini: Read plugin config for: mmtimer
L 11/17/2012 - 14:34:46: [META] ini: Finished reading plugins list: d:/server/cstrike/addons/metamod/plugins.ini; Found 3 plugins
L 11/17/2012 - 14:34:46: [META] dll: Updating plugins...
L 11/17/2012 - 14:34:46: [META] dll: Finished updating 9 plugins; kept 3, loaded 0, unloaded 0, reloaded 0, delayed 0
L 11/17/2012 - 14:34:46: "Admin<2><STEAM_ID_LAN><SPECTATOR>" disconnected
L 11/17/2012 - 14:34:46: "Re'Vi/a/ReFLaY.Ka<5><STEAM_0:1:55031644><TERRORIST>" triggered "Dropped_The_Bomb"
L 11/17/2012 - 14:34:46: "Re'Vi/a/ReFLaY.Ka<5><STEAM_0:1:55031644><TERRORIST>" disconnected
L 11/17/2012 - 14:34:46: World triggered "Round_Draw" (CT "2") (T "1")
L 11/17/2012 - 14:34:46: World triggered "Round_End"
L 11/17/2012 - 14:34:46: Log file closed
