L 12/05/2023 - 07:26:09: Start of error session.
L 12/05/2023 - 07:26:09: Info (map "de_dust2") (file "addons/amxmodx/logs/error_20231205.log")
L 12/05/2023 - 07:26:09: [AMXX] Plugin file open error (plugin "WhoVistServer.amxx")
L 12/05/2023 - 07:29:50: Start of error session.
L 12/05/2023 - 07:29:50: Info (map "de_dust2") (file "addons/amxmodx/logs/error_20231205.log")
L 12/05/2023 - 07:29:50: [AMXX] Plugin file open error (plugin "WhoVistServer.amxx")
L 12/05/2023 - 07:33:21: Start of error session.
L 12/05/2023 - 07:33:21: Info (map "de_dust2") (file "addons/amxmodx/logs/error_20231205.log")
L 12/05/2023 - 07:33:21: [AMXX] Plugin file open error (plugin "WhoVistServer.amxx")
L 12/05/2023 - 07:58:14: Start of error session.
L 12/05/2023 - 07:58:14: Info (map "de_dust2") (file "addons/amxmodx/logs/error_20231205.log")
L 12/05/2023 - 07:58:14: [AMXX] Plugin file open error (plugin "WhoVistServer.amxx")
L 12/05/2023 - 08:18:24: Start of error session.
L 12/05/2023 - 08:18:24: Info (map "de_airstrip") (file "addons/amxmodx/logs/error_20231205.log")
L 12/05/2023 - 08:18:24: [AMXX] Plugin file open error (plugin "WhoVistServer.amxx")
L 12/05/2023 - 08:38:34: Start of error session.
L 12/05/2023 - 08:38:34: Info (map "cs_havana") (file "addons/amxmodx/logs/error_20231205.log")
L 12/05/2023 - 08:38:34: [AMXX] Plugin file open error (plugin "WhoVistServer.amxx")
L 12/05/2023 - 08:58:43: Start of error session.
L 12/05/2023 - 08:58:43: Info (map "de_chateau") (file "addons/amxmodx/logs/error_20231205.log")
L 12/05/2023 - 08:58:43: [AMXX] Plugin file open error (plugin "WhoVistServer.amxx")
L 12/05/2023 - 09:18:53: Start of error session.
L 12/05/2023 - 09:18:53: Info (map "de_aztec") (file "addons/amxmodx/logs/error_20231205.log")
L 12/05/2023 - 09:18:53: [AMXX] Plugin file open error (plugin "WhoVistServer.amxx")
L 12/05/2023 - 09:39:02: Start of error session.
L 12/05/2023 - 09:39:02: Info (map "as_oilrig") (file "addons/amxmodx/logs/error_20231205.log")
L 12/05/2023 - 09:39:02: [AMXX] Plugin file open error (plugin "WhoVistServer.amxx")
L 12/05/2023 - 09:59:11: Start of error session.
L 12/05/2023 - 09:59:11: Info (map "cs_siege") (file "addons/amxmodx/logs/error_20231205.log")
L 12/05/2023 - 09:59:11: [AMXX] Plugin file open error (plugin "WhoVistServer.amxx")
L 12/05/2023 - 10:19:21: Start of error session.
L 12/05/2023 - 10:19:21: Info (map "de_cbble") (file "addons/amxmodx/logs/error_20231205.log")
L 12/05/2023 - 10:19:21: [AMXX] Plugin file open error (plugin "WhoVistServer.amxx")
L 12/05/2023 - 10:39:30: Start of error session.
L 12/05/2023 - 10:39:30: Info (map "de_dust") (file "addons/amxmodx/logs/error_20231205.log")
L 12/05/2023 - 10:39:30: [AMXX] Plugin file open error (plugin "WhoVistServer.amxx")
L 12/05/2023 - 10:59:39: Start of error session.
L 12/05/2023 - 10:59:39: Info (map "cs_747") (file "addons/amxmodx/logs/error_20231205.log")
L 12/05/2023 - 10:59:39: [AMXX] Plugin file open error (plugin "WhoVistServer.amxx")
L 12/05/2023 - 11:19:49: Start of error session.
L 12/05/2023 - 11:19:49: Info (map "de_prodigy") (file "addons/amxmodx/logs/error_20231205.log")
L 12/05/2023 - 11:19:49: [AMXX] Plugin file open error (plugin "WhoVistServer.amxx")
L 12/05/2023 - 11:39:58: Start of error session.
L 12/05/2023 - 11:39:58: Info (map "cs_assault") (file "addons/amxmodx/logs/error_20231205.log")
L 12/05/2023 - 11:39:58: [AMXX] Plugin file open error (plugin "WhoVistServer.amxx")
L 12/05/2023 - 12:00:08: Start of error session.
L 12/05/2023 - 12:00:08: Info (map "cs_office") (file "addons/amxmodx/logs/error_20231205.log")
L 12/05/2023 - 12:00:08: [AMXX] Plugin file open error (plugin "WhoVistServer.amxx")
L 12/05/2023 - 12:20:17: Start of error session.
L 12/05/2023 - 12:20:17: Info (map "cs_italy") (file "addons/amxmodx/logs/error_20231205.log")
L 12/05/2023 - 12:20:17: [AMXX] Plugin file open error (plugin "WhoVistServer.amxx")
L 12/05/2023 - 12:40:27: Start of error session.
L 12/05/2023 - 12:40:27: Info (map "cs_backalley") (file "addons/amxmodx/logs/error_20231205.log")
L 12/05/2023 - 12:40:27: [AMXX] Plugin file open error (plugin "WhoVistServer.amxx")
L 12/05/2023 - 13:00:36: Start of error session.
L 12/05/2023 - 13:00:36: Info (map "cs_militia") (file "addons/amxmodx/logs/error_20231205.log")
L 12/05/2023 - 13:00:36: [AMXX] Plugin file open error (plugin "WhoVistServer.amxx")
L 12/05/2023 - 13:20:45: Start of error session.
L 12/05/2023 - 13:20:45: Info (map "de_train") (file "addons/amxmodx/logs/error_20231205.log")
L 12/05/2023 - 13:20:45: [AMXX] Plugin file open error (plugin "WhoVistServer.amxx")
L 12/05/2023 - 13:40:55: Start of error session.
L 12/05/2023 - 13:40:55: Info (map "de_airstrip") (file "addons/amxmodx/logs/error_20231205.log")
L 12/05/2023 - 13:40:55: [AMXX] Plugin file open error (plugin "WhoVistServer.amxx")
L 12/05/2023 - 14:01:04: Start of error session.
L 12/05/2023 - 14:01:04: Info (map "cs_havana") (file "addons/amxmodx/logs/error_20231205.log")
L 12/05/2023 - 14:01:04: [AMXX] Plugin file open error (plugin "WhoVistServer.amxx")
L 12/05/2023 - 14:21:13: Start of error session.
L 12/05/2023 - 14:21:13: Info (map "de_chateau") (file "addons/amxmodx/logs/error_20231205.log")
L 12/05/2023 - 14:21:13: [AMXX] Plugin file open error (plugin "WhoVistServer.amxx")
L 12/05/2023 - 14:41:22: Start of error session.
L 12/05/2023 - 14:41:22: Info (map "de_aztec") (file "addons/amxmodx/logs/error_20231205.log")
L 12/05/2023 - 14:41:22: [AMXX] Plugin file open error (plugin "WhoVistServer.amxx")
L 12/05/2023 - 15:01:31: Start of error session.
L 12/05/2023 - 15:01:31: Info (map "as_oilrig") (file "addons/amxmodx/logs/error_20231205.log")
L 12/05/2023 - 15:01:31: [AMXX] Plugin file open error (plugin "WhoVistServer.amxx")
L 12/05/2023 - 15:21:40: Start of error session.
L 12/05/2023 - 15:21:40: Info (map "cs_siege") (file "addons/amxmodx/logs/error_20231205.log")
L 12/05/2023 - 15:21:40: [AMXX] Plugin file open error (plugin "WhoVistServer.amxx")
L 12/05/2023 - 15:41:50: Start of error session.
L 12/05/2023 - 15:41:50: Info (map "de_cbble") (file "addons/amxmodx/logs/error_20231205.log")
L 12/05/2023 - 15:41:50: [AMXX] Plugin file open error (plugin "WhoVistServer.amxx")
L 12/05/2023 - 16:01:59: Start of error session.
L 12/05/2023 - 16:01:59: Info (map "de_dust") (file "addons/amxmodx/logs/error_20231205.log")
L 12/05/2023 - 16:01:59: [AMXX] Plugin file open error (plugin "WhoVistServer.amxx")
L 12/05/2023 - 16:22:08: Start of error session.
L 12/05/2023 - 16:22:08: Info (map "cs_747") (file "addons/amxmodx/logs/error_20231205.log")
L 12/05/2023 - 16:22:08: [AMXX] Plugin file open error (plugin "WhoVistServer.amxx")
L 12/05/2023 - 16:42:17: Start of error session.
L 12/05/2023 - 16:42:17: Info (map "de_prodigy") (file "addons/amxmodx/logs/error_20231205.log")
L 12/05/2023 - 16:42:17: [AMXX] Plugin file open error (plugin "WhoVistServer.amxx")
L 12/05/2023 - 17:02:26: Start of error session.
L 12/05/2023 - 17:02:26: Info (map "cs_assault") (file "addons/amxmodx/logs/error_20231205.log")
L 12/05/2023 - 17:02:26: [AMXX] Plugin file open error (plugin "WhoVistServer.amxx")
L 12/05/2023 - 17:22:36: Start of error session.
L 12/05/2023 - 17:22:36: Info (map "cs_office") (file "addons/amxmodx/logs/error_20231205.log")
L 12/05/2023 - 17:22:36: [AMXX] Plugin file open error (plugin "WhoVistServer.amxx")
L 12/05/2023 - 17:42:45: Start of error session.
L 12/05/2023 - 17:42:45: Info (map "cs_italy") (file "addons/amxmodx/logs/error_20231205.log")
L 12/05/2023 - 17:42:45: [AMXX] Plugin file open error (plugin "WhoVistServer.amxx")
L 12/05/2023 - 18:02:55: Start of error session.
L 12/05/2023 - 18:02:55: Info (map "cs_backalley") (file "addons/amxmodx/logs/error_20231205.log")
L 12/05/2023 - 18:02:55: [AMXX] Plugin file open error (plugin "WhoVistServer.amxx")
L 12/05/2023 - 18:23:04: Start of error session.
L 12/05/2023 - 18:23:04: Info (map "cs_militia") (file "addons/amxmodx/logs/error_20231205.log")
L 12/05/2023 - 18:23:04: [AMXX] Plugin file open error (plugin "WhoVistServer.amxx")
L 12/05/2023 - 18:38:08: Start of error session.
L 12/05/2023 - 18:38:08: Info (map "de_dust2") (file "addons/amxmodx/logs/error_20231205.log")
L 12/05/2023 - 18:38:08: [AMXX] Plugin file open error (plugin "WhoVistServer.amxx")
L 12/05/2023 - 18:38:09: Function "event_weapon_changed" was not found
L 12/05/2023 - 18:38:09: [AMXX] Run time error 19 (plugin "main.amxx") - debug not enabled!
L 12/05/2023 - 18:38:09: [AMXX] To enable debug mode, add "debug" after the plugin name in plugins.ini (without quotes).
L 12/05/2023 - 18:39:22: Start of error session.
L 12/05/2023 - 18:39:22: Info (map "de_dust2") (file "addons/amxmodx/logs/error_20231205.log")
L 12/05/2023 - 18:39:22: [AMXX] Plugin file open error (plugin "WhoVistServer.amxx")
L 12/05/2023 - 18:39:23: Function "event_weapon_changed" was not found
L 12/05/2023 - 18:39:23: [AMXX] Displaying debug trace (plugin "main.amxx")
L 12/05/2023 - 18:39:23: [AMXX] Run time error 19: function not found 
L 12/05/2023 - 18:39:23: [AMXX]    [0] main.sma::plugin_init (line 19)
L 12/05/2023 - 18:40:57: Start of error session.
L 12/05/2023 - 18:40:57: Info (map "de_dust2") (file "addons/amxmodx/logs/error_20231205.log")
L 12/05/2023 - 18:40:57: [AMXX] Plugin file open error (plugin "WhoVistServer.amxx")
L 12/05/2023 - 18:51:11: Start of error session.
L 12/05/2023 - 18:51:11: Info (map "de_dust2") (file "addons/amxmodx/logs/error_20231205.log")
L 12/05/2023 - 18:51:11: [AMXX] Plugin file open error (plugin "WhoVistServer.amxx")
L 12/05/2023 - 19:06:50: Start of error session.
L 12/05/2023 - 19:06:50: Info (map "de_dust2") (file "addons/amxmodx/logs/error_20231205.log")
L 12/05/2023 - 19:06:50: [AMXX] Plugin file open error (plugin "WhoVistServer.amxx")
L 12/05/2023 - 19:12:44: Start of error session.
L 12/05/2023 - 19:12:44: Info (map "de_dust2") (file "addons/amxmodx/logs/error_20231205.log")
L 12/05/2023 - 19:12:44: [AMXX] Plugin file open error (plugin "WhoVistServer.amxx")
L 12/05/2023 - 19:12:44: [AMXX] Plugin file open error (plugin "reapi_despenser.amxx")
L 12/05/2023 - 19:13:42: Start of error session.
L 12/05/2023 - 19:13:42: Info (map "de_dust2") (file "addons/amxmodx/logs/error_20231205.log")
L 12/05/2023 - 19:13:42: [AMXX] Plugin file open error (plugin "WhoVistServer.amxx")
L 12/05/2023 - 19:13:42: [AMXX] Plugin file open error (plugin "reapi_despenser.amxx")
L 12/05/2023 - 19:15:51: Start of error session.
L 12/05/2023 - 19:15:51: Info (map "de_dust2") (file "addons/amxmodx/logs/error_20231205.log")
L 12/05/2023 - 19:15:51: [AMXX] Plugin file open error (plugin "WhoVistServer.amxx")
L 12/05/2023 - 19:15:51: [AMXX] Plugin file open error (plugin "reapi_despenser.amxx")
L 12/05/2023 - 19:16:27: Start of error session.
L 12/05/2023 - 19:16:27: Info (map "de_dust2") (file "addons/amxmodx/logs/error_20231205.log")
L 12/05/2023 - 19:16:27: [AMXX] Plugin file open error (plugin "WhoVistServer.amxx")
L 12/05/2023 - 19:16:27: [AMXX] Plugin file open error (plugin "reapi_despenser.amxx")
L 12/05/2023 - 19:17:40: Start of error session.
L 12/05/2023 - 19:17:40: Info (map "de_dust2") (file "addons/amxmodx/logs/error_20231205.log")
L 12/05/2023 - 19:17:40: [AMXX] Plugin file open error (plugin "WhoVistServer.amxx")
L 12/05/2023 - 19:17:40: [AMXX] Plugin file open error (plugin "reapi_despenser.amxx")
L 12/05/2023 - 19:20:33: Start of error session.
L 12/05/2023 - 19:20:33: Info (map "de_dust2") (file "addons/amxmodx/logs/error_20231205.log")
L 12/05/2023 - 19:20:33: [AMXX] Plugin file open error (plugin "WhoVistServer.amxx")
L 12/05/2023 - 19:20:33: [AMXX] Plugin file open error (plugin "reapi_despenser.amxx")
L 12/05/2023 - 19:22:24: Start of error session.
L 12/05/2023 - 19:22:24: Info (map "de_dust2") (file "addons/amxmodx/logs/error_20231205.log")
L 12/05/2023 - 19:22:24: [AMXX] Plugin file open error (plugin "WhoVistServer.amxx")
L 12/05/2023 - 19:22:24: [AMXX] Plugin file open error (plugin "reapi_despenser.amxx")
L 12/05/2023 - 19:25:29: Start of error session.
L 12/05/2023 - 19:25:29: Info (map "de_dust2") (file "addons/amxmodx/logs/error_20231205.log")
L 12/05/2023 - 19:25:29: [AMXX] Plugin file open error (plugin "WhoVistServer.amxx")
L 12/05/2023 - 19:25:29: [AMXX] Plugin file open error (plugin "reapi_despenser.amxx")
L 12/05/2023 - 19:43:28: Start of error session.
L 12/05/2023 - 19:43:28: Info (map "de_dust2") (file "addons/amxmodx/logs/error_20231205.log")
L 12/05/2023 - 19:43:28: [AMXX] Plugin file open error (plugin "WhoVistServer.amxx")
L 12/05/2023 - 19:44:31: Start of error session.
L 12/05/2023 - 19:44:31: Info (map "de_dust2") (file "addons/amxmodx/logs/error_20231205.log")
L 12/05/2023 - 19:44:31: [AMXX] Plugin file open error (plugin "WhoVistServer.amxx")
L 12/05/2023 - 19:44:42: Start of error session.
L 12/05/2023 - 19:44:42: Info (map "de_dust2") (file "addons/amxmodx/logs/error_20231205.log")
L 12/05/2023 - 19:44:42: [AMXX] Plugin file open error (plugin "WhoVistServer.amxx")
L 12/05/2023 - 19:48:34: Called dynanative into a paused plugin.
L 12/05/2023 - 19:48:34: [AMXX] Displaying debug trace (plugin "tesla.amxx", version "1.0.3")
L 12/05/2023 - 19:48:34: [AMXX] Run time error 10: native error (native "ct_send_infomsg")
L 12/05/2023 - 19:48:34: [AMXX]    [0] tesla.sma::CommandTeslaBuild (line 247)
L 12/05/2023 - 19:50:46: Start of error session.
L 12/05/2023 - 19:50:46: Info (map "de_dust2") (file "addons/amxmodx/logs/error_20231205.log")
L 12/05/2023 - 19:50:46: [AMXX] Plugin file open error (plugin "WhoVistServer.amxx")
L 12/05/2023 - 19:51:33: Start of error session.
L 12/05/2023 - 19:51:33: Info (map "de_dust2") (file "addons/amxmodx/logs/error_20231205.log")
L 12/05/2023 - 19:51:33: [AMXX] Plugin file open error (plugin "WhoVistServer.amxx")
L 12/05/2023 - 19:51:52: Start of error session.
L 12/05/2023 - 19:51:52: Info (map "de_dust2") (file "addons/amxmodx/logs/error_20231205.log")
L 12/05/2023 - 19:51:52: [AMXX] Plugin file open error (plugin "WhoVistServer.amxx")
L 12/05/2023 - 19:51:52: [ReAPI] RegisterHookChain: function (CSGameRules_CleanUpMap) is not available, ReGameDLL required.
L 12/05/2023 - 19:51:52: [AMXX] Displaying debug trace (plugin "reapi_dispenser.amxx", version "0.5a")
L 12/05/2023 - 19:51:52: [AMXX] Run time error 10: native error (native "RegisterHookChain")
L 12/05/2023 - 19:51:52: [AMXX]    [0] reapi_dispenser.sma::plugin_init (line 114)
L 12/05/2023 - 19:53:19: Called dynanative into a paused plugin.
L 12/05/2023 - 19:53:19: [AMXX] Displaying debug trace (plugin "tesla.amxx", version "1.0.3")
L 12/05/2023 - 19:53:19: [AMXX] Run time error 10: native error (native "ct_send_infomsg")
L 12/05/2023 - 19:53:19: [AMXX]    [0] tesla.sma::CommandTeslaBuild (line 247)
L 12/05/2023 - 19:53:20: [ReAPI] ReGameDll: isn't available
L 12/05/2023 - 19:53:20: [AMXX] Displaying debug trace (plugin "reapi_dispenser.amxx", version "0.5a")
L 12/05/2023 - 19:53:20: [AMXX] Run time error 10: native error (native "get_member")
L 12/05/2023 - 19:53:20: [AMXX]    [0] reapi_dispenser.sma::@dispenser_create (line 161)
L 12/05/2023 - 20:03:22: [ReAPI] ReGameDll: isn't available
L 12/05/2023 - 20:03:22: [AMXX] Displaying debug trace (plugin "reapi_dispenser.amxx", version "0.5a")
L 12/05/2023 - 20:03:22: [AMXX] Run time error 10: native error (native "rg_find_ent_by_class")
L 12/05/2023 - 20:03:22: [AMXX]    [0] reapi_dispenser.sma::@remove_dispenser_by_owner (line 461)
L 12/05/2023 - 20:03:22: [AMXX]    [1] reapi_dispenser.sma::client_disconnected (line 95)
L 12/05/2023 - 20:03:22: [ReAPI] ReGameDll: isn't available
L 12/05/2023 - 20:03:22: [AMXX] Displaying debug trace (plugin "reapi_dispenser.amxx", version "0.5a")
L 12/05/2023 - 20:03:22: [AMXX] Run time error 10: native error (native "rg_find_ent_by_class")
L 12/05/2023 - 20:03:22: [AMXX]    [0] reapi_dispenser.sma::@remove_dispenser_by_owner (line 461)
L 12/05/2023 - 20:03:22: [AMXX]    [1] reapi_dispenser.sma::client_disconnected (line 95)
L 12/05/2023 - 20:03:22: [ReAPI] ReGameDll: isn't available
L 12/05/2023 - 20:03:22: [AMXX] Displaying debug trace (plugin "reapi_dispenser.amxx", version "0.5a")
L 12/05/2023 - 20:03:22: [AMXX] Run time error 10: native error (native "rg_find_ent_by_class")
L 12/05/2023 - 20:03:22: [AMXX]    [0] reapi_dispenser.sma::@remove_dispenser_by_owner (line 461)
L 12/05/2023 - 20:03:22: [AMXX]    [1] reapi_dispenser.sma::client_disconnected (line 95)
L 12/05/2023 - 20:03:22: Start of error session.
L 12/05/2023 - 20:03:22: Info (map "de_dust2") (file "addons/amxmodx/logs/error_20231205.log")
L 12/05/2023 - 20:03:22: [AMXX] Plugin file open error (plugin "WhoVistServer.amxx")
L 12/05/2023 - 20:03:23: [ReAPI] RegisterHookChain: function (CSGameRules_CleanUpMap) is not available, ReGameDLL required.
L 12/05/2023 - 20:03:23: [AMXX] Displaying debug trace (plugin "reapi_dispenser.amxx", version "0.5a")
L 12/05/2023 - 20:03:23: [AMXX] Run time error 10: native error (native "RegisterHookChain")
L 12/05/2023 - 20:03:23: [AMXX]    [0] reapi_dispenser.sma::plugin_init (line 114)
L 12/05/2023 - 20:03:43: [ReAPI] ReGameDll: isn't available
L 12/05/2023 - 20:03:43: [AMXX] Displaying debug trace (plugin "reapi_dispenser.amxx", version "0.5a")
L 12/05/2023 - 20:03:43: [AMXX] Run time error 10: native error (native "get_member")
L 12/05/2023 - 20:03:43: [AMXX]    [0] reapi_dispenser.sma::@dispenser_create (line 161)
L 12/05/2023 - 20:03:46: [ReAPI] ReGameDll: isn't available
L 12/05/2023 - 20:03:46: [AMXX] Displaying debug trace (plugin "reapi_dispenser.amxx", version "0.5a")
L 12/05/2023 - 20:03:46: [AMXX] Run time error 10: native error (native "get_member")
L 12/05/2023 - 20:03:46: [AMXX]    [0] reapi_dispenser.sma::@dispenser_create (line 161)
L 12/05/2023 - 20:11:17: [ReAPI] ReGameDll: isn't available
L 12/05/2023 - 20:11:17: [AMXX] Displaying debug trace (plugin "reapi_dispenser.amxx", version "0.5a")
L 12/05/2023 - 20:11:17: [AMXX] Run time error 10: native error (native "rg_find_ent_by_class")
L 12/05/2023 - 20:11:17: [AMXX]    [0] reapi_dispenser.sma::@remove_dispenser_by_owner (line 461)
L 12/05/2023 - 20:11:17: [AMXX]    [1] reapi_dispenser.sma::client_disconnected (line 95)
L 12/05/2023 - 20:11:17: [ReAPI] ReGameDll: isn't available
L 12/05/2023 - 20:11:17: [AMXX] Displaying debug trace (plugin "reapi_dispenser.amxx", version "0.5a")
L 12/05/2023 - 20:11:17: [AMXX] Run time error 10: native error (native "rg_find_ent_by_class")
L 12/05/2023 - 20:11:17: [AMXX]    [0] reapi_dispenser.sma::@remove_dispenser_by_owner (line 461)
L 12/05/2023 - 20:11:17: [AMXX]    [1] reapi_dispenser.sma::client_disconnected (line 95)
L 12/05/2023 - 20:11:17: [ReAPI] ReGameDll: isn't available
L 12/05/2023 - 20:11:17: [AMXX] Displaying debug trace (plugin "reapi_dispenser.amxx", version "0.5a")
L 12/05/2023 - 20:11:17: [AMXX] Run time error 10: native error (native "rg_find_ent_by_class")
L 12/05/2023 - 20:11:17: [AMXX]    [0] reapi_dispenser.sma::@remove_dispenser_by_owner (line 461)
L 12/05/2023 - 20:11:17: [AMXX]    [1] reapi_dispenser.sma::client_disconnected (line 95)
L 12/05/2023 - 20:11:26: Start of error session.
L 12/05/2023 - 20:11:26: Info (map "de_dust2") (file "addons/amxmodx/logs/error_20231205.log")
L 12/05/2023 - 20:11:26: [AMXX] Plugin file open error (plugin "WhoVistServer.amxx")
L 12/05/2023 - 20:11:26: [ReAPI] RegisterHookChain: function (CSGameRules_CleanUpMap) is not available, ReGameDLL required.
L 12/05/2023 - 20:11:26: [AMXX] Displaying debug trace (plugin "reapi_dispenser.amxx", version "0.5a")
L 12/05/2023 - 20:11:26: [AMXX] Run time error 10: native error (native "RegisterHookChain")
L 12/05/2023 - 20:11:26: [AMXX]    [0] reapi_dispenser.sma::plugin_init (line 113)
L 12/05/2023 - 20:14:14: [ReAPI] ReGameDll: isn't available
L 12/05/2023 - 20:14:14: [AMXX] Displaying debug trace (plugin "reapi_dispenser.amxx", version "0.5a")
L 12/05/2023 - 20:14:14: [AMXX] Run time error 10: native error (native "rg_find_ent_by_class")
L 12/05/2023 - 20:14:14: [AMXX]    [0] reapi_dispenser.sma::@remove_dispenser_by_owner (line 460)
L 12/05/2023 - 20:14:14: [AMXX]    [1] reapi_dispenser.sma::client_disconnected (line 94)
L 12/05/2023 - 20:31:36: [ReAPI] ReGameDll: isn't available
L 12/05/2023 - 20:31:36: [AMXX] Displaying debug trace (plugin "reapi_dispenser.amxx", version "0.5a")
L 12/05/2023 - 20:31:36: [AMXX] Run time error 10: native error (native "rg_find_ent_by_class")
L 12/05/2023 - 20:31:36: [AMXX]    [0] reapi_dispenser.sma::@remove_dispenser_by_owner (line 460)
L 12/05/2023 - 20:31:36: [AMXX]    [1] reapi_dispenser.sma::client_disconnected (line 94)
L 12/05/2023 - 20:31:36: [ReAPI] ReGameDll: isn't available
L 12/05/2023 - 20:31:36: [AMXX] Displaying debug trace (plugin "reapi_dispenser.amxx", version "0.5a")
L 12/05/2023 - 20:31:36: [AMXX] Run time error 10: native error (native "rg_find_ent_by_class")
L 12/05/2023 - 20:31:36: [AMXX]    [0] reapi_dispenser.sma::@remove_dispenser_by_owner (line 460)
L 12/05/2023 - 20:31:36: [AMXX]    [1] reapi_dispenser.sma::client_disconnected (line 94)
L 12/05/2023 - 20:31:36: [ReAPI] ReGameDll: isn't available
L 12/05/2023 - 20:31:36: [AMXX] Displaying debug trace (plugin "reapi_dispenser.amxx", version "0.5a")
L 12/05/2023 - 20:31:36: [AMXX] Run time error 10: native error (native "rg_find_ent_by_class")
L 12/05/2023 - 20:31:36: [AMXX]    [0] reapi_dispenser.sma::@remove_dispenser_by_owner (line 460)
L 12/05/2023 - 20:31:36: [AMXX]    [1] reapi_dispenser.sma::client_disconnected (line 94)
L 12/05/2023 - 20:31:37: Start of error session.
L 12/05/2023 - 20:31:37: Info (map "de_airstrip") (file "addons/amxmodx/logs/error_20231205.log")
L 12/05/2023 - 20:31:37: [AMXX] Plugin file open error (plugin "WhoVistServer.amxx")
L 12/05/2023 - 20:31:37: [ReAPI] RegisterHookChain: function (CSGameRules_CleanUpMap) is not available, ReGameDLL required.
L 12/05/2023 - 20:31:37: [AMXX] Displaying debug trace (plugin "reapi_dispenser.amxx", version "0.5a")
L 12/05/2023 - 20:31:37: [AMXX] Run time error 10: native error (native "RegisterHookChain")
L 12/05/2023 - 20:31:37: [AMXX]    [0] reapi_dispenser.sma::plugin_init (line 113)
L 12/05/2023 - 20:51:46: [ReAPI] ReGameDll: isn't available
L 12/05/2023 - 20:51:46: [AMXX] Displaying debug trace (plugin "reapi_dispenser.amxx", version "0.5a")
L 12/05/2023 - 20:51:46: [AMXX] Run time error 10: native error (native "rg_find_ent_by_class")
L 12/05/2023 - 20:51:46: [AMXX]    [0] reapi_dispenser.sma::@remove_dispenser_by_owner (line 460)
L 12/05/2023 - 20:51:46: [AMXX]    [1] reapi_dispenser.sma::client_disconnected (line 94)
L 12/05/2023 - 20:51:46: [ReAPI] ReGameDll: isn't available
L 12/05/2023 - 20:51:46: [AMXX] Displaying debug trace (plugin "reapi_dispenser.amxx", version "0.5a")
L 12/05/2023 - 20:51:46: [AMXX] Run time error 10: native error (native "rg_find_ent_by_class")
L 12/05/2023 - 20:51:46: [AMXX]    [0] reapi_dispenser.sma::@remove_dispenser_by_owner (line 460)
L 12/05/2023 - 20:51:46: [AMXX]    [1] reapi_dispenser.sma::client_disconnected (line 94)
L 12/05/2023 - 20:51:46: [ReAPI] ReGameDll: isn't available
L 12/05/2023 - 20:51:46: [AMXX] Displaying debug trace (plugin "reapi_dispenser.amxx", version "0.5a")
L 12/05/2023 - 20:51:46: [AMXX] Run time error 10: native error (native "rg_find_ent_by_class")
L 12/05/2023 - 20:51:46: [AMXX]    [0] reapi_dispenser.sma::@remove_dispenser_by_owner (line 460)
L 12/05/2023 - 20:51:46: [AMXX]    [1] reapi_dispenser.sma::client_disconnected (line 94)
L 12/05/2023 - 20:51:47: Start of error session.
L 12/05/2023 - 20:51:47: Info (map "cs_havana") (file "addons/amxmodx/logs/error_20231205.log")
L 12/05/2023 - 20:51:47: [AMXX] Plugin file open error (plugin "WhoVistServer.amxx")
L 12/05/2023 - 20:51:47: [ReAPI] RegisterHookChain: function (CSGameRules_CleanUpMap) is not available, ReGameDLL required.
L 12/05/2023 - 20:51:47: [AMXX] Displaying debug trace (plugin "reapi_dispenser.amxx", version "0.5a")
L 12/05/2023 - 20:51:47: [AMXX] Run time error 10: native error (native "RegisterHookChain")
L 12/05/2023 - 20:51:47: [AMXX]    [0] reapi_dispenser.sma::plugin_init (line 113)
L 12/05/2023 - 21:11:56: [ReAPI] ReGameDll: isn't available
L 12/05/2023 - 21:11:56: [AMXX] Displaying debug trace (plugin "reapi_dispenser.amxx", version "0.5a")
L 12/05/2023 - 21:11:56: [AMXX] Run time error 10: native error (native "rg_find_ent_by_class")
L 12/05/2023 - 21:11:56: [AMXX]    [0] reapi_dispenser.sma::@remove_dispenser_by_owner (line 460)
L 12/05/2023 - 21:11:56: [AMXX]    [1] reapi_dispenser.sma::client_disconnected (line 94)
L 12/05/2023 - 21:11:56: [ReAPI] ReGameDll: isn't available
L 12/05/2023 - 21:11:56: [AMXX] Displaying debug trace (plugin "reapi_dispenser.amxx", version "0.5a")
L 12/05/2023 - 21:11:56: [AMXX] Run time error 10: native error (native "rg_find_ent_by_class")
L 12/05/2023 - 21:11:56: [AMXX]    [0] reapi_dispenser.sma::@remove_dispenser_by_owner (line 460)
L 12/05/2023 - 21:11:56: [AMXX]    [1] reapi_dispenser.sma::client_disconnected (line 94)
L 12/05/2023 - 21:11:56: [ReAPI] ReGameDll: isn't available
L 12/05/2023 - 21:11:56: [AMXX] Displaying debug trace (plugin "reapi_dispenser.amxx", version "0.5a")
L 12/05/2023 - 21:11:56: [AMXX] Run time error 10: native error (native "rg_find_ent_by_class")
L 12/05/2023 - 21:11:56: [AMXX]    [0] reapi_dispenser.sma::@remove_dispenser_by_owner (line 460)
L 12/05/2023 - 21:11:56: [AMXX]    [1] reapi_dispenser.sma::client_disconnected (line 94)
L 12/05/2023 - 21:11:56: Start of error session.
L 12/05/2023 - 21:11:56: Info (map "de_chateau") (file "addons/amxmodx/logs/error_20231205.log")
L 12/05/2023 - 21:11:56: [AMXX] Plugin file open error (plugin "WhoVistServer.amxx")
L 12/05/2023 - 21:11:57: [ReAPI] RegisterHookChain: function (CSGameRules_CleanUpMap) is not available, ReGameDLL required.
L 12/05/2023 - 21:11:57: [AMXX] Displaying debug trace (plugin "reapi_dispenser.amxx", version "0.5a")
L 12/05/2023 - 21:11:57: [AMXX] Run time error 10: native error (native "RegisterHookChain")
L 12/05/2023 - 21:11:57: [AMXX]    [0] reapi_dispenser.sma::plugin_init (line 113)
L 12/05/2023 - 21:32:05: [ReAPI] ReGameDll: isn't available
L 12/05/2023 - 21:32:05: [AMXX] Displaying debug trace (plugin "reapi_dispenser.amxx", version "0.5a")
L 12/05/2023 - 21:32:05: [AMXX] Run time error 10: native error (native "rg_find_ent_by_class")
L 12/05/2023 - 21:32:05: [AMXX]    [0] reapi_dispenser.sma::@remove_dispenser_by_owner (line 460)
L 12/05/2023 - 21:32:05: [AMXX]    [1] reapi_dispenser.sma::client_disconnected (line 94)
L 12/05/2023 - 21:32:05: [ReAPI] ReGameDll: isn't available
L 12/05/2023 - 21:32:05: [AMXX] Displaying debug trace (plugin "reapi_dispenser.amxx", version "0.5a")
L 12/05/2023 - 21:32:05: [AMXX] Run time error 10: native error (native "rg_find_ent_by_class")
L 12/05/2023 - 21:32:05: [AMXX]    [0] reapi_dispenser.sma::@remove_dispenser_by_owner (line 460)
L 12/05/2023 - 21:32:05: [AMXX]    [1] reapi_dispenser.sma::client_disconnected (line 94)
L 12/05/2023 - 21:32:05: [ReAPI] ReGameDll: isn't available
L 12/05/2023 - 21:32:05: [AMXX] Displaying debug trace (plugin "reapi_dispenser.amxx", version "0.5a")
L 12/05/2023 - 21:32:05: [AMXX] Run time error 10: native error (native "rg_find_ent_by_class")
L 12/05/2023 - 21:32:05: [AMXX]    [0] reapi_dispenser.sma::@remove_dispenser_by_owner (line 460)
L 12/05/2023 - 21:32:05: [AMXX]    [1] reapi_dispenser.sma::client_disconnected (line 94)
L 12/05/2023 - 21:32:06: Start of error session.
L 12/05/2023 - 21:32:06: Info (map "de_aztec") (file "addons/amxmodx/logs/error_20231205.log")
L 12/05/2023 - 21:32:06: [AMXX] Plugin file open error (plugin "WhoVistServer.amxx")
L 12/05/2023 - 21:32:06: [ReAPI] RegisterHookChain: function (CSGameRules_CleanUpMap) is not available, ReGameDLL required.
L 12/05/2023 - 21:32:06: [AMXX] Displaying debug trace (plugin "reapi_dispenser.amxx", version "0.5a")
L 12/05/2023 - 21:32:06: [AMXX] Run time error 10: native error (native "RegisterHookChain")
L 12/05/2023 - 21:32:06: [AMXX]    [0] reapi_dispenser.sma::plugin_init (line 113)
L 12/05/2023 - 21:52:15: [ReAPI] ReGameDll: isn't available
L 12/05/2023 - 21:52:15: [AMXX] Displaying debug trace (plugin "reapi_dispenser.amxx", version "0.5a")
L 12/05/2023 - 21:52:15: [AMXX] Run time error 10: native error (native "rg_find_ent_by_class")
L 12/05/2023 - 21:52:15: [AMXX]    [0] reapi_dispenser.sma::@remove_dispenser_by_owner (line 460)
L 12/05/2023 - 21:52:15: [AMXX]    [1] reapi_dispenser.sma::client_disconnected (line 94)
L 12/05/2023 - 21:52:15: [ReAPI] ReGameDll: isn't available
L 12/05/2023 - 21:52:15: [AMXX] Displaying debug trace (plugin "reapi_dispenser.amxx", version "0.5a")
L 12/05/2023 - 21:52:15: [AMXX] Run time error 10: native error (native "rg_find_ent_by_class")
L 12/05/2023 - 21:52:15: [AMXX]    [0] reapi_dispenser.sma::@remove_dispenser_by_owner (line 460)
L 12/05/2023 - 21:52:15: [AMXX]    [1] reapi_dispenser.sma::client_disconnected (line 94)
L 12/05/2023 - 21:52:15: [ReAPI] ReGameDll: isn't available
L 12/05/2023 - 21:52:15: [AMXX] Displaying debug trace (plugin "reapi_dispenser.amxx", version "0.5a")
L 12/05/2023 - 21:52:15: [AMXX] Run time error 10: native error (native "rg_find_ent_by_class")
L 12/05/2023 - 21:52:15: [AMXX]    [0] reapi_dispenser.sma::@remove_dispenser_by_owner (line 460)
L 12/05/2023 - 21:52:15: [AMXX]    [1] reapi_dispenser.sma::client_disconnected (line 94)
L 12/05/2023 - 21:52:15: Start of error session.
L 12/05/2023 - 21:52:15: Info (map "as_oilrig") (file "addons/amxmodx/logs/error_20231205.log")
L 12/05/2023 - 21:52:15: [AMXX] Plugin file open error (plugin "WhoVistServer.amxx")
L 12/05/2023 - 21:52:16: [ReAPI] RegisterHookChain: function (CSGameRules_CleanUpMap) is not available, ReGameDLL required.
L 12/05/2023 - 21:52:16: [AMXX] Displaying debug trace (plugin "reapi_dispenser.amxx", version "0.5a")
L 12/05/2023 - 21:52:16: [AMXX] Run time error 10: native error (native "RegisterHookChain")
L 12/05/2023 - 21:52:16: [AMXX]    [0] reapi_dispenser.sma::plugin_init (line 113)
L 12/05/2023 - 22:12:24: [ReAPI] ReGameDll: isn't available
L 12/05/2023 - 22:12:24: [AMXX] Displaying debug trace (plugin "reapi_dispenser.amxx", version "0.5a")
L 12/05/2023 - 22:12:24: [AMXX] Run time error 10: native error (native "rg_find_ent_by_class")
L 12/05/2023 - 22:12:24: [AMXX]    [0] reapi_dispenser.sma::@remove_dispenser_by_owner (line 460)
L 12/05/2023 - 22:12:25: [AMXX]    [1] reapi_dispenser.sma::client_disconnected (line 94)
L 12/05/2023 - 22:12:25: [ReAPI] ReGameDll: isn't available
L 12/05/2023 - 22:12:25: [AMXX] Displaying debug trace (plugin "reapi_dispenser.amxx", version "0.5a")
L 12/05/2023 - 22:12:25: [AMXX] Run time error 10: native error (native "rg_find_ent_by_class")
L 12/05/2023 - 22:12:25: [AMXX]    [0] reapi_dispenser.sma::@remove_dispenser_by_owner (line 460)
L 12/05/2023 - 22:12:25: [AMXX]    [1] reapi_dispenser.sma::client_disconnected (line 94)
L 12/05/2023 - 22:12:25: [ReAPI] ReGameDll: isn't available
L 12/05/2023 - 22:12:25: [AMXX] Displaying debug trace (plugin "reapi_dispenser.amxx", version "0.5a")
L 12/05/2023 - 22:12:25: [AMXX] Run time error 10: native error (native "rg_find_ent_by_class")
L 12/05/2023 - 22:12:25: [AMXX]    [0] reapi_dispenser.sma::@remove_dispenser_by_owner (line 460)
L 12/05/2023 - 22:12:25: [AMXX]    [1] reapi_dispenser.sma::client_disconnected (line 94)
L 12/05/2023 - 22:12:25: Start of error session.
L 12/05/2023 - 22:12:25: Info (map "cs_siege") (file "addons/amxmodx/logs/error_20231205.log")
L 12/05/2023 - 22:12:25: [AMXX] Plugin file open error (plugin "WhoVistServer.amxx")
L 12/05/2023 - 22:12:26: [ReAPI] RegisterHookChain: function (CSGameRules_CleanUpMap) is not available, ReGameDLL required.
L 12/05/2023 - 22:12:26: [AMXX] Displaying debug trace (plugin "reapi_dispenser.amxx", version "0.5a")
L 12/05/2023 - 22:12:26: [AMXX] Run time error 10: native error (native "RegisterHookChain")
L 12/05/2023 - 22:12:26: [AMXX]    [0] reapi_dispenser.sma::plugin_init (line 113)
L 12/05/2023 - 22:23:57: [ReAPI] ReGameDll: isn't available
L 12/05/2023 - 22:23:57: [AMXX] Displaying debug trace (plugin "reapi_dispenser.amxx", version "0.5a")
L 12/05/2023 - 22:23:57: [AMXX] Run time error 10: native error (native "rg_find_ent_by_class")
L 12/05/2023 - 22:23:57: [AMXX]    [0] reapi_dispenser.sma::@remove_dispenser_by_owner (line 460)
L 12/05/2023 - 22:23:57: [AMXX]    [1] reapi_dispenser.sma::client_disconnected (line 94)
L 12/05/2023 - 22:23:57: [ReAPI] ReGameDll: isn't available
L 12/05/2023 - 22:23:57: [AMXX] Displaying debug trace (plugin "reapi_dispenser.amxx", version "0.5a")
L 12/05/2023 - 22:23:57: [AMXX] Run time error 10: native error (native "rg_find_ent_by_class")
L 12/05/2023 - 22:23:57: [AMXX]    [0] reapi_dispenser.sma::@remove_dispenser_by_owner (line 460)
L 12/05/2023 - 22:23:57: [AMXX]    [1] reapi_dispenser.sma::client_disconnected (line 94)
L 12/05/2023 - 22:23:57: [ReAPI] ReGameDll: isn't available
L 12/05/2023 - 22:23:57: [AMXX] Displaying debug trace (plugin "reapi_dispenser.amxx", version "0.5a")
L 12/05/2023 - 22:23:57: [AMXX] Run time error 10: native error (native "rg_find_ent_by_class")
L 12/05/2023 - 22:23:57: [AMXX]    [0] reapi_dispenser.sma::@remove_dispenser_by_owner (line 460)
L 12/05/2023 - 22:23:57: [AMXX]    [1] reapi_dispenser.sma::client_disconnected (line 94)
L 12/05/2023 - 22:23:57: Start of error session.
L 12/05/2023 - 22:23:57: Info (map "de_dust2") (file "addons/amxmodx/logs/error_20231205.log")
L 12/05/2023 - 22:23:57: [AMXX] Plugin file open error (plugin "WhoVistServer.amxx")
L 12/05/2023 - 22:23:58: [ReAPI] RegisterHookChain: function (CSGameRules_CleanUpMap) is not available, ReGameDLL required.
L 12/05/2023 - 22:23:58: [AMXX] Displaying debug trace (plugin "reapi_dispenser.amxx", version "0.5a")
L 12/05/2023 - 22:23:58: [AMXX] Run time error 10: native error (native "RegisterHookChain")
L 12/05/2023 - 22:23:58: [AMXX]    [0] reapi_dispenser.sma::plugin_init (line 113)
L 12/05/2023 - 22:23:59: [ReAPI] ReGameDll: isn't available
L 12/05/2023 - 22:23:59: [AMXX] Displaying debug trace (plugin "reapi_dispenser.amxx", version "0.5a")
L 12/05/2023 - 22:23:59: [AMXX] Run time error 10: native error (native "rg_find_ent_by_class")
L 12/05/2023 - 22:23:59: [AMXX]    [0] reapi_dispenser.sma::@remove_dispenser_by_owner (line 460)
L 12/05/2023 - 22:23:59: [AMXX]    [1] reapi_dispenser.sma::client_disconnected (line 94)
L 12/05/2023 - 22:44:08: [ReAPI] ReGameDll: isn't available
L 12/05/2023 - 22:44:08: [AMXX] Displaying debug trace (plugin "reapi_dispenser.amxx", version "0.5a")
L 12/05/2023 - 22:44:08: [AMXX] Run time error 10: native error (native "rg_find_ent_by_class")
L 12/05/2023 - 22:44:08: [AMXX]    [0] reapi_dispenser.sma::@remove_dispenser_by_owner (line 460)
L 12/05/2023 - 22:44:08: [AMXX]    [1] reapi_dispenser.sma::client_disconnected (line 94)
L 12/05/2023 - 22:44:08: [ReAPI] ReGameDll: isn't available
L 12/05/2023 - 22:44:08: [AMXX] Displaying debug trace (plugin "reapi_dispenser.amxx", version "0.5a")
L 12/05/2023 - 22:44:08: [AMXX] Run time error 10: native error (native "rg_find_ent_by_class")
L 12/05/2023 - 22:44:08: [AMXX]    [0] reapi_dispenser.sma::@remove_dispenser_by_owner (line 460)
L 12/05/2023 - 22:44:08: [AMXX]    [1] reapi_dispenser.sma::client_disconnected (line 94)
L 12/05/2023 - 22:44:08: [ReAPI] ReGameDll: isn't available
L 12/05/2023 - 22:44:08: [AMXX] Displaying debug trace (plugin "reapi_dispenser.amxx", version "0.5a")
L 12/05/2023 - 22:44:08: [AMXX] Run time error 10: native error (native "rg_find_ent_by_class")
L 12/05/2023 - 22:44:08: [AMXX]    [0] reapi_dispenser.sma::@remove_dispenser_by_owner (line 460)
L 12/05/2023 - 22:44:08: [AMXX]    [1] reapi_dispenser.sma::client_disconnected (line 94)
L 12/05/2023 - 22:44:11: Start of error session.
L 12/05/2023 - 22:44:11: Info (map "de_dust") (file "addons/amxmodx/logs/error_20231205.log")
L 12/05/2023 - 22:44:11: [AMXX] Plugin file open error (plugin "WhoVistServer.amxx")
L 12/05/2023 - 22:44:18: [ReAPI] RegisterHookChain: function (CSGameRules_CleanUpMap) is not available, ReGameDLL required.
L 12/05/2023 - 22:44:18: [AMXX] Displaying debug trace (plugin "reapi_dispenser.amxx", version "0.5a")
L 12/05/2023 - 22:44:18: [AMXX] Run time error 10: native error (native "RegisterHookChain")
L 12/05/2023 - 22:44:18: [AMXX]    [0] reapi_dispenser.sma::plugin_init (line 113)
L 12/05/2023 - 23:04:26: [ReAPI] ReGameDll: isn't available
L 12/05/2023 - 23:04:26: [AMXX] Displaying debug trace (plugin "reapi_dispenser.amxx", version "0.5a")
L 12/05/2023 - 23:04:27: [AMXX] Run time error 10: native error (native "rg_find_ent_by_class")
L 12/05/2023 - 23:04:27: [AMXX]    [0] reapi_dispenser.sma::@remove_dispenser_by_owner (line 460)
L 12/05/2023 - 23:04:27: [AMXX]    [1] reapi_dispenser.sma::client_disconnected (line 94)
L 12/05/2023 - 23:04:27: [ReAPI] ReGameDll: isn't available
L 12/05/2023 - 23:04:27: [AMXX] Displaying debug trace (plugin "reapi_dispenser.amxx", version "0.5a")
L 12/05/2023 - 23:04:27: [AMXX] Run time error 10: native error (native "rg_find_ent_by_class")
L 12/05/2023 - 23:04:27: [AMXX]    [0] reapi_dispenser.sma::@remove_dispenser_by_owner (line 460)
L 12/05/2023 - 23:04:27: [AMXX]    [1] reapi_dispenser.sma::client_disconnected (line 94)
L 12/05/2023 - 23:04:27: [ReAPI] ReGameDll: isn't available
L 12/05/2023 - 23:04:27: [AMXX] Displaying debug trace (plugin "reapi_dispenser.amxx", version "0.5a")
L 12/05/2023 - 23:04:27: [AMXX] Run time error 10: native error (native "rg_find_ent_by_class")
L 12/05/2023 - 23:04:27: [AMXX]    [0] reapi_dispenser.sma::@remove_dispenser_by_owner (line 460)
L 12/05/2023 - 23:04:27: [AMXX]    [1] reapi_dispenser.sma::client_disconnected (line 94)
L 12/05/2023 - 23:04:27: Start of error session.
L 12/05/2023 - 23:04:27: Info (map "cs_747") (file "addons/amxmodx/logs/error_20231205.log")
L 12/05/2023 - 23:04:27: [AMXX] Plugin file open error (plugin "WhoVistServer.amxx")
L 12/05/2023 - 23:04:28: [ReAPI] RegisterHookChain: function (CSGameRules_CleanUpMap) is not available, ReGameDLL required.
L 12/05/2023 - 23:04:28: [AMXX] Displaying debug trace (plugin "reapi_dispenser.amxx", version "0.5a")
L 12/05/2023 - 23:04:28: [AMXX] Run time error 10: native error (native "RegisterHookChain")
L 12/05/2023 - 23:04:28: [AMXX]    [0] reapi_dispenser.sma::plugin_init (line 113)
L 12/05/2023 - 23:24:36: [ReAPI] ReGameDll: isn't available
L 12/05/2023 - 23:24:36: [AMXX] Displaying debug trace (plugin "reapi_dispenser.amxx", version "0.5a")
L 12/05/2023 - 23:24:36: [AMXX] Run time error 10: native error (native "rg_find_ent_by_class")
L 12/05/2023 - 23:24:36: [AMXX]    [0] reapi_dispenser.sma::@remove_dispenser_by_owner (line 460)
L 12/05/2023 - 23:24:36: [AMXX]    [1] reapi_dispenser.sma::client_disconnected (line 94)
L 12/05/2023 - 23:24:36: [ReAPI] ReGameDll: isn't available
L 12/05/2023 - 23:24:36: [AMXX] Displaying debug trace (plugin "reapi_dispenser.amxx", version "0.5a")
L 12/05/2023 - 23:24:36: [AMXX] Run time error 10: native error (native "rg_find_ent_by_class")
L 12/05/2023 - 23:24:36: [AMXX]    [0] reapi_dispenser.sma::@remove_dispenser_by_owner (line 460)
L 12/05/2023 - 23:24:36: [AMXX]    [1] reapi_dispenser.sma::client_disconnected (line 94)
L 12/05/2023 - 23:24:36: [ReAPI] ReGameDll: isn't available
L 12/05/2023 - 23:24:36: [AMXX] Displaying debug trace (plugin "reapi_dispenser.amxx", version "0.5a")
L 12/05/2023 - 23:24:36: [AMXX] Run time error 10: native error (native "rg_find_ent_by_class")
L 12/05/2023 - 23:24:36: [AMXX]    [0] reapi_dispenser.sma::@remove_dispenser_by_owner (line 460)
L 12/05/2023 - 23:24:37: [AMXX]    [1] reapi_dispenser.sma::client_disconnected (line 94)
L 12/05/2023 - 23:24:37: Start of error session.
L 12/05/2023 - 23:24:37: Info (map "de_prodigy") (file "addons/amxmodx/logs/error_20231205.log")
L 12/05/2023 - 23:24:37: [AMXX] Plugin file open error (plugin "WhoVistServer.amxx")
L 12/05/2023 - 23:24:38: [ReAPI] RegisterHookChain: function (CSGameRules_CleanUpMap) is not available, ReGameDLL required.
L 12/05/2023 - 23:24:38: [AMXX] Displaying debug trace (plugin "reapi_dispenser.amxx", version "0.5a")
L 12/05/2023 - 23:24:38: [AMXX] Run time error 10: native error (native "RegisterHookChain")
L 12/05/2023 - 23:24:38: [AMXX]    [0] reapi_dispenser.sma::plugin_init (line 113)
L 12/05/2023 - 23:24:39: [ReAPI] ReGameDll: isn't available
L 12/05/2023 - 23:24:39: [AMXX] Displaying debug trace (plugin "reapi_dispenser.amxx", version "0.5a")
L 12/05/2023 - 23:24:39: [AMXX] Run time error 10: native error (native "rg_find_ent_by_class")
L 12/05/2023 - 23:24:39: [AMXX]    [0] reapi_dispenser.sma::@remove_dispenser_by_owner (line 460)
L 12/05/2023 - 23:24:39: [AMXX]    [1] reapi_dispenser.sma::client_disconnected (line 94)
L 12/05/2023 - 23:44:46: [ReAPI] ReGameDll: isn't available
L 12/05/2023 - 23:44:46: [AMXX] Displaying debug trace (plugin "reapi_dispenser.amxx", version "0.5a")
L 12/05/2023 - 23:44:46: [AMXX] Run time error 10: native error (native "rg_find_ent_by_class")
L 12/05/2023 - 23:44:46: [AMXX]    [0] reapi_dispenser.sma::@remove_dispenser_by_owner (line 460)
L 12/05/2023 - 23:44:46: [AMXX]    [1] reapi_dispenser.sma::client_disconnected (line 94)
L 12/05/2023 - 23:44:46: [ReAPI] ReGameDll: isn't available
L 12/05/2023 - 23:44:46: [AMXX] Displaying debug trace (plugin "reapi_dispenser.amxx", version "0.5a")
L 12/05/2023 - 23:44:46: [AMXX] Run time error 10: native error (native "rg_find_ent_by_class")
L 12/05/2023 - 23:44:46: [AMXX]    [0] reapi_dispenser.sma::@remove_dispenser_by_owner (line 460)
L 12/05/2023 - 23:44:46: [AMXX]    [1] reapi_dispenser.sma::client_disconnected (line 94)
L 12/05/2023 - 23:44:47: [ReAPI] ReGameDll: isn't available
L 12/05/2023 - 23:44:47: [AMXX] Displaying debug trace (plugin "reapi_dispenser.amxx", version "0.5a")
L 12/05/2023 - 23:44:47: [AMXX] Run time error 10: native error (native "rg_find_ent_by_class")
L 12/05/2023 - 23:44:47: [AMXX]    [0] reapi_dispenser.sma::@remove_dispenser_by_owner (line 460)
L 12/05/2023 - 23:44:47: [AMXX]    [1] reapi_dispenser.sma::client_disconnected (line 94)
L 12/05/2023 - 23:44:47: Start of error session.
L 12/05/2023 - 23:44:47: Info (map "cs_assault") (file "addons/amxmodx/logs/error_20231205.log")
L 12/05/2023 - 23:44:47: [AMXX] Plugin file open error (plugin "WhoVistServer.amxx")
L 12/05/2023 - 23:44:48: [ReAPI] RegisterHookChain: function (CSGameRules_CleanUpMap) is not available, ReGameDLL required.
L 12/05/2023 - 23:44:48: [AMXX] Displaying debug trace (plugin "reapi_dispenser.amxx", version "0.5a")
L 12/05/2023 - 23:44:48: [AMXX] Run time error 10: native error (native "RegisterHookChain")
L 12/05/2023 - 23:44:48: [AMXX]    [0] reapi_dispenser.sma::plugin_init (line 113)
